2020-09-08 00:58:37.315 [main]  INFO  cn.oasys.web.OasysApplicationTest - No active profile set, falling back to default profiles: default
2020-09-08 00:58:38.397 [main]  INFO  o.springframework.cloud.context.scope.GenericScope - BeanFactory id=80dd093e-7ca3-3489-abc9-b44db71b0b0e
2020-09-08 00:58:40.604 [main]  WARN  com.netflix.config.sources.URLConfigurationSource - No URLs will be polled as dynamic configuration sources.
2020-09-08 00:58:40.604 [main]  INFO  com.netflix.config.sources.URLConfigurationSource - To enable URLs as dynamic configuration sources, define System property archaius.configurationSource.additionalUrls or make config.properties available on classpath.
2020-09-08 00:58:40.614 [main]  WARN  com.netflix.config.sources.URLConfigurationSource - No URLs will be polled as dynamic configuration sources.
2020-09-08 00:58:40.614 [main]  INFO  com.netflix.config.sources.URLConfigurationSource - To enable URLs as dynamic configuration sources, define System property archaius.configurationSource.additionalUrls or make config.properties available on classpath.
2020-09-08 00:58:40.991 [main]  INFO  o.s.scheduling.concurrent.ThreadPoolTaskExecutor - Initializing ExecutorService 'applicationTaskExecutor'
2020-09-08 00:58:41.408 [main]  WARN  org.thymeleaf.templatemode.TemplateMode - [THYMELEAF][main] Template Mode 'HTML5' is deprecated. Using Template Mode 'HTML' instead.
2020-09-08 00:58:42.366 [main]  INFO  cn.oasys.web.OasysApplicationTest - Started OasysApplicationTest in 6.771 seconds (JVM running for 8.313)
2020-09-08 00:58:43.251 [SpringContextShutdownHook]  INFO  o.s.scheduling.concurrent.ThreadPoolTaskExecutor - Shutting down ExecutorService 'applicationTaskExecutor'
2020-09-08 01:01:50.364 [main]  INFO  cn.oasys.web.OasysApplicationTest - No active profile set, falling back to default profiles: default
2020-09-08 01:01:51.502 [main]  INFO  o.springframework.cloud.context.scope.GenericScope - BeanFactory id=80dd093e-7ca3-3489-abc9-b44db71b0b0e
2020-09-08 01:01:54.076 [main]  WARN  com.netflix.config.sources.URLConfigurationSource - No URLs will be polled as dynamic configuration sources.
2020-09-08 01:01:54.077 [main]  INFO  com.netflix.config.sources.URLConfigurationSource - To enable URLs as dynamic configuration sources, define System property archaius.configurationSource.additionalUrls or make config.properties available on classpath.
2020-09-08 01:01:54.090 [main]  WARN  com.netflix.config.sources.URLConfigurationSource - No URLs will be polled as dynamic configuration sources.
2020-09-08 01:01:54.090 [main]  INFO  com.netflix.config.sources.URLConfigurationSource - To enable URLs as dynamic configuration sources, define System property archaius.configurationSource.additionalUrls or make config.properties available on classpath.
2020-09-08 01:01:54.731 [main]  INFO  o.s.scheduling.concurrent.ThreadPoolTaskExecutor - Initializing ExecutorService 'applicationTaskExecutor'
2020-09-08 01:01:55.206 [main]  WARN  org.thymeleaf.templatemode.TemplateMode - [THYMELEAF][main] Template Mode 'HTML5' is deprecated. Using Template Mode 'HTML' instead.
2020-09-08 01:01:56.214 [main]  INFO  cn.oasys.web.OasysApplicationTest - Started OasysApplicationTest in 7.534 seconds (JVM running for 8.849)
2020-09-08 01:02:17.648 [SpringContextShutdownHook]  INFO  o.s.scheduling.concurrent.ThreadPoolTaskExecutor - Shutting down ExecutorService 'applicationTaskExecutor'
2020-09-08 01:03:01.517 [main]  INFO  cn.oasys.web.OasysApplicationTest - No active profile set, falling back to default profiles: default
2020-09-08 01:03:02.613 [main]  INFO  o.springframework.cloud.context.scope.GenericScope - BeanFactory id=80dd093e-7ca3-3489-abc9-b44db71b0b0e
2020-09-08 01:03:05.192 [main]  WARN  com.netflix.config.sources.URLConfigurationSource - No URLs will be polled as dynamic configuration sources.
2020-09-08 01:03:05.193 [main]  INFO  com.netflix.config.sources.URLConfigurationSource - To enable URLs as dynamic configuration sources, define System property archaius.configurationSource.additionalUrls or make config.properties available on classpath.
2020-09-08 01:03:05.206 [main]  WARN  com.netflix.config.sources.URLConfigurationSource - No URLs will be polled as dynamic configuration sources.
2020-09-08 01:03:05.207 [main]  INFO  com.netflix.config.sources.URLConfigurationSource - To enable URLs as dynamic configuration sources, define System property archaius.configurationSource.additionalUrls or make config.properties available on classpath.
2020-09-08 01:03:05.718 [main]  INFO  o.s.scheduling.concurrent.ThreadPoolTaskExecutor - Initializing ExecutorService 'applicationTaskExecutor'
2020-09-08 01:03:06.070 [main]  WARN  org.thymeleaf.templatemode.TemplateMode - [THYMELEAF][main] Template Mode 'HTML5' is deprecated. Using Template Mode 'HTML' instead.
2020-09-08 01:03:06.944 [main]  INFO  cn.oasys.web.OasysApplicationTest - Started OasysApplicationTest in 7.067 seconds (JVM running for 8.389)
2020-09-08 01:03:28.344 [SpringContextShutdownHook]  INFO  o.s.scheduling.concurrent.ThreadPoolTaskExecutor - Shutting down ExecutorService 'applicationTaskExecutor'
2020-09-08 01:06:09.648 [main]  INFO  cn.oasys.web.OasysApplicationTest - No active profile set, falling back to default profiles: default
2020-09-08 01:06:10.829 [main]  INFO  o.springframework.cloud.context.scope.GenericScope - BeanFactory id=80dd093e-7ca3-3489-abc9-b44db71b0b0e
2020-09-08 01:06:13.296 [main]  WARN  com.netflix.config.sources.URLConfigurationSource - No URLs will be polled as dynamic configuration sources.
2020-09-08 01:06:13.297 [main]  INFO  com.netflix.config.sources.URLConfigurationSource - To enable URLs as dynamic configuration sources, define System property archaius.configurationSource.additionalUrls or make config.properties available on classpath.
2020-09-08 01:06:13.309 [main]  WARN  com.netflix.config.sources.URLConfigurationSource - No URLs will be polled as dynamic configuration sources.
2020-09-08 01:06:13.310 [main]  INFO  com.netflix.config.sources.URLConfigurationSource - To enable URLs as dynamic configuration sources, define System property archaius.configurationSource.additionalUrls or make config.properties available on classpath.
2020-09-08 01:06:14.115 [main]  INFO  o.s.scheduling.concurrent.ThreadPoolTaskExecutor - Initializing ExecutorService 'applicationTaskExecutor'
2020-09-08 01:06:14.537 [main]  WARN  org.thymeleaf.templatemode.TemplateMode - [THYMELEAF][main] Template Mode 'HTML5' is deprecated. Using Template Mode 'HTML' instead.
2020-09-08 01:06:15.527 [main]  INFO  cn.oasys.web.OasysApplicationTest - Started OasysApplicationTest in 7.826 seconds (JVM running for 9.116)
2020-09-08 01:06:22.231 [SpringContextShutdownHook]  INFO  o.s.scheduling.concurrent.ThreadPoolTaskExecutor - Shutting down ExecutorService 'applicationTaskExecutor'
2020-09-08 01:22:19.085 [main]  INFO  cn.oasys.web.OasysApplicationTest - No active profile set, falling back to default profiles: default
2020-09-08 01:22:20.165 [main]  INFO  o.springframework.cloud.context.scope.GenericScope - BeanFactory id=80dd093e-7ca3-3489-abc9-b44db71b0b0e
2020-09-08 01:22:22.151 [main]  WARN  com.netflix.config.sources.URLConfigurationSource - No URLs will be polled as dynamic configuration sources.
2020-09-08 01:22:22.151 [main]  INFO  com.netflix.config.sources.URLConfigurationSource - To enable URLs as dynamic configuration sources, define System property archaius.configurationSource.additionalUrls or make config.properties available on classpath.
2020-09-08 01:22:22.162 [main]  WARN  com.netflix.config.sources.URLConfigurationSource - No URLs will be polled as dynamic configuration sources.
2020-09-08 01:22:22.162 [main]  INFO  com.netflix.config.sources.URLConfigurationSource - To enable URLs as dynamic configuration sources, define System property archaius.configurationSource.additionalUrls or make config.properties available on classpath.
2020-09-08 01:22:22.576 [main]  INFO  o.s.scheduling.concurrent.ThreadPoolTaskExecutor - Initializing ExecutorService 'applicationTaskExecutor'
2020-09-08 01:22:22.968 [main]  WARN  org.thymeleaf.templatemode.TemplateMode - [THYMELEAF][main] Template Mode 'HTML5' is deprecated. Using Template Mode 'HTML' instead.
2020-09-08 01:22:23.844 [main]  INFO  cn.oasys.web.OasysApplicationTest - Started OasysApplicationTest in 6.388 seconds (JVM running for 7.677)
2020-09-08 01:22:25.517 [SpringContextShutdownHook]  INFO  o.s.scheduling.concurrent.ThreadPoolTaskExecutor - Shutting down ExecutorService 'applicationTaskExecutor'
2020-09-08 01:23:36.513 [main]  INFO  cn.oasys.web.OasysApplicationTest - No active profile set, falling back to default profiles: default
2020-09-08 01:23:37.566 [main]  INFO  o.springframework.cloud.context.scope.GenericScope - BeanFactory id=80dd093e-7ca3-3489-abc9-b44db71b0b0e
2020-09-08 01:23:40.015 [main]  WARN  com.netflix.config.sources.URLConfigurationSource - No URLs will be polled as dynamic configuration sources.
2020-09-08 01:23:40.016 [main]  INFO  com.netflix.config.sources.URLConfigurationSource - To enable URLs as dynamic configuration sources, define System property archaius.configurationSource.additionalUrls or make config.properties available on classpath.
2020-09-08 01:23:40.026 [main]  WARN  com.netflix.config.sources.URLConfigurationSource - No URLs will be polled as dynamic configuration sources.
2020-09-08 01:23:40.027 [main]  INFO  com.netflix.config.sources.URLConfigurationSource - To enable URLs as dynamic configuration sources, define System property archaius.configurationSource.additionalUrls or make config.properties available on classpath.
2020-09-08 01:23:40.410 [main]  INFO  o.s.scheduling.concurrent.ThreadPoolTaskExecutor - Initializing ExecutorService 'applicationTaskExecutor'
2020-09-08 01:23:40.778 [main]  WARN  org.thymeleaf.templatemode.TemplateMode - [THYMELEAF][main] Template Mode 'HTML5' is deprecated. Using Template Mode 'HTML' instead.
2020-09-08 01:23:41.815 [main]  INFO  cn.oasys.web.OasysApplicationTest - Started OasysApplicationTest in 7.281 seconds (JVM running for 8.762)
2020-09-08 01:23:42.669 [SpringContextShutdownHook]  INFO  o.s.scheduling.concurrent.ThreadPoolTaskExecutor - Shutting down ExecutorService 'applicationTaskExecutor'
2020-09-08 01:57:36.684 [main]  INFO  cn.oasys.web.OasysApplicationTest - No active profile set, falling back to default profiles: default
2020-09-08 01:57:37.770 [main]  INFO  o.springframework.cloud.context.scope.GenericScope - BeanFactory id=80dd093e-7ca3-3489-abc9-b44db71b0b0e
2020-09-08 01:57:40.216 [main]  WARN  com.netflix.config.sources.URLConfigurationSource - No URLs will be polled as dynamic configuration sources.
2020-09-08 01:57:40.216 [main]  INFO  com.netflix.config.sources.URLConfigurationSource - To enable URLs as dynamic configuration sources, define System property archaius.configurationSource.additionalUrls or make config.properties available on classpath.
2020-09-08 01:57:40.227 [main]  WARN  com.netflix.config.sources.URLConfigurationSource - No URLs will be polled as dynamic configuration sources.
2020-09-08 01:57:40.227 [main]  INFO  com.netflix.config.sources.URLConfigurationSource - To enable URLs as dynamic configuration sources, define System property archaius.configurationSource.additionalUrls or make config.properties available on classpath.
2020-09-08 01:57:40.727 [main]  INFO  o.s.scheduling.concurrent.ThreadPoolTaskExecutor - Initializing ExecutorService 'applicationTaskExecutor'
2020-09-08 01:57:41.143 [main]  WARN  org.thymeleaf.templatemode.TemplateMode - [THYMELEAF][main] Template Mode 'HTML5' is deprecated. Using Template Mode 'HTML' instead.
2020-09-08 01:57:42.601 [main]  INFO  cn.oasys.web.OasysApplicationTest - Started OasysApplicationTest in 7.573 seconds (JVM running for 8.896)
2020-09-08 01:57:43.163 [main]  INFO  com.zaxxer.hikari.HikariDataSource - HikariPool-1 - Starting...
2020-09-08 01:57:43.464 [main]  INFO  com.zaxxer.hikari.HikariDataSource - HikariPool-1 - Start completed.
2020-09-08 01:57:43.603 [SpringContextShutdownHook]  INFO  o.s.scheduling.concurrent.ThreadPoolTaskExecutor - Shutting down ExecutorService 'applicationTaskExecutor'
2020-09-08 01:57:43.609 [SpringContextShutdownHook]  INFO  com.zaxxer.hikari.HikariDataSource - HikariPool-1 - Shutdown initiated...
2020-09-08 01:57:43.634 [SpringContextShutdownHook]  INFO  com.zaxxer.hikari.HikariDataSource - HikariPool-1 - Shutdown completed.
2020-09-08 03:58:25.128 [main]  INFO  cn.oasys.web.OasysApplicationTest - No active profile set, falling back to default profiles: default
2020-09-08 03:58:26.198 [main]  INFO  o.springframework.cloud.context.scope.GenericScope - BeanFactory id=80dd093e-7ca3-3489-abc9-b44db71b0b0e
2020-09-08 03:58:28.344 [main]  WARN  com.netflix.config.sources.URLConfigurationSource - No URLs will be polled as dynamic configuration sources.
2020-09-08 03:58:28.345 [main]  INFO  com.netflix.config.sources.URLConfigurationSource - To enable URLs as dynamic configuration sources, define System property archaius.configurationSource.additionalUrls or make config.properties available on classpath.
2020-09-08 03:58:28.357 [main]  WARN  com.netflix.config.sources.URLConfigurationSource - No URLs will be polled as dynamic configuration sources.
2020-09-08 03:58:28.357 [main]  INFO  com.netflix.config.sources.URLConfigurationSource - To enable URLs as dynamic configuration sources, define System property archaius.configurationSource.additionalUrls or make config.properties available on classpath.
2020-09-08 03:58:28.748 [main]  INFO  o.s.scheduling.concurrent.ThreadPoolTaskExecutor - Initializing ExecutorService 'applicationTaskExecutor'
2020-09-08 03:58:29.142 [main]  WARN  org.thymeleaf.templatemode.TemplateMode - [THYMELEAF][main] Template Mode 'HTML5' is deprecated. Using Template Mode 'HTML' instead.
2020-09-08 03:58:30.052 [main]  INFO  cn.oasys.web.OasysApplicationTest - Started OasysApplicationTest in 6.517 seconds (JVM running for 7.768)
2020-09-08 03:58:30.459 [main]  INFO  com.zaxxer.hikari.HikariDataSource - HikariPool-1 - Starting...
2020-09-08 03:58:30.704 [main]  INFO  com.zaxxer.hikari.HikariDataSource - HikariPool-1 - Start completed.
2020-09-08 03:58:30.805 [SpringContextShutdownHook]  INFO  o.s.scheduling.concurrent.ThreadPoolTaskExecutor - Shutting down ExecutorService 'applicationTaskExecutor'
2020-09-08 03:58:30.811 [SpringContextShutdownHook]  INFO  com.zaxxer.hikari.HikariDataSource - HikariPool-1 - Shutdown initiated...
2020-09-08 03:58:30.825 [SpringContextShutdownHook]  INFO  com.zaxxer.hikari.HikariDataSource - HikariPool-1 - Shutdown completed.
2020-09-08 04:06:53.356 [main]  INFO  cn.oasys.web.OasysApplicationTest - No active profile set, falling back to default profiles: default
2020-09-08 04:06:54.451 [main]  INFO  o.springframework.cloud.context.scope.GenericScope - BeanFactory id=80dd093e-7ca3-3489-abc9-b44db71b0b0e
2020-09-08 04:06:56.644 [main]  WARN  com.netflix.config.sources.URLConfigurationSource - No URLs will be polled as dynamic configuration sources.
2020-09-08 04:06:56.644 [main]  INFO  com.netflix.config.sources.URLConfigurationSource - To enable URLs as dynamic configuration sources, define System property archaius.configurationSource.additionalUrls or make config.properties available on classpath.
2020-09-08 04:06:56.653 [main]  WARN  com.netflix.config.sources.URLConfigurationSource - No URLs will be polled as dynamic configuration sources.
2020-09-08 04:06:56.654 [main]  INFO  com.netflix.config.sources.URLConfigurationSource - To enable URLs as dynamic configuration sources, define System property archaius.configurationSource.additionalUrls or make config.properties available on classpath.
2020-09-08 04:06:57.044 [main]  INFO  o.s.scheduling.concurrent.ThreadPoolTaskExecutor - Initializing ExecutorService 'applicationTaskExecutor'
2020-09-08 04:06:57.431 [main]  WARN  org.thymeleaf.templatemode.TemplateMode - [THYMELEAF][main] Template Mode 'HTML5' is deprecated. Using Template Mode 'HTML' instead.
2020-09-08 04:06:58.326 [main]  INFO  cn.oasys.web.OasysApplicationTest - Started OasysApplicationTest in 6.713 seconds (JVM running for 8.038)
2020-09-08 04:06:58.639 [main]  INFO  com.zaxxer.hikari.HikariDataSource - HikariPool-1 - Starting...
2020-09-08 04:06:58.844 [main]  INFO  com.zaxxer.hikari.HikariDataSource - HikariPool-1 - Start completed.
2020-09-08 04:06:58.926 [SpringContextShutdownHook]  INFO  o.s.scheduling.concurrent.ThreadPoolTaskExecutor - Shutting down ExecutorService 'applicationTaskExecutor'
2020-09-08 04:06:58.930 [SpringContextShutdownHook]  INFO  com.zaxxer.hikari.HikariDataSource - HikariPool-1 - Shutdown initiated...
2020-09-08 04:06:58.942 [SpringContextShutdownHook]  INFO  com.zaxxer.hikari.HikariDataSource - HikariPool-1 - Shutdown completed.
2020-09-08 04:07:29.272 [main]  INFO  cn.oasys.web.OasysApplicationTest - No active profile set, falling back to default profiles: default
2020-09-08 04:07:30.319 [main]  INFO  o.springframework.cloud.context.scope.GenericScope - BeanFactory id=80dd093e-7ca3-3489-abc9-b44db71b0b0e
2020-09-08 04:07:32.459 [main]  WARN  com.netflix.config.sources.URLConfigurationSource - No URLs will be polled as dynamic configuration sources.
2020-09-08 04:07:32.460 [main]  INFO  com.netflix.config.sources.URLConfigurationSource - To enable URLs as dynamic configuration sources, define System property archaius.configurationSource.additionalUrls or make config.properties available on classpath.
2020-09-08 04:07:32.473 [main]  WARN  com.netflix.config.sources.URLConfigurationSource - No URLs will be polled as dynamic configuration sources.
2020-09-08 04:07:32.474 [main]  INFO  com.netflix.config.sources.URLConfigurationSource - To enable URLs as dynamic configuration sources, define System property archaius.configurationSource.additionalUrls or make config.properties available on classpath.
2020-09-08 04:07:33.067 [main]  INFO  o.s.scheduling.concurrent.ThreadPoolTaskExecutor - Initializing ExecutorService 'applicationTaskExecutor'
2020-09-08 04:07:33.483 [main]  WARN  org.thymeleaf.templatemode.TemplateMode - [THYMELEAF][main] Template Mode 'HTML5' is deprecated. Using Template Mode 'HTML' instead.
2020-09-08 04:07:34.553 [main]  INFO  cn.oasys.web.OasysApplicationTest - Started OasysApplicationTest in 6.897 seconds (JVM running for 8.192)
2020-09-08 04:07:34.903 [main]  INFO  com.zaxxer.hikari.HikariDataSource - HikariPool-1 - Starting...
2020-09-08 04:07:35.221 [main]  INFO  com.zaxxer.hikari.HikariDataSource - HikariPool-1 - Start completed.
2020-09-08 04:07:35.312 [SpringContextShutdownHook]  INFO  o.s.scheduling.concurrent.ThreadPoolTaskExecutor - Shutting down ExecutorService 'applicationTaskExecutor'
2020-09-08 04:07:35.318 [SpringContextShutdownHook]  INFO  com.zaxxer.hikari.HikariDataSource - HikariPool-1 - Shutdown initiated...
2020-09-08 04:07:35.332 [SpringContextShutdownHook]  INFO  com.zaxxer.hikari.HikariDataSource - HikariPool-1 - Shutdown completed.
