2020-06-13 11:32:54.734 [main]  INFO  cn.oasys.web.OasysApplicationTest - No active profile set, falling back to default profiles: default
2020-06-13 11:32:56.571 [main]  INFO  o.springframework.cloud.context.scope.GenericScope - BeanFactory id=1662e0d4-9a28-3d37-b5e6-ffceb70a0393
2020-06-13 11:32:58.251 [main]  WARN  com.netflix.config.sources.URLConfigurationSource - No URLs will be polled as dynamic configuration sources.
2020-06-13 11:32:58.252 [main]  INFO  com.netflix.config.sources.URLConfigurationSource - To enable URLs as dynamic configuration sources, define System property archaius.configurationSource.additionalUrls or make config.properties available on classpath.
2020-06-13 11:32:58.270 [main]  WARN  com.netflix.config.sources.URLConfigurationSource - No URLs will be polled as dynamic configuration sources.
2020-06-13 11:32:58.270 [main]  INFO  com.netflix.config.sources.URLConfigurationSource - To enable URLs as dynamic configuration sources, define System property archaius.configurationSource.additionalUrls or make config.properties available on classpath.
2020-06-13 11:32:58.630 [main]  INFO  o.s.scheduling.concurrent.ThreadPoolTaskExecutor - Initializing ExecutorService 'applicationTaskExecutor'
2020-06-13 11:32:59.079 [main]  WARN  org.thymeleaf.templatemode.TemplateMode - [THYMELEAF][main] Template Mode 'HTML5' is deprecated. Using Template Mode 'HTML' instead.
2020-06-13 11:32:59.830 [main]  INFO  cn.oasys.web.OasysApplicationTest - Started OasysApplicationTest in 8.261 seconds (JVM running for 10.117)
2020-06-13 11:33:01.273 [SpringContextShutdownHook]  INFO  o.s.scheduling.concurrent.ThreadPoolTaskExecutor - Shutting down ExecutorService 'applicationTaskExecutor'
2020-06-13 11:54:54.248 [main]  INFO  cn.oasys.web.OasysApplicationTest - No active profile set, falling back to default profiles: default
2020-06-13 11:54:55.270 [main]  INFO  o.springframework.cloud.context.scope.GenericScope - BeanFactory id=1662e0d4-9a28-3d37-b5e6-ffceb70a0393
2020-06-13 11:54:56.449 [main]  WARN  com.netflix.config.sources.URLConfigurationSource - No URLs will be polled as dynamic configuration sources.
2020-06-13 11:54:56.450 [main]  INFO  com.netflix.config.sources.URLConfigurationSource - To enable URLs as dynamic configuration sources, define System property archaius.configurationSource.additionalUrls or make config.properties available on classpath.
2020-06-13 11:54:56.460 [main]  WARN  com.netflix.config.sources.URLConfigurationSource - No URLs will be polled as dynamic configuration sources.
2020-06-13 11:54:56.460 [main]  INFO  com.netflix.config.sources.URLConfigurationSource - To enable URLs as dynamic configuration sources, define System property archaius.configurationSource.additionalUrls or make config.properties available on classpath.
2020-06-13 11:54:56.750 [main]  INFO  o.s.scheduling.concurrent.ThreadPoolTaskExecutor - Initializing ExecutorService 'applicationTaskExecutor'
2020-06-13 11:54:57.107 [main]  WARN  org.thymeleaf.templatemode.TemplateMode - [THYMELEAF][main] Template Mode 'HTML5' is deprecated. Using Template Mode 'HTML' instead.
2020-06-13 11:54:57.961 [main]  INFO  cn.oasys.web.OasysApplicationTest - Started OasysApplicationTest in 5.002 seconds (JVM running for 6.192)
2020-06-13 11:54:58.350 [main]  INFO  com.zaxxer.hikari.HikariDataSource - HikariPool-1 - Starting...
2020-06-13 11:54:58.632 [main]  INFO  com.zaxxer.hikari.HikariDataSource - HikariPool-1 - Start completed.
2020-06-13 11:54:58.841 [SpringContextShutdownHook]  INFO  o.s.scheduling.concurrent.ThreadPoolTaskExecutor - Shutting down ExecutorService 'applicationTaskExecutor'
2020-06-13 11:54:58.844 [SpringContextShutdownHook]  INFO  com.zaxxer.hikari.HikariDataSource - HikariPool-1 - Shutdown initiated...
2020-06-13 11:54:58.861 [SpringContextShutdownHook]  INFO  com.zaxxer.hikari.HikariDataSource - HikariPool-1 - Shutdown completed.
2020-06-13 11:56:05.551 [main]  INFO  cn.oasys.web.OasysApplicationTest - No active profile set, falling back to default profiles: default
2020-06-13 11:56:06.458 [main]  INFO  o.springframework.cloud.context.scope.GenericScope - BeanFactory id=1662e0d4-9a28-3d37-b5e6-ffceb70a0393
2020-06-13 11:56:07.673 [main]  WARN  com.netflix.config.sources.URLConfigurationSource - No URLs will be polled as dynamic configuration sources.
2020-06-13 11:56:07.674 [main]  INFO  com.netflix.config.sources.URLConfigurationSource - To enable URLs as dynamic configuration sources, define System property archaius.configurationSource.additionalUrls or make config.properties available on classpath.
2020-06-13 11:56:07.682 [main]  WARN  com.netflix.config.sources.URLConfigurationSource - No URLs will be polled as dynamic configuration sources.
2020-06-13 11:56:07.682 [main]  INFO  com.netflix.config.sources.URLConfigurationSource - To enable URLs as dynamic configuration sources, define System property archaius.configurationSource.additionalUrls or make config.properties available on classpath.
2020-06-13 11:56:07.964 [main]  INFO  o.s.scheduling.concurrent.ThreadPoolTaskExecutor - Initializing ExecutorService 'applicationTaskExecutor'
2020-06-13 11:56:08.263 [main]  WARN  org.thymeleaf.templatemode.TemplateMode - [THYMELEAF][main] Template Mode 'HTML5' is deprecated. Using Template Mode 'HTML' instead.
2020-06-13 11:56:09.163 [main]  INFO  cn.oasys.web.OasysApplicationTest - Started OasysApplicationTest in 4.924 seconds (JVM running for 5.974)
2020-06-13 11:56:09.526 [main]  INFO  com.zaxxer.hikari.HikariDataSource - HikariPool-1 - Starting...
2020-06-13 11:56:09.760 [main]  INFO  com.zaxxer.hikari.HikariDataSource - HikariPool-1 - Start completed.
2020-06-13 11:56:09.842 [SpringContextShutdownHook]  INFO  o.s.scheduling.concurrent.ThreadPoolTaskExecutor - Shutting down ExecutorService 'applicationTaskExecutor'
2020-06-13 11:56:09.844 [SpringContextShutdownHook]  INFO  com.zaxxer.hikari.HikariDataSource - HikariPool-1 - Shutdown initiated...
2020-06-13 11:56:09.856 [SpringContextShutdownHook]  INFO  com.zaxxer.hikari.HikariDataSource - HikariPool-1 - Shutdown completed.
2020-06-13 12:03:49.703 [main]  INFO  cn.oasys.web.OasysApplicationTest - No active profile set, falling back to default profiles: default
2020-06-13 12:03:50.707 [main]  INFO  o.springframework.cloud.context.scope.GenericScope - BeanFactory id=1662e0d4-9a28-3d37-b5e6-ffceb70a0393
2020-06-13 12:03:51.909 [main]  WARN  com.netflix.config.sources.URLConfigurationSource - No URLs will be polled as dynamic configuration sources.
2020-06-13 12:03:51.909 [main]  INFO  com.netflix.config.sources.URLConfigurationSource - To enable URLs as dynamic configuration sources, define System property archaius.configurationSource.additionalUrls or make config.properties available on classpath.
2020-06-13 12:03:51.916 [main]  WARN  com.netflix.config.sources.URLConfigurationSource - No URLs will be polled as dynamic configuration sources.
2020-06-13 12:03:51.917 [main]  INFO  com.netflix.config.sources.URLConfigurationSource - To enable URLs as dynamic configuration sources, define System property archaius.configurationSource.additionalUrls or make config.properties available on classpath.
2020-06-13 12:03:52.215 [main]  INFO  o.s.scheduling.concurrent.ThreadPoolTaskExecutor - Initializing ExecutorService 'applicationTaskExecutor'
2020-06-13 12:03:52.498 [main]  WARN  org.thymeleaf.templatemode.TemplateMode - [THYMELEAF][main] Template Mode 'HTML5' is deprecated. Using Template Mode 'HTML' instead.
2020-06-13 12:03:53.418 [main]  INFO  cn.oasys.web.OasysApplicationTest - Started OasysApplicationTest in 5.03 seconds (JVM running for 6.093)
2020-06-13 12:03:53.865 [main]  INFO  com.zaxxer.hikari.HikariDataSource - HikariPool-1 - Starting...
2020-06-13 12:03:54.154 [main]  INFO  com.zaxxer.hikari.HikariDataSource - HikariPool-1 - Start completed.
2020-06-13 12:03:54.308 [SpringContextShutdownHook]  INFO  o.s.scheduling.concurrent.ThreadPoolTaskExecutor - Shutting down ExecutorService 'applicationTaskExecutor'
2020-06-13 12:03:54.312 [SpringContextShutdownHook]  INFO  com.zaxxer.hikari.HikariDataSource - HikariPool-1 - Shutdown initiated...
2020-06-13 12:03:54.328 [SpringContextShutdownHook]  INFO  com.zaxxer.hikari.HikariDataSource - HikariPool-1 - Shutdown completed.
2020-06-13 12:05:20.045 [main]  INFO  cn.oasys.web.OasysApplicationTest - No active profile set, falling back to default profiles: default
2020-06-13 12:05:21.003 [main]  INFO  o.springframework.cloud.context.scope.GenericScope - BeanFactory id=1662e0d4-9a28-3d37-b5e6-ffceb70a0393
2020-06-13 12:05:22.179 [main]  WARN  com.netflix.config.sources.URLConfigurationSource - No URLs will be polled as dynamic configuration sources.
2020-06-13 12:05:22.179 [main]  INFO  com.netflix.config.sources.URLConfigurationSource - To enable URLs as dynamic configuration sources, define System property archaius.configurationSource.additionalUrls or make config.properties available on classpath.
2020-06-13 12:05:22.185 [main]  WARN  com.netflix.config.sources.URLConfigurationSource - No URLs will be polled as dynamic configuration sources.
2020-06-13 12:05:22.185 [main]  INFO  com.netflix.config.sources.URLConfigurationSource - To enable URLs as dynamic configuration sources, define System property archaius.configurationSource.additionalUrls or make config.properties available on classpath.
2020-06-13 12:05:22.471 [main]  INFO  o.s.scheduling.concurrent.ThreadPoolTaskExecutor - Initializing ExecutorService 'applicationTaskExecutor'
2020-06-13 12:05:22.773 [main]  WARN  org.thymeleaf.templatemode.TemplateMode - [THYMELEAF][main] Template Mode 'HTML5' is deprecated. Using Template Mode 'HTML' instead.
2020-06-13 12:05:23.536 [main]  INFO  cn.oasys.web.OasysApplicationTest - Started OasysApplicationTest in 4.765 seconds (JVM running for 5.812)
2020-06-13 12:05:23.914 [main]  INFO  com.zaxxer.hikari.HikariDataSource - HikariPool-1 - Starting...
2020-06-13 12:05:24.239 [main]  INFO  com.zaxxer.hikari.HikariDataSource - HikariPool-1 - Start completed.
2020-06-13 12:05:24.508 [SpringContextShutdownHook]  INFO  o.s.scheduling.concurrent.ThreadPoolTaskExecutor - Shutting down ExecutorService 'applicationTaskExecutor'
2020-06-13 12:05:24.510 [SpringContextShutdownHook]  INFO  com.zaxxer.hikari.HikariDataSource - HikariPool-1 - Shutdown initiated...
2020-06-13 12:05:24.523 [SpringContextShutdownHook]  INFO  com.zaxxer.hikari.HikariDataSource - HikariPool-1 - Shutdown completed.
2020-06-13 13:12:11.991 [main]  INFO  cn.oasys.web.OasysApplicationTest - No active profile set, falling back to default profiles: default
2020-06-13 13:12:12.919 [main]  INFO  o.springframework.cloud.context.scope.GenericScope - BeanFactory id=937d5209-4184-3825-9e68-7f3bb6ec5f2a
2020-06-13 13:12:14.057 [main]  WARN  com.netflix.config.sources.URLConfigurationSource - No URLs will be polled as dynamic configuration sources.
2020-06-13 13:12:14.057 [main]  INFO  com.netflix.config.sources.URLConfigurationSource - To enable URLs as dynamic configuration sources, define System property archaius.configurationSource.additionalUrls or make config.properties available on classpath.
2020-06-13 13:12:14.063 [main]  WARN  com.netflix.config.sources.URLConfigurationSource - No URLs will be polled as dynamic configuration sources.
2020-06-13 13:12:14.063 [main]  INFO  com.netflix.config.sources.URLConfigurationSource - To enable URLs as dynamic configuration sources, define System property archaius.configurationSource.additionalUrls or make config.properties available on classpath.
2020-06-13 13:12:14.380 [main]  INFO  o.s.scheduling.concurrent.ThreadPoolTaskExecutor - Initializing ExecutorService 'applicationTaskExecutor'
2020-06-13 13:12:14.649 [main]  WARN  org.thymeleaf.templatemode.TemplateMode - [THYMELEAF][main] Template Mode 'HTML5' is deprecated. Using Template Mode 'HTML' instead.
2020-06-13 13:12:15.375 [main]  INFO  cn.oasys.web.OasysApplicationTest - Started OasysApplicationTest in 4.646 seconds (JVM running for 5.693)
2020-06-13 13:12:15.690 [main]  INFO  com.zaxxer.hikari.HikariDataSource - HikariPool-1 - Starting...
2020-06-13 13:12:15.935 [main]  INFO  com.zaxxer.hikari.HikariDataSource - HikariPool-1 - Start completed.
2020-06-13 13:12:16.138 [SpringContextShutdownHook]  INFO  o.s.scheduling.concurrent.ThreadPoolTaskExecutor - Shutting down ExecutorService 'applicationTaskExecutor'
2020-06-13 13:12:16.144 [SpringContextShutdownHook]  INFO  com.zaxxer.hikari.HikariDataSource - HikariPool-1 - Shutdown initiated...
2020-06-13 13:12:16.172 [SpringContextShutdownHook]  INFO  com.zaxxer.hikari.HikariDataSource - HikariPool-1 - Shutdown completed.
2020-06-13 13:13:43.630 [main]  INFO  cn.oasys.web.OasysApplicationTest - No active profile set, falling back to default profiles: default
2020-06-13 13:13:44.583 [main]  INFO  o.springframework.cloud.context.scope.GenericScope - BeanFactory id=937d5209-4184-3825-9e68-7f3bb6ec5f2a
2020-06-13 13:13:45.730 [main]  WARN  com.netflix.config.sources.URLConfigurationSource - No URLs will be polled as dynamic configuration sources.
2020-06-13 13:13:45.731 [main]  INFO  com.netflix.config.sources.URLConfigurationSource - To enable URLs as dynamic configuration sources, define System property archaius.configurationSource.additionalUrls or make config.properties available on classpath.
2020-06-13 13:13:45.736 [main]  WARN  com.netflix.config.sources.URLConfigurationSource - No URLs will be polled as dynamic configuration sources.
2020-06-13 13:13:45.737 [main]  INFO  com.netflix.config.sources.URLConfigurationSource - To enable URLs as dynamic configuration sources, define System property archaius.configurationSource.additionalUrls or make config.properties available on classpath.
2020-06-13 13:13:46.019 [main]  INFO  o.s.scheduling.concurrent.ThreadPoolTaskExecutor - Initializing ExecutorService 'applicationTaskExecutor'
2020-06-13 13:13:46.307 [main]  WARN  org.thymeleaf.templatemode.TemplateMode - [THYMELEAF][main] Template Mode 'HTML5' is deprecated. Using Template Mode 'HTML' instead.
2020-06-13 13:13:47.046 [main]  INFO  cn.oasys.web.OasysApplicationTest - Started OasysApplicationTest in 4.671 seconds (JVM running for 5.715)
2020-06-13 13:13:47.517 [main]  INFO  com.zaxxer.hikari.HikariDataSource - HikariPool-1 - Starting...
2020-06-13 13:13:47.830 [main]  INFO  com.zaxxer.hikari.HikariDataSource - HikariPool-1 - Start completed.
2020-06-13 13:13:48.095 [SpringContextShutdownHook]  INFO  o.s.scheduling.concurrent.ThreadPoolTaskExecutor - Shutting down ExecutorService 'applicationTaskExecutor'
2020-06-13 13:13:48.098 [SpringContextShutdownHook]  INFO  com.zaxxer.hikari.HikariDataSource - HikariPool-1 - Shutdown initiated...
2020-06-13 13:13:48.135 [SpringContextShutdownHook]  INFO  com.zaxxer.hikari.HikariDataSource - HikariPool-1 - Shutdown completed.
2020-06-13 13:14:06.299 [main]  INFO  cn.oasys.web.OasysApplicationTest - No active profile set, falling back to default profiles: default
2020-06-13 13:14:07.216 [main]  INFO  o.springframework.cloud.context.scope.GenericScope - BeanFactory id=937d5209-4184-3825-9e68-7f3bb6ec5f2a
2020-06-13 13:14:08.407 [main]  WARN  com.netflix.config.sources.URLConfigurationSource - No URLs will be polled as dynamic configuration sources.
2020-06-13 13:14:08.407 [main]  INFO  com.netflix.config.sources.URLConfigurationSource - To enable URLs as dynamic configuration sources, define System property archaius.configurationSource.additionalUrls or make config.properties available on classpath.
2020-06-13 13:14:08.414 [main]  WARN  com.netflix.config.sources.URLConfigurationSource - No URLs will be polled as dynamic configuration sources.
2020-06-13 13:14:08.415 [main]  INFO  com.netflix.config.sources.URLConfigurationSource - To enable URLs as dynamic configuration sources, define System property archaius.configurationSource.additionalUrls or make config.properties available on classpath.
2020-06-13 13:14:08.708 [main]  INFO  o.s.scheduling.concurrent.ThreadPoolTaskExecutor - Initializing ExecutorService 'applicationTaskExecutor'
2020-06-13 13:14:09.006 [main]  WARN  org.thymeleaf.templatemode.TemplateMode - [THYMELEAF][main] Template Mode 'HTML5' is deprecated. Using Template Mode 'HTML' instead.
2020-06-13 13:14:09.825 [main]  INFO  cn.oasys.web.OasysApplicationTest - Started OasysApplicationTest in 4.768 seconds (JVM running for 5.842)
2020-06-13 13:14:10.264 [main]  INFO  com.zaxxer.hikari.HikariDataSource - HikariPool-1 - Starting...
2020-06-13 13:14:10.514 [main]  INFO  com.zaxxer.hikari.HikariDataSource - HikariPool-1 - Start completed.
2020-06-13 13:14:10.730 [SpringContextShutdownHook]  INFO  o.s.scheduling.concurrent.ThreadPoolTaskExecutor - Shutting down ExecutorService 'applicationTaskExecutor'
2020-06-13 13:14:10.733 [SpringContextShutdownHook]  INFO  com.zaxxer.hikari.HikariDataSource - HikariPool-1 - Shutdown initiated...
2020-06-13 13:14:10.749 [SpringContextShutdownHook]  INFO  com.zaxxer.hikari.HikariDataSource - HikariPool-1 - Shutdown completed.
2020-06-13 13:19:07.791 [main]  INFO  cn.oasys.web.OasysApplicationTest - No active profile set, falling back to default profiles: default
2020-06-13 13:19:08.746 [main]  INFO  o.springframework.cloud.context.scope.GenericScope - BeanFactory id=937d5209-4184-3825-9e68-7f3bb6ec5f2a
2020-06-13 13:19:09.899 [main]  WARN  com.netflix.config.sources.URLConfigurationSource - No URLs will be polled as dynamic configuration sources.
2020-06-13 13:19:09.899 [main]  INFO  com.netflix.config.sources.URLConfigurationSource - To enable URLs as dynamic configuration sources, define System property archaius.configurationSource.additionalUrls or make config.properties available on classpath.
2020-06-13 13:19:09.907 [main]  WARN  com.netflix.config.sources.URLConfigurationSource - No URLs will be polled as dynamic configuration sources.
2020-06-13 13:19:09.907 [main]  INFO  com.netflix.config.sources.URLConfigurationSource - To enable URLs as dynamic configuration sources, define System property archaius.configurationSource.additionalUrls or make config.properties available on classpath.
2020-06-13 13:19:10.187 [main]  INFO  o.s.scheduling.concurrent.ThreadPoolTaskExecutor - Initializing ExecutorService 'applicationTaskExecutor'
2020-06-13 13:19:10.455 [main]  WARN  org.thymeleaf.templatemode.TemplateMode - [THYMELEAF][main] Template Mode 'HTML5' is deprecated. Using Template Mode 'HTML' instead.
2020-06-13 13:19:11.233 [main]  INFO  cn.oasys.web.OasysApplicationTest - Started OasysApplicationTest in 4.751 seconds (JVM running for 5.745)
2020-06-13 13:19:11.594 [main]  INFO  com.zaxxer.hikari.HikariDataSource - HikariPool-1 - Starting...
2020-06-13 13:19:11.926 [main]  INFO  com.zaxxer.hikari.HikariDataSource - HikariPool-1 - Start completed.
2020-06-13 13:19:12.187 [SpringContextShutdownHook]  INFO  o.s.scheduling.concurrent.ThreadPoolTaskExecutor - Shutting down ExecutorService 'applicationTaskExecutor'
2020-06-13 13:19:12.190 [SpringContextShutdownHook]  INFO  com.zaxxer.hikari.HikariDataSource - HikariPool-1 - Shutdown initiated...
2020-06-13 13:19:12.207 [SpringContextShutdownHook]  INFO  com.zaxxer.hikari.HikariDataSource - HikariPool-1 - Shutdown completed.
2020-06-13 13:20:23.702 [main]  INFO  cn.oasys.web.OasysApplicationTest - No active profile set, falling back to default profiles: default
2020-06-13 13:20:24.645 [main]  INFO  o.springframework.cloud.context.scope.GenericScope - BeanFactory id=937d5209-4184-3825-9e68-7f3bb6ec5f2a
2020-06-13 13:20:25.844 [main]  WARN  com.netflix.config.sources.URLConfigurationSource - No URLs will be polled as dynamic configuration sources.
2020-06-13 13:20:25.844 [main]  INFO  com.netflix.config.sources.URLConfigurationSource - To enable URLs as dynamic configuration sources, define System property archaius.configurationSource.additionalUrls or make config.properties available on classpath.
2020-06-13 13:20:25.853 [main]  WARN  com.netflix.config.sources.URLConfigurationSource - No URLs will be polled as dynamic configuration sources.
2020-06-13 13:20:25.853 [main]  INFO  com.netflix.config.sources.URLConfigurationSource - To enable URLs as dynamic configuration sources, define System property archaius.configurationSource.additionalUrls or make config.properties available on classpath.
2020-06-13 13:20:26.122 [main]  INFO  o.s.scheduling.concurrent.ThreadPoolTaskExecutor - Initializing ExecutorService 'applicationTaskExecutor'
2020-06-13 13:20:26.394 [main]  WARN  org.thymeleaf.templatemode.TemplateMode - [THYMELEAF][main] Template Mode 'HTML5' is deprecated. Using Template Mode 'HTML' instead.
2020-06-13 13:20:27.263 [main]  INFO  cn.oasys.web.OasysApplicationTest - Started OasysApplicationTest in 4.861 seconds (JVM running for 5.905)
2020-06-13 13:20:27.720 [main]  INFO  com.zaxxer.hikari.HikariDataSource - HikariPool-1 - Starting...
2020-06-13 13:20:28.026 [main]  INFO  com.zaxxer.hikari.HikariDataSource - HikariPool-1 - Start completed.
2020-06-13 13:20:28.143 [SpringContextShutdownHook]  INFO  o.s.scheduling.concurrent.ThreadPoolTaskExecutor - Shutting down ExecutorService 'applicationTaskExecutor'
2020-06-13 13:20:28.146 [SpringContextShutdownHook]  INFO  com.zaxxer.hikari.HikariDataSource - HikariPool-1 - Shutdown initiated...
2020-06-13 13:20:28.161 [SpringContextShutdownHook]  INFO  com.zaxxer.hikari.HikariDataSource - HikariPool-1 - Shutdown completed.
