2020-07-02 01:02:08.765 [main]  INFO  cn.oasys.web.OasysApplicationTest - No active profile set, falling back to default profiles: default
2020-07-02 01:02:09.893 [main]  INFO  o.springframework.cloud.context.scope.GenericScope - BeanFactory id=4f290e5c-2739-32b7-8354-66a6cf301ec9
2020-07-02 01:02:11.738 [main]  WARN  com.netflix.config.sources.URLConfigurationSource - No URLs will be polled as dynamic configuration sources.
2020-07-02 01:02:11.738 [main]  INFO  com.netflix.config.sources.URLConfigurationSource - To enable URLs as dynamic configuration sources, define System property archaius.configurationSource.additionalUrls or make config.properties available on classpath.
2020-07-02 01:02:11.750 [main]  WARN  com.netflix.config.sources.URLConfigurationSource - No URLs will be polled as dynamic configuration sources.
2020-07-02 01:02:11.751 [main]  INFO  com.netflix.config.sources.URLConfigurationSource - To enable URLs as dynamic configuration sources, define System property archaius.configurationSource.additionalUrls or make config.properties available on classpath.
2020-07-02 01:02:12.193 [main]  INFO  o.s.scheduling.concurrent.ThreadPoolTaskExecutor - Initializing ExecutorService 'applicationTaskExecutor'
2020-07-02 01:02:12.599 [main]  WARN  org.thymeleaf.templatemode.TemplateMode - [THYMELEAF][main] Template Mode 'HTML5' is deprecated. Using Template Mode 'HTML' instead.
2020-07-02 01:02:13.634 [main]  INFO  cn.oasys.web.OasysApplicationTest - Started OasysApplicationTest in 6.703 seconds (JVM running for 8.171)
2020-07-02 01:02:14.335 [SpringContextShutdownHook]  INFO  o.s.scheduling.concurrent.ThreadPoolTaskExecutor - Shutting down ExecutorService 'applicationTaskExecutor'
2020-07-02 01:07:54.454 [main]  INFO  cn.oasys.web.OasysApplicationTest - No active profile set, falling back to default profiles: default
2020-07-02 01:07:55.540 [main]  INFO  o.springframework.cloud.context.scope.GenericScope - BeanFactory id=4f290e5c-2739-32b7-8354-66a6cf301ec9
2020-07-02 01:07:57.445 [main]  WARN  com.netflix.config.sources.URLConfigurationSource - No URLs will be polled as dynamic configuration sources.
2020-07-02 01:07:57.446 [main]  INFO  com.netflix.config.sources.URLConfigurationSource - To enable URLs as dynamic configuration sources, define System property archaius.configurationSource.additionalUrls or make config.properties available on classpath.
2020-07-02 01:07:57.458 [main]  WARN  com.netflix.config.sources.URLConfigurationSource - No URLs will be polled as dynamic configuration sources.
2020-07-02 01:07:57.458 [main]  INFO  com.netflix.config.sources.URLConfigurationSource - To enable URLs as dynamic configuration sources, define System property archaius.configurationSource.additionalUrls or make config.properties available on classpath.
2020-07-02 01:07:57.880 [main]  INFO  o.s.scheduling.concurrent.ThreadPoolTaskExecutor - Initializing ExecutorService 'applicationTaskExecutor'
2020-07-02 01:07:58.313 [main]  WARN  org.thymeleaf.templatemode.TemplateMode - [THYMELEAF][main] Template Mode 'HTML5' is deprecated. Using Template Mode 'HTML' instead.
2020-07-02 01:07:59.297 [main]  INFO  cn.oasys.web.OasysApplicationTest - Started OasysApplicationTest in 6.599 seconds (JVM running for 7.898)
2020-07-02 01:08:00.028 [SpringContextShutdownHook]  INFO  o.s.scheduling.concurrent.ThreadPoolTaskExecutor - Shutting down ExecutorService 'applicationTaskExecutor'
