2020-06-11 19:04:00.296 [main]  INFO  cn.oasys.web.OasysApplicationTest - No active profile set, falling back to default profiles: default
2020-06-11 19:04:01.210 [main]  INFO  o.springframework.cloud.context.scope.GenericScope - BeanFactory id=1ba07b67-2c79-3fc5-bbbb-df20e6aa180c
2020-06-11 19:04:01.776 [main]  WARN  com.netflix.config.sources.URLConfigurationSource - No URLs will be polled as dynamic configuration sources.
2020-06-11 19:04:01.776 [main]  INFO  com.netflix.config.sources.URLConfigurationSource - To enable URLs as dynamic configuration sources, define System property archaius.configurationSource.additionalUrls or make config.properties available on classpath.
2020-06-11 19:04:01.784 [main]  WARN  com.netflix.config.sources.URLConfigurationSource - No URLs will be polled as dynamic configuration sources.
2020-06-11 19:04:01.784 [main]  INFO  com.netflix.config.sources.URLConfigurationSource - To enable URLs as dynamic configuration sources, define System property archaius.configurationSource.additionalUrls or make config.properties available on classpath.
2020-06-11 19:04:02.073 [main]  INFO  o.s.scheduling.concurrent.ThreadPoolTaskExecutor - Initializing ExecutorService 'applicationTaskExecutor'
2020-06-11 19:04:02.476 [main]  WARN  org.thymeleaf.templatemode.TemplateMode - [THYMELEAF][main] Template Mode 'HTML5' is deprecated. Using Template Mode 'HTML' instead.
2020-06-11 19:04:03.634 [main]  INFO  cn.oasys.web.OasysApplicationTest - Started OasysApplicationTest in 4.648 seconds (JVM running for 5.768)
2020-06-11 19:04:04.000 [main]  INFO  com.zaxxer.hikari.HikariDataSource - HikariPool-1 - Starting...
2020-06-11 19:04:04.274 [main]  INFO  com.zaxxer.hikari.HikariDataSource - HikariPool-1 - Start completed.
2020-06-11 19:04:04.400 [SpringContextShutdownHook]  INFO  com.zaxxer.hikari.HikariDataSource - HikariPool-1 - Shutdown initiated...
2020-06-11 19:04:04.415 [SpringContextShutdownHook]  INFO  com.zaxxer.hikari.HikariDataSource - HikariPool-1 - Shutdown completed.
2020-06-11 19:04:04.416 [SpringContextShutdownHook]  INFO  o.s.scheduling.concurrent.ThreadPoolTaskExecutor - Shutting down ExecutorService 'applicationTaskExecutor'
2020-06-11 19:38:43.964 [main]  INFO  cn.oasys.web.OasysApplicationTest - No active profile set, falling back to default profiles: default
2020-06-11 19:38:44.933 [main]  INFO  o.springframework.cloud.context.scope.GenericScope - BeanFactory id=3f635f86-c906-37e1-9137-3ef09079fa35
2020-06-11 19:38:46.037 [main]  WARN  com.netflix.config.sources.URLConfigurationSource - No URLs will be polled as dynamic configuration sources.
2020-06-11 19:38:46.037 [main]  INFO  com.netflix.config.sources.URLConfigurationSource - To enable URLs as dynamic configuration sources, define System property archaius.configurationSource.additionalUrls or make config.properties available on classpath.
2020-06-11 19:38:46.044 [main]  WARN  com.netflix.config.sources.URLConfigurationSource - No URLs will be polled as dynamic configuration sources.
2020-06-11 19:38:46.045 [main]  INFO  com.netflix.config.sources.URLConfigurationSource - To enable URLs as dynamic configuration sources, define System property archaius.configurationSource.additionalUrls or make config.properties available on classpath.
2020-06-11 19:38:46.349 [main]  INFO  o.s.scheduling.concurrent.ThreadPoolTaskExecutor - Initializing ExecutorService 'applicationTaskExecutor'
2020-06-11 19:38:46.647 [main]  WARN  org.thymeleaf.templatemode.TemplateMode - [THYMELEAF][main] Template Mode 'HTML5' is deprecated. Using Template Mode 'HTML' instead.
2020-06-11 19:38:47.559 [main]  INFO  cn.oasys.web.OasysApplicationTest - Started OasysApplicationTest in 4.93 seconds (JVM running for 6.01)
2020-06-11 19:38:48.089 [SpringContextShutdownHook]  INFO  o.s.scheduling.concurrent.ThreadPoolTaskExecutor - Shutting down ExecutorService 'applicationTaskExecutor'
2020-06-11 19:39:05.464 [main]  INFO  cn.oasys.web.OasysApplicationTest - No active profile set, falling back to default profiles: default
2020-06-11 19:39:06.458 [main]  INFO  o.springframework.cloud.context.scope.GenericScope - BeanFactory id=3f635f86-c906-37e1-9137-3ef09079fa35
2020-06-11 19:39:07.517 [main]  WARN  com.netflix.config.sources.URLConfigurationSource - No URLs will be polled as dynamic configuration sources.
2020-06-11 19:39:07.517 [main]  INFO  com.netflix.config.sources.URLConfigurationSource - To enable URLs as dynamic configuration sources, define System property archaius.configurationSource.additionalUrls or make config.properties available on classpath.
2020-06-11 19:39:07.527 [main]  WARN  com.netflix.config.sources.URLConfigurationSource - No URLs will be polled as dynamic configuration sources.
2020-06-11 19:39:07.528 [main]  INFO  com.netflix.config.sources.URLConfigurationSource - To enable URLs as dynamic configuration sources, define System property archaius.configurationSource.additionalUrls or make config.properties available on classpath.
2020-06-11 19:39:07.835 [main]  INFO  o.s.scheduling.concurrent.ThreadPoolTaskExecutor - Initializing ExecutorService 'applicationTaskExecutor'
2020-06-11 19:39:08.164 [main]  WARN  org.thymeleaf.templatemode.TemplateMode - [THYMELEAF][main] Template Mode 'HTML5' is deprecated. Using Template Mode 'HTML' instead.
2020-06-11 19:39:08.992 [main]  INFO  cn.oasys.web.OasysApplicationTest - Started OasysApplicationTest in 4.86 seconds (JVM running for 5.992)
2020-06-11 19:39:09.407 [main]  INFO  com.zaxxer.hikari.HikariDataSource - HikariPool-1 - Starting...
2020-06-11 19:39:09.743 [main]  INFO  com.zaxxer.hikari.HikariDataSource - HikariPool-1 - Start completed.
2020-06-11 19:39:09.824 [SpringContextShutdownHook]  INFO  o.s.scheduling.concurrent.ThreadPoolTaskExecutor - Shutting down ExecutorService 'applicationTaskExecutor'
2020-06-11 19:39:09.826 [SpringContextShutdownHook]  INFO  com.zaxxer.hikari.HikariDataSource - HikariPool-1 - Shutdown initiated...
2020-06-11 19:39:09.836 [SpringContextShutdownHook]  INFO  com.zaxxer.hikari.HikariDataSource - HikariPool-1 - Shutdown completed.
2020-06-11 19:42:34.025 [main]  INFO  cn.oasys.web.OasysApplicationTest - No active profile set, falling back to default profiles: default
2020-06-11 19:42:35.000 [main]  INFO  o.springframework.cloud.context.scope.GenericScope - BeanFactory id=3f635f86-c906-37e1-9137-3ef09079fa35
2020-06-11 19:42:36.091 [main]  WARN  com.netflix.config.sources.URLConfigurationSource - No URLs will be polled as dynamic configuration sources.
2020-06-11 19:42:36.091 [main]  INFO  com.netflix.config.sources.URLConfigurationSource - To enable URLs as dynamic configuration sources, define System property archaius.configurationSource.additionalUrls or make config.properties available on classpath.
2020-06-11 19:42:36.100 [main]  WARN  com.netflix.config.sources.URLConfigurationSource - No URLs will be polled as dynamic configuration sources.
2020-06-11 19:42:36.100 [main]  INFO  com.netflix.config.sources.URLConfigurationSource - To enable URLs as dynamic configuration sources, define System property archaius.configurationSource.additionalUrls or make config.properties available on classpath.
2020-06-11 19:42:36.401 [main]  INFO  o.s.scheduling.concurrent.ThreadPoolTaskExecutor - Initializing ExecutorService 'applicationTaskExecutor'
2020-06-11 19:42:36.665 [main]  WARN  org.thymeleaf.templatemode.TemplateMode - [THYMELEAF][main] Template Mode 'HTML5' is deprecated. Using Template Mode 'HTML' instead.
2020-06-11 19:42:37.534 [main]  INFO  cn.oasys.web.OasysApplicationTest - Started OasysApplicationTest in 4.851 seconds (JVM running for 5.988)
2020-06-11 19:42:37.978 [main]  INFO  com.zaxxer.hikari.HikariDataSource - HikariPool-1 - Starting...
2020-06-11 19:42:38.423 [main]  INFO  com.zaxxer.hikari.HikariDataSource - HikariPool-1 - Start completed.
2020-06-11 19:42:38.526 [SpringContextShutdownHook]  INFO  o.s.scheduling.concurrent.ThreadPoolTaskExecutor - Shutting down ExecutorService 'applicationTaskExecutor'
2020-06-11 19:42:38.529 [SpringContextShutdownHook]  INFO  com.zaxxer.hikari.HikariDataSource - HikariPool-1 - Shutdown initiated...
2020-06-11 19:42:38.540 [SpringContextShutdownHook]  INFO  com.zaxxer.hikari.HikariDataSource - HikariPool-1 - Shutdown completed.
2020-06-11 19:50:29.845 [main]  INFO  cn.oasys.web.OasysApplicationTest - No active profile set, falling back to default profiles: default
2020-06-11 19:50:30.863 [main]  INFO  o.springframework.cloud.context.scope.GenericScope - BeanFactory id=6ee70e5d-c0ca-3e99-a440-e6b1081a6c77
2020-06-11 19:50:31.877 [main]  WARN  com.netflix.config.sources.URLConfigurationSource - No URLs will be polled as dynamic configuration sources.
2020-06-11 19:50:31.877 [main]  INFO  com.netflix.config.sources.URLConfigurationSource - To enable URLs as dynamic configuration sources, define System property archaius.configurationSource.additionalUrls or make config.properties available on classpath.
2020-06-11 19:50:31.886 [main]  WARN  com.netflix.config.sources.URLConfigurationSource - No URLs will be polled as dynamic configuration sources.
2020-06-11 19:50:31.886 [main]  INFO  com.netflix.config.sources.URLConfigurationSource - To enable URLs as dynamic configuration sources, define System property archaius.configurationSource.additionalUrls or make config.properties available on classpath.
2020-06-11 19:50:32.239 [main]  INFO  o.s.scheduling.concurrent.ThreadPoolTaskExecutor - Initializing ExecutorService 'applicationTaskExecutor'
2020-06-11 19:50:32.670 [main]  WARN  org.thymeleaf.templatemode.TemplateMode - [THYMELEAF][main] Template Mode 'HTML5' is deprecated. Using Template Mode 'HTML' instead.
2020-06-11 19:50:33.783 [main]  INFO  cn.oasys.web.OasysApplicationTest - Started OasysApplicationTest in 5.937 seconds (JVM running for 7.196)
2020-06-11 19:50:34.171 [main]  INFO  com.zaxxer.hikari.HikariDataSource - HikariPool-1 - Starting...
2020-06-11 19:50:34.423 [main]  INFO  com.zaxxer.hikari.HikariDataSource - HikariPool-1 - Start completed.
2020-06-11 19:50:34.530 [SpringContextShutdownHook]  INFO  o.s.scheduling.concurrent.ThreadPoolTaskExecutor - Shutting down ExecutorService 'applicationTaskExecutor'
2020-06-11 19:50:34.533 [SpringContextShutdownHook]  INFO  com.zaxxer.hikari.HikariDataSource - HikariPool-1 - Shutdown initiated...
2020-06-11 19:50:34.545 [SpringContextShutdownHook]  INFO  com.zaxxer.hikari.HikariDataSource - HikariPool-1 - Shutdown completed.
2020-06-11 19:53:06.826 [main]  INFO  cn.oasys.web.OasysApplicationTest - No active profile set, falling back to default profiles: default
2020-06-11 19:53:07.935 [main]  INFO  o.springframework.cloud.context.scope.GenericScope - BeanFactory id=6ee70e5d-c0ca-3e99-a440-e6b1081a6c77
2020-06-11 19:53:09.243 [main]  WARN  com.netflix.config.sources.URLConfigurationSource - No URLs will be polled as dynamic configuration sources.
2020-06-11 19:53:09.244 [main]  INFO  com.netflix.config.sources.URLConfigurationSource - To enable URLs as dynamic configuration sources, define System property archaius.configurationSource.additionalUrls or make config.properties available on classpath.
2020-06-11 19:53:09.253 [main]  WARN  com.netflix.config.sources.URLConfigurationSource - No URLs will be polled as dynamic configuration sources.
2020-06-11 19:53:09.253 [main]  INFO  com.netflix.config.sources.URLConfigurationSource - To enable URLs as dynamic configuration sources, define System property archaius.configurationSource.additionalUrls or make config.properties available on classpath.
2020-06-11 19:53:09.602 [main]  INFO  o.s.scheduling.concurrent.ThreadPoolTaskExecutor - Initializing ExecutorService 'applicationTaskExecutor'
2020-06-11 19:53:10.041 [main]  WARN  org.thymeleaf.templatemode.TemplateMode - [THYMELEAF][main] Template Mode 'HTML5' is deprecated. Using Template Mode 'HTML' instead.
2020-06-11 19:53:11.183 [main]  INFO  cn.oasys.web.OasysApplicationTest - Started OasysApplicationTest in 6.08 seconds (JVM running for 7.351)
2020-06-11 19:53:11.566 [main]  INFO  com.zaxxer.hikari.HikariDataSource - HikariPool-1 - Starting...
2020-06-11 19:53:11.865 [main]  INFO  com.zaxxer.hikari.HikariDataSource - HikariPool-1 - Start completed.
2020-06-11 19:53:11.965 [SpringContextShutdownHook]  INFO  o.s.scheduling.concurrent.ThreadPoolTaskExecutor - Shutting down ExecutorService 'applicationTaskExecutor'
2020-06-11 19:53:11.970 [SpringContextShutdownHook]  INFO  com.zaxxer.hikari.HikariDataSource - HikariPool-1 - Shutdown initiated...
2020-06-11 19:53:11.986 [SpringContextShutdownHook]  INFO  com.zaxxer.hikari.HikariDataSource - HikariPool-1 - Shutdown completed.
2020-06-11 20:55:48.965 [main]  INFO  cn.oasys.web.OasysApplicationTest - No active profile set, falling back to default profiles: default
2020-06-11 20:55:50.561 [main]  INFO  o.springframework.cloud.context.scope.GenericScope - BeanFactory id=6ee70e5d-c0ca-3e99-a440-e6b1081a6c77
2020-06-11 20:55:52.679 [main]  WARN  com.netflix.config.sources.URLConfigurationSource - No URLs will be polled as dynamic configuration sources.
2020-06-11 20:55:52.679 [main]  INFO  com.netflix.config.sources.URLConfigurationSource - To enable URLs as dynamic configuration sources, define System property archaius.configurationSource.additionalUrls or make config.properties available on classpath.
2020-06-11 20:55:52.695 [main]  WARN  com.netflix.config.sources.URLConfigurationSource - No URLs will be polled as dynamic configuration sources.
2020-06-11 20:55:52.695 [main]  INFO  com.netflix.config.sources.URLConfigurationSource - To enable URLs as dynamic configuration sources, define System property archaius.configurationSource.additionalUrls or make config.properties available on classpath.
2020-06-11 20:55:53.236 [main]  INFO  o.s.scheduling.concurrent.ThreadPoolTaskExecutor - Initializing ExecutorService 'applicationTaskExecutor'
2020-06-11 20:55:53.704 [main]  WARN  org.thymeleaf.templatemode.TemplateMode - [THYMELEAF][main] Template Mode 'HTML5' is deprecated. Using Template Mode 'HTML' instead.
2020-06-11 20:55:54.709 [main]  INFO  cn.oasys.web.OasysApplicationTest - Started OasysApplicationTest in 7.73 seconds (JVM running for 9.491)
2020-06-11 20:55:55.278 [SpringContextShutdownHook]  INFO  o.s.scheduling.concurrent.ThreadPoolTaskExecutor - Shutting down ExecutorService 'applicationTaskExecutor'
2020-06-11 20:56:25.582 [main]  INFO  cn.oasys.web.OasysApplicationTest - No active profile set, falling back to default profiles: default
2020-06-11 20:56:27.667 [main]  INFO  o.springframework.cloud.context.scope.GenericScope - BeanFactory id=6ee70e5d-c0ca-3e99-a440-e6b1081a6c77
2020-06-11 20:56:29.036 [main]  WARN  com.netflix.config.sources.URLConfigurationSource - No URLs will be polled as dynamic configuration sources.
2020-06-11 20:56:29.036 [main]  INFO  com.netflix.config.sources.URLConfigurationSource - To enable URLs as dynamic configuration sources, define System property archaius.configurationSource.additionalUrls or make config.properties available on classpath.
2020-06-11 20:56:29.050 [main]  WARN  com.netflix.config.sources.URLConfigurationSource - No URLs will be polled as dynamic configuration sources.
2020-06-11 20:56:29.050 [main]  INFO  com.netflix.config.sources.URLConfigurationSource - To enable URLs as dynamic configuration sources, define System property archaius.configurationSource.additionalUrls or make config.properties available on classpath.
2020-06-11 20:56:29.469 [main]  INFO  o.s.scheduling.concurrent.ThreadPoolTaskExecutor - Initializing ExecutorService 'applicationTaskExecutor'
2020-06-11 20:56:29.915 [main]  WARN  org.thymeleaf.templatemode.TemplateMode - [THYMELEAF][main] Template Mode 'HTML5' is deprecated. Using Template Mode 'HTML' instead.
2020-06-11 20:56:30.880 [main]  INFO  cn.oasys.web.OasysApplicationTest - Started OasysApplicationTest in 7.665 seconds (JVM running for 10.426)
2020-06-11 20:56:31.950 [SpringContextShutdownHook]  INFO  o.s.scheduling.concurrent.ThreadPoolTaskExecutor - Shutting down ExecutorService 'applicationTaskExecutor'
2020-06-11 21:23:08.374 [main]  INFO  cn.oasys.web.OasysApplicationTest - No active profile set, falling back to default profiles: default
2020-06-11 21:23:09.258 [main]  INFO  o.springframework.cloud.context.scope.GenericScope - BeanFactory id=4a011bc0-fb0b-3118-8621-1ff256abe26b
