2020-06-12 11:20:25.077 [main]  INFO  cn.oasys.web.OasysApplicationTest - No active profile set, falling back to default profiles: default
2020-06-12 11:20:26.128 [main]  INFO  o.springframework.cloud.context.scope.GenericScope - BeanFactory id=c34aec1b-b016-3dde-bc56-840ddab54cee
2020-06-12 11:20:27.269 [main]  WARN  com.netflix.config.sources.URLConfigurationSource - No URLs will be polled as dynamic configuration sources.
2020-06-12 11:20:27.269 [main]  INFO  com.netflix.config.sources.URLConfigurationSource - To enable URLs as dynamic configuration sources, define System property archaius.configurationSource.additionalUrls or make config.properties available on classpath.
2020-06-12 11:20:27.280 [main]  WARN  com.netflix.config.sources.URLConfigurationSource - No URLs will be polled as dynamic configuration sources.
2020-06-12 11:20:27.282 [main]  INFO  com.netflix.config.sources.URLConfigurationSource - To enable URLs as dynamic configuration sources, define System property archaius.configurationSource.additionalUrls or make config.properties available on classpath.
2020-06-12 11:20:27.701 [main]  INFO  o.s.scheduling.concurrent.ThreadPoolTaskExecutor - Initializing ExecutorService 'applicationTaskExecutor'
2020-06-12 11:20:28.171 [main]  WARN  org.thymeleaf.templatemode.TemplateMode - [THYMELEAF][main] Template Mode 'HTML5' is deprecated. Using Template Mode 'HTML' instead.
2020-06-12 11:20:29.174 [main]  INFO  cn.oasys.web.OasysApplicationTest - Started OasysApplicationTest in 5.584 seconds (JVM running for 6.99)
2020-06-12 11:20:30.416 [SpringContextShutdownHook]  INFO  o.s.scheduling.concurrent.ThreadPoolTaskExecutor - Shutting down ExecutorService 'applicationTaskExecutor'
2020-06-12 12:09:53.547 [main]  INFO  cn.oasys.web.OasysApplicationTest - No active profile set, falling back to default profiles: default
2020-06-12 12:09:54.757 [main]  INFO  o.springframework.cloud.context.scope.GenericScope - BeanFactory id=5c90fc7e-912f-3210-bcbf-2948241360de
2020-06-12 12:09:56.082 [main]  WARN  com.netflix.config.sources.URLConfigurationSource - No URLs will be polled as dynamic configuration sources.
2020-06-12 12:09:56.082 [main]  INFO  com.netflix.config.sources.URLConfigurationSource - To enable URLs as dynamic configuration sources, define System property archaius.configurationSource.additionalUrls or make config.properties available on classpath.
2020-06-12 12:09:56.089 [main]  WARN  com.netflix.config.sources.URLConfigurationSource - No URLs will be polled as dynamic configuration sources.
2020-06-12 12:09:56.090 [main]  INFO  com.netflix.config.sources.URLConfigurationSource - To enable URLs as dynamic configuration sources, define System property archaius.configurationSource.additionalUrls or make config.properties available on classpath.
2020-06-12 12:09:56.400 [main]  INFO  o.s.scheduling.concurrent.ThreadPoolTaskExecutor - Initializing ExecutorService 'applicationTaskExecutor'
2020-06-12 12:09:56.845 [main]  WARN  org.thymeleaf.templatemode.TemplateMode - [THYMELEAF][main] Template Mode 'HTML5' is deprecated. Using Template Mode 'HTML' instead.
2020-06-12 12:09:58.108 [main]  INFO  cn.oasys.web.OasysApplicationTest - Started OasysApplicationTest in 6.103 seconds (JVM running for 7.256)
2020-06-12 12:09:58.807 [SpringContextShutdownHook]  INFO  o.s.scheduling.concurrent.ThreadPoolTaskExecutor - Shutting down ExecutorService 'applicationTaskExecutor'
2020-06-12 12:26:55.897 [main]  INFO  cn.oasys.web.OasysApplicationTest - No active profile set, falling back to default profiles: default
2020-06-12 12:26:56.911 [main]  INFO  o.springframework.cloud.context.scope.GenericScope - BeanFactory id=5c90fc7e-912f-3210-bcbf-2948241360de
2020-06-12 12:26:58.202 [main]  WARN  com.netflix.config.sources.URLConfigurationSource - No URLs will be polled as dynamic configuration sources.
2020-06-12 12:26:58.203 [main]  INFO  com.netflix.config.sources.URLConfigurationSource - To enable URLs as dynamic configuration sources, define System property archaius.configurationSource.additionalUrls or make config.properties available on classpath.
2020-06-12 12:26:58.211 [main]  WARN  com.netflix.config.sources.URLConfigurationSource - No URLs will be polled as dynamic configuration sources.
2020-06-12 12:26:58.211 [main]  INFO  com.netflix.config.sources.URLConfigurationSource - To enable URLs as dynamic configuration sources, define System property archaius.configurationSource.additionalUrls or make config.properties available on classpath.
2020-06-12 12:26:58.645 [main]  INFO  o.s.scheduling.concurrent.ThreadPoolTaskExecutor - Initializing ExecutorService 'applicationTaskExecutor'
2020-06-12 12:26:59.367 [main]  WARN  org.thymeleaf.templatemode.TemplateMode - [THYMELEAF][main] Template Mode 'HTML5' is deprecated. Using Template Mode 'HTML' instead.
2020-06-12 12:27:00.173 [main]  INFO  cn.oasys.web.OasysApplicationTest - Started OasysApplicationTest in 5.839 seconds (JVM running for 7.263)
2020-06-12 12:27:00.497 [main]  INFO  com.zaxxer.hikari.HikariDataSource - HikariPool-1 - Starting...
2020-06-12 12:27:00.848 [main]  INFO  com.zaxxer.hikari.HikariDataSource - HikariPool-1 - Start completed.
2020-06-12 12:27:00.938 [SpringContextShutdownHook]  INFO  o.s.scheduling.concurrent.ThreadPoolTaskExecutor - Shutting down ExecutorService 'applicationTaskExecutor'
2020-06-12 12:27:00.941 [SpringContextShutdownHook]  INFO  com.zaxxer.hikari.HikariDataSource - HikariPool-1 - Shutdown initiated...
2020-06-12 12:27:00.953 [SpringContextShutdownHook]  INFO  com.zaxxer.hikari.HikariDataSource - HikariPool-1 - Shutdown completed.
2020-06-12 12:28:36.223 [main]  INFO  cn.oasys.web.OasysApplicationTest - No active profile set, falling back to default profiles: default
2020-06-12 12:28:37.355 [main]  INFO  o.springframework.cloud.context.scope.GenericScope - BeanFactory id=5c90fc7e-912f-3210-bcbf-2948241360de
2020-06-12 12:28:38.734 [main]  WARN  com.netflix.config.sources.URLConfigurationSource - No URLs will be polled as dynamic configuration sources.
2020-06-12 12:28:38.735 [main]  INFO  com.netflix.config.sources.URLConfigurationSource - To enable URLs as dynamic configuration sources, define System property archaius.configurationSource.additionalUrls or make config.properties available on classpath.
2020-06-12 12:28:38.743 [main]  WARN  com.netflix.config.sources.URLConfigurationSource - No URLs will be polled as dynamic configuration sources.
2020-06-12 12:28:38.744 [main]  INFO  com.netflix.config.sources.URLConfigurationSource - To enable URLs as dynamic configuration sources, define System property archaius.configurationSource.additionalUrls or make config.properties available on classpath.
2020-06-12 12:28:39.110 [main]  INFO  o.s.scheduling.concurrent.ThreadPoolTaskExecutor - Initializing ExecutorService 'applicationTaskExecutor'
2020-06-12 12:28:39.654 [main]  WARN  org.thymeleaf.templatemode.TemplateMode - [THYMELEAF][main] Template Mode 'HTML5' is deprecated. Using Template Mode 'HTML' instead.
2020-06-12 12:28:40.495 [main]  INFO  cn.oasys.web.OasysApplicationTest - Started OasysApplicationTest in 5.971 seconds (JVM running for 7.323)
2020-06-12 12:28:40.784 [main]  INFO  com.zaxxer.hikari.HikariDataSource - HikariPool-1 - Starting...
2020-06-12 12:28:41.043 [main]  INFO  com.zaxxer.hikari.HikariDataSource - HikariPool-1 - Start completed.
2020-06-12 12:28:41.148 [SpringContextShutdownHook]  INFO  o.s.scheduling.concurrent.ThreadPoolTaskExecutor - Shutting down ExecutorService 'applicationTaskExecutor'
2020-06-12 12:28:41.151 [SpringContextShutdownHook]  INFO  com.zaxxer.hikari.HikariDataSource - HikariPool-1 - Shutdown initiated...
2020-06-12 12:28:41.166 [SpringContextShutdownHook]  INFO  com.zaxxer.hikari.HikariDataSource - HikariPool-1 - Shutdown completed.
2020-06-12 12:30:02.717 [main]  INFO  cn.oasys.web.OasysApplicationTest - No active profile set, falling back to default profiles: default
2020-06-12 12:30:03.958 [main]  INFO  o.springframework.cloud.context.scope.GenericScope - BeanFactory id=5c90fc7e-912f-3210-bcbf-2948241360de
2020-06-12 12:30:05.425 [main]  WARN  com.netflix.config.sources.URLConfigurationSource - No URLs will be polled as dynamic configuration sources.
2020-06-12 12:30:05.426 [main]  INFO  com.netflix.config.sources.URLConfigurationSource - To enable URLs as dynamic configuration sources, define System property archaius.configurationSource.additionalUrls or make config.properties available on classpath.
2020-06-12 12:30:05.437 [main]  WARN  com.netflix.config.sources.URLConfigurationSource - No URLs will be polled as dynamic configuration sources.
2020-06-12 12:30:05.437 [main]  INFO  com.netflix.config.sources.URLConfigurationSource - To enable URLs as dynamic configuration sources, define System property archaius.configurationSource.additionalUrls or make config.properties available on classpath.
2020-06-12 12:30:05.896 [main]  INFO  o.s.scheduling.concurrent.ThreadPoolTaskExecutor - Initializing ExecutorService 'applicationTaskExecutor'
2020-06-12 12:30:06.327 [main]  WARN  org.thymeleaf.templatemode.TemplateMode - [THYMELEAF][main] Template Mode 'HTML5' is deprecated. Using Template Mode 'HTML' instead.
2020-06-12 12:30:07.750 [main]  INFO  cn.oasys.web.OasysApplicationTest - Started OasysApplicationTest in 7.409 seconds (JVM running for 8.81)
2020-06-12 12:30:08.175 [main]  INFO  com.zaxxer.hikari.HikariDataSource - HikariPool-1 - Starting...
2020-06-12 12:30:08.421 [main]  INFO  com.zaxxer.hikari.HikariDataSource - HikariPool-1 - Start completed.
2020-06-12 12:30:08.510 [SpringContextShutdownHook]  INFO  o.s.scheduling.concurrent.ThreadPoolTaskExecutor - Shutting down ExecutorService 'applicationTaskExecutor'
2020-06-12 12:30:08.512 [SpringContextShutdownHook]  INFO  com.zaxxer.hikari.HikariDataSource - HikariPool-1 - Shutdown initiated...
2020-06-12 12:30:08.525 [SpringContextShutdownHook]  INFO  com.zaxxer.hikari.HikariDataSource - HikariPool-1 - Shutdown completed.
2020-06-12 12:31:30.332 [main]  INFO  cn.oasys.web.OasysApplicationTest - No active profile set, falling back to default profiles: default
2020-06-12 12:31:31.816 [main]  INFO  o.springframework.cloud.context.scope.GenericScope - BeanFactory id=5c90fc7e-912f-3210-bcbf-2948241360de
2020-06-12 12:31:33.750 [main]  WARN  com.netflix.config.sources.URLConfigurationSource - No URLs will be polled as dynamic configuration sources.
2020-06-12 12:31:33.751 [main]  INFO  com.netflix.config.sources.URLConfigurationSource - To enable URLs as dynamic configuration sources, define System property archaius.configurationSource.additionalUrls or make config.properties available on classpath.
2020-06-12 12:31:33.760 [main]  WARN  com.netflix.config.sources.URLConfigurationSource - No URLs will be polled as dynamic configuration sources.
2020-06-12 12:31:33.761 [main]  INFO  com.netflix.config.sources.URLConfigurationSource - To enable URLs as dynamic configuration sources, define System property archaius.configurationSource.additionalUrls or make config.properties available on classpath.
2020-06-12 12:31:34.166 [main]  INFO  o.s.scheduling.concurrent.ThreadPoolTaskExecutor - Initializing ExecutorService 'applicationTaskExecutor'
2020-06-12 12:31:34.600 [main]  WARN  org.thymeleaf.templatemode.TemplateMode - [THYMELEAF][main] Template Mode 'HTML5' is deprecated. Using Template Mode 'HTML' instead.
2020-06-12 12:31:35.576 [main]  INFO  cn.oasys.web.OasysApplicationTest - Started OasysApplicationTest in 7.205 seconds (JVM running for 9.14)
2020-06-12 12:31:35.887 [main]  INFO  com.zaxxer.hikari.HikariDataSource - HikariPool-1 - Starting...
2020-06-12 12:31:36.125 [main]  INFO  com.zaxxer.hikari.HikariDataSource - HikariPool-1 - Start completed.
2020-06-12 12:31:36.213 [SpringContextShutdownHook]  INFO  o.s.scheduling.concurrent.ThreadPoolTaskExecutor - Shutting down ExecutorService 'applicationTaskExecutor'
2020-06-12 12:31:36.215 [SpringContextShutdownHook]  INFO  com.zaxxer.hikari.HikariDataSource - HikariPool-1 - Shutdown initiated...
2020-06-12 12:31:36.229 [SpringContextShutdownHook]  INFO  com.zaxxer.hikari.HikariDataSource - HikariPool-1 - Shutdown completed.
2020-06-12 13:34:53.629 [main]  INFO  cn.oasys.web.OasysApplicationTest - No active profile set, falling back to default profiles: default
2020-06-12 13:34:54.660 [main]  INFO  o.springframework.cloud.context.scope.GenericScope - BeanFactory id=5c90fc7e-912f-3210-bcbf-2948241360de
2020-06-12 13:34:55.793 [main]  WARN  com.netflix.config.sources.URLConfigurationSource - No URLs will be polled as dynamic configuration sources.
2020-06-12 13:34:55.793 [main]  INFO  com.netflix.config.sources.URLConfigurationSource - To enable URLs as dynamic configuration sources, define System property archaius.configurationSource.additionalUrls or make config.properties available on classpath.
2020-06-12 13:34:55.803 [main]  WARN  com.netflix.config.sources.URLConfigurationSource - No URLs will be polled as dynamic configuration sources.
2020-06-12 13:34:55.803 [main]  INFO  com.netflix.config.sources.URLConfigurationSource - To enable URLs as dynamic configuration sources, define System property archaius.configurationSource.additionalUrls or make config.properties available on classpath.
2020-06-12 13:34:56.093 [main]  INFO  o.s.scheduling.concurrent.ThreadPoolTaskExecutor - Initializing ExecutorService 'applicationTaskExecutor'
2020-06-12 13:34:56.405 [main]  WARN  org.thymeleaf.templatemode.TemplateMode - [THYMELEAF][main] Template Mode 'HTML5' is deprecated. Using Template Mode 'HTML' instead.
2020-06-12 13:34:57.264 [main]  INFO  cn.oasys.web.OasysApplicationTest - Started OasysApplicationTest in 5.054 seconds (JVM running for 6.188)
2020-06-12 13:34:57.999 [SpringContextShutdownHook]  INFO  o.s.scheduling.concurrent.ThreadPoolTaskExecutor - Shutting down ExecutorService 'applicationTaskExecutor'
2020-06-12 13:57:08.654 [main]  INFO  cn.oasys.web.OasysApplicationTest - No active profile set, falling back to default profiles: default
2020-06-12 13:57:09.661 [main]  INFO  o.springframework.cloud.context.scope.GenericScope - BeanFactory id=a054a5a6-0458-3aef-8fc0-60f32e0a4cbb
2020-06-12 13:57:10.727 [main]  WARN  com.netflix.config.sources.URLConfigurationSource - No URLs will be polled as dynamic configuration sources.
2020-06-12 13:57:10.727 [main]  INFO  com.netflix.config.sources.URLConfigurationSource - To enable URLs as dynamic configuration sources, define System property archaius.configurationSource.additionalUrls or make config.properties available on classpath.
2020-06-12 13:57:10.736 [main]  WARN  com.netflix.config.sources.URLConfigurationSource - No URLs will be polled as dynamic configuration sources.
2020-06-12 13:57:10.736 [main]  INFO  com.netflix.config.sources.URLConfigurationSource - To enable URLs as dynamic configuration sources, define System property archaius.configurationSource.additionalUrls or make config.properties available on classpath.
2020-06-12 13:57:10.999 [main]  INFO  o.s.scheduling.concurrent.ThreadPoolTaskExecutor - Initializing ExecutorService 'applicationTaskExecutor'
2020-06-12 13:57:11.301 [main]  WARN  org.thymeleaf.templatemode.TemplateMode - [THYMELEAF][main] Template Mode 'HTML5' is deprecated. Using Template Mode 'HTML' instead.
2020-06-12 13:57:12.128 [main]  INFO  cn.oasys.web.OasysApplicationTest - Started OasysApplicationTest in 4.864 seconds (JVM running for 6.149)
2020-06-12 13:57:12.443 [main]  INFO  com.zaxxer.hikari.HikariDataSource - HikariPool-1 - Starting...
2020-06-12 13:57:12.676 [main]  INFO  com.zaxxer.hikari.HikariDataSource - HikariPool-1 - Start completed.
2020-06-12 13:57:12.887 [SpringContextShutdownHook]  INFO  o.s.scheduling.concurrent.ThreadPoolTaskExecutor - Shutting down ExecutorService 'applicationTaskExecutor'
2020-06-12 13:57:12.889 [SpringContextShutdownHook]  INFO  com.zaxxer.hikari.HikariDataSource - HikariPool-1 - Shutdown initiated...
2020-06-12 13:57:12.903 [SpringContextShutdownHook]  INFO  com.zaxxer.hikari.HikariDataSource - HikariPool-1 - Shutdown completed.
2020-06-12 13:58:04.481 [main]  INFO  cn.oasys.web.OasysApplicationTest - No active profile set, falling back to default profiles: default
2020-06-12 13:58:05.445 [main]  INFO  o.springframework.cloud.context.scope.GenericScope - BeanFactory id=a054a5a6-0458-3aef-8fc0-60f32e0a4cbb
2020-06-12 13:58:06.570 [main]  WARN  com.netflix.config.sources.URLConfigurationSource - No URLs will be polled as dynamic configuration sources.
2020-06-12 13:58:06.570 [main]  INFO  com.netflix.config.sources.URLConfigurationSource - To enable URLs as dynamic configuration sources, define System property archaius.configurationSource.additionalUrls or make config.properties available on classpath.
2020-06-12 13:58:06.578 [main]  WARN  com.netflix.config.sources.URLConfigurationSource - No URLs will be polled as dynamic configuration sources.
2020-06-12 13:58:06.578 [main]  INFO  com.netflix.config.sources.URLConfigurationSource - To enable URLs as dynamic configuration sources, define System property archaius.configurationSource.additionalUrls or make config.properties available on classpath.
2020-06-12 13:58:06.871 [main]  INFO  o.s.scheduling.concurrent.ThreadPoolTaskExecutor - Initializing ExecutorService 'applicationTaskExecutor'
2020-06-12 13:58:07.183 [main]  WARN  org.thymeleaf.templatemode.TemplateMode - [THYMELEAF][main] Template Mode 'HTML5' is deprecated. Using Template Mode 'HTML' instead.
2020-06-12 13:58:08.300 [main]  INFO  cn.oasys.web.OasysApplicationTest - Started OasysApplicationTest in 5.197 seconds (JVM running for 6.329)
2020-06-12 13:58:08.766 [main]  INFO  com.zaxxer.hikari.HikariDataSource - HikariPool-1 - Starting...
2020-06-12 13:58:09.034 [main]  INFO  com.zaxxer.hikari.HikariDataSource - HikariPool-1 - Start completed.
2020-06-12 13:58:09.115 [SpringContextShutdownHook]  INFO  o.s.scheduling.concurrent.ThreadPoolTaskExecutor - Shutting down ExecutorService 'applicationTaskExecutor'
2020-06-12 13:58:09.118 [SpringContextShutdownHook]  INFO  com.zaxxer.hikari.HikariDataSource - HikariPool-1 - Shutdown initiated...
2020-06-12 13:58:09.134 [SpringContextShutdownHook]  INFO  com.zaxxer.hikari.HikariDataSource - HikariPool-1 - Shutdown completed.
2020-06-12 20:17:01.876 [main]  INFO  cn.oasys.web.OasysApplicationTest - No active profile set, falling back to default profiles: default
2020-06-12 20:17:03.174 [main]  INFO  o.springframework.cloud.context.scope.GenericScope - BeanFactory id=a054a5a6-0458-3aef-8fc0-60f32e0a4cbb
2020-06-12 20:17:04.297 [main]  WARN  com.netflix.config.sources.URLConfigurationSource - No URLs will be polled as dynamic configuration sources.
2020-06-12 20:17:04.298 [main]  INFO  com.netflix.config.sources.URLConfigurationSource - To enable URLs as dynamic configuration sources, define System property archaius.configurationSource.additionalUrls or make config.properties available on classpath.
2020-06-12 20:17:04.304 [main]  WARN  com.netflix.config.sources.URLConfigurationSource - No URLs will be polled as dynamic configuration sources.
2020-06-12 20:17:04.305 [main]  INFO  com.netflix.config.sources.URLConfigurationSource - To enable URLs as dynamic configuration sources, define System property archaius.configurationSource.additionalUrls or make config.properties available on classpath.
2020-06-12 20:17:04.602 [main]  INFO  o.s.scheduling.concurrent.ThreadPoolTaskExecutor - Initializing ExecutorService 'applicationTaskExecutor'
2020-06-12 20:17:05.009 [main]  WARN  org.thymeleaf.templatemode.TemplateMode - [THYMELEAF][main] Template Mode 'HTML5' is deprecated. Using Template Mode 'HTML' instead.
2020-06-12 20:17:06.287 [main]  INFO  cn.oasys.web.OasysApplicationTest - Started OasysApplicationTest in 5.8 seconds (JVM running for 6.924)
2020-06-12 20:17:08.356 [SpringContextShutdownHook]  INFO  o.s.scheduling.concurrent.ThreadPoolTaskExecutor - Shutting down ExecutorService 'applicationTaskExecutor'
2020-06-12 20:20:22.512 [main]  INFO  cn.oasys.web.OasysApplicationTest - No active profile set, falling back to default profiles: default
2020-06-12 20:20:23.647 [main]  INFO  o.springframework.cloud.context.scope.GenericScope - BeanFactory id=a054a5a6-0458-3aef-8fc0-60f32e0a4cbb
2020-06-12 20:20:24.925 [main]  WARN  com.netflix.config.sources.URLConfigurationSource - No URLs will be polled as dynamic configuration sources.
2020-06-12 20:20:24.926 [main]  INFO  com.netflix.config.sources.URLConfigurationSource - To enable URLs as dynamic configuration sources, define System property archaius.configurationSource.additionalUrls or make config.properties available on classpath.
2020-06-12 20:20:24.937 [main]  WARN  com.netflix.config.sources.URLConfigurationSource - No URLs will be polled as dynamic configuration sources.
2020-06-12 20:20:24.938 [main]  INFO  com.netflix.config.sources.URLConfigurationSource - To enable URLs as dynamic configuration sources, define System property archaius.configurationSource.additionalUrls or make config.properties available on classpath.
2020-06-12 20:20:25.283 [main]  INFO  o.s.scheduling.concurrent.ThreadPoolTaskExecutor - Initializing ExecutorService 'applicationTaskExecutor'
2020-06-12 20:20:25.625 [main]  WARN  org.thymeleaf.templatemode.TemplateMode - [THYMELEAF][main] Template Mode 'HTML5' is deprecated. Using Template Mode 'HTML' instead.
2020-06-12 20:20:26.336 [main]  INFO  cn.oasys.web.OasysApplicationTest - Started OasysApplicationTest in 5.44 seconds (JVM running for 7.03)
2020-06-12 20:20:26.957 [SpringContextShutdownHook]  INFO  o.s.scheduling.concurrent.ThreadPoolTaskExecutor - Shutting down ExecutorService 'applicationTaskExecutor'
2020-06-12 20:23:43.754 [main]  INFO  cn.oasys.web.OasysApplicationTest - No active profile set, falling back to default profiles: default
2020-06-12 20:23:44.745 [main]  INFO  o.springframework.cloud.context.scope.GenericScope - BeanFactory id=a054a5a6-0458-3aef-8fc0-60f32e0a4cbb
2020-06-12 20:23:45.945 [main]  WARN  com.netflix.config.sources.URLConfigurationSource - No URLs will be polled as dynamic configuration sources.
2020-06-12 20:23:45.945 [main]  INFO  com.netflix.config.sources.URLConfigurationSource - To enable URLs as dynamic configuration sources, define System property archaius.configurationSource.additionalUrls or make config.properties available on classpath.
2020-06-12 20:23:45.953 [main]  WARN  com.netflix.config.sources.URLConfigurationSource - No URLs will be polled as dynamic configuration sources.
2020-06-12 20:23:45.954 [main]  INFO  com.netflix.config.sources.URLConfigurationSource - To enable URLs as dynamic configuration sources, define System property archaius.configurationSource.additionalUrls or make config.properties available on classpath.
2020-06-12 20:23:46.245 [main]  INFO  o.s.scheduling.concurrent.ThreadPoolTaskExecutor - Initializing ExecutorService 'applicationTaskExecutor'
2020-06-12 20:23:46.544 [main]  WARN  org.thymeleaf.templatemode.TemplateMode - [THYMELEAF][main] Template Mode 'HTML5' is deprecated. Using Template Mode 'HTML' instead.
2020-06-12 20:23:47.977 [main]  INFO  cn.oasys.web.OasysApplicationTest - Started OasysApplicationTest in 5.579 seconds (JVM running for 6.785)
2020-06-12 20:23:48.642 [SpringContextShutdownHook]  INFO  o.s.scheduling.concurrent.ThreadPoolTaskExecutor - Shutting down ExecutorService 'applicationTaskExecutor'
2020-06-12 20:24:52.808 [main]  INFO  cn.oasys.web.OasysApplicationTest - No active profile set, falling back to default profiles: default
2020-06-12 20:24:53.836 [main]  INFO  o.springframework.cloud.context.scope.GenericScope - BeanFactory id=a054a5a6-0458-3aef-8fc0-60f32e0a4cbb
2020-06-12 20:24:55.000 [main]  WARN  com.netflix.config.sources.URLConfigurationSource - No URLs will be polled as dynamic configuration sources.
2020-06-12 20:24:55.000 [main]  INFO  com.netflix.config.sources.URLConfigurationSource - To enable URLs as dynamic configuration sources, define System property archaius.configurationSource.additionalUrls or make config.properties available on classpath.
2020-06-12 20:24:55.009 [main]  WARN  com.netflix.config.sources.URLConfigurationSource - No URLs will be polled as dynamic configuration sources.
2020-06-12 20:24:55.009 [main]  INFO  com.netflix.config.sources.URLConfigurationSource - To enable URLs as dynamic configuration sources, define System property archaius.configurationSource.additionalUrls or make config.properties available on classpath.
2020-06-12 20:24:55.374 [main]  INFO  o.s.scheduling.concurrent.ThreadPoolTaskExecutor - Initializing ExecutorService 'applicationTaskExecutor'
2020-06-12 20:24:55.747 [main]  WARN  org.thymeleaf.templatemode.TemplateMode - [THYMELEAF][main] Template Mode 'HTML5' is deprecated. Using Template Mode 'HTML' instead.
2020-06-12 20:24:56.966 [main]  INFO  cn.oasys.web.OasysApplicationTest - Started OasysApplicationTest in 5.732 seconds (JVM running for 7.029)
2020-06-12 20:24:57.707 [SpringContextShutdownHook]  INFO  o.s.scheduling.concurrent.ThreadPoolTaskExecutor - Shutting down ExecutorService 'applicationTaskExecutor'
2020-06-12 20:44:27.745 [main]  INFO  cn.oasys.web.OasysApplicationTest - No active profile set, falling back to default profiles: default
2020-06-12 20:44:28.727 [main]  INFO  o.springframework.cloud.context.scope.GenericScope - BeanFactory id=fe3125ed-86e5-3142-ad0e-9f30abe94a0b
2020-06-12 20:44:29.384 [main]  WARN  o.s.w.context.support.GenericWebApplicationContext - Exception encountered during context initialization - cancelling refresh attempt: org.springframework.beans.factory.UnsatisfiedDependencyException: Error creating bean with name 'indexController': Unsatisfied dependency expressed through field 'userService'; nested exception is org.springframework.beans.factory.UnsatisfiedDependencyException: Error creating bean with name 'userServiceImpl': Unsatisfied dependency expressed through field 'aoaUserMapper'; nested exception is org.springframework.beans.factory.UnsatisfiedDependencyException: Error creating bean with name 'aoaUserMapper' defined in file [C:\Users\wang\IdeaProjects\oasys\oasys-web\target\classes\cn\oasys\web\model\dao\user\AoaUserMapper.class]: Unsatisfied dependency expressed through bean property 'sqlSessionFactory'; nested exception is org.springframework.beans.factory.BeanCreationException: Error creating bean with name 'sqlSessionFactory' defined in class path resource [org/mybatis/spring/boot/autoconfigure/MybatisAutoConfiguration.class]: Bean instantiation via factory method failed; nested exception is org.springframework.beans.BeanInstantiationException: Failed to instantiate [org.apache.ibatis.session.SqlSessionFactory]: Factory method 'sqlSessionFactory' threw exception; nested exception is org.springframework.core.NestedIOException: Failed to parse mapping resource: 'file [C:\Users\wang\IdeaProjects\oasys\oasys-web\target\classes\mapping\AoaScheduleListMapper.xml]'; nested exception is org.apache.ibatis.builder.BuilderException: Error parsing Mapper XML. The XML location is 'file [C:\Users\wang\IdeaProjects\oasys\oasys-web\target\classes\mapping\AoaScheduleListMapper.xml]'. Cause: org.apache.ibatis.builder.BuilderException: Error resolving class. Cause: org.apache.ibatis.type.TypeException: Could not resolve type alias 'cn.oasys.web.model.pojo.AoaScheduleListExample'.  Cause: java.lang.ClassNotFoundException: Cannot find class: cn.oasys.web.model.pojo.AoaScheduleListExample
2020-06-12 20:44:29.398 [main]  INFO  o.s.b.a.l.ConditionEvaluationReportLoggingListener - 

Error starting ApplicationContext. To display the conditions report re-run your application with 'debug' enabled.
2020-06-12 20:45:17.145 [main]  INFO  cn.oasys.web.OasysApplicationTest - No active profile set, falling back to default profiles: default
2020-06-12 20:45:18.158 [main]  INFO  o.springframework.cloud.context.scope.GenericScope - BeanFactory id=fe3125ed-86e5-3142-ad0e-9f30abe94a0b
2020-06-12 20:45:18.812 [main]  WARN  o.s.w.context.support.GenericWebApplicationContext - Exception encountered during context initialization - cancelling refresh attempt: org.springframework.beans.factory.UnsatisfiedDependencyException: Error creating bean with name 'indexController': Unsatisfied dependency expressed through field 'userService'; nested exception is org.springframework.beans.factory.UnsatisfiedDependencyException: Error creating bean with name 'userServiceImpl': Unsatisfied dependency expressed through field 'aoaUserMapper'; nested exception is org.springframework.beans.factory.UnsatisfiedDependencyException: Error creating bean with name 'aoaUserMapper' defined in file [C:\Users\wang\IdeaProjects\oasys\oasys-web\target\classes\cn\oasys\web\model\dao\user\AoaUserMapper.class]: Unsatisfied dependency expressed through bean property 'sqlSessionFactory'; nested exception is org.springframework.beans.factory.BeanCreationException: Error creating bean with name 'sqlSessionFactory' defined in class path resource [org/mybatis/spring/boot/autoconfigure/MybatisAutoConfiguration.class]: Bean instantiation via factory method failed; nested exception is org.springframework.beans.BeanInstantiationException: Failed to instantiate [org.apache.ibatis.session.SqlSessionFactory]: Factory method 'sqlSessionFactory' threw exception; nested exception is org.springframework.core.NestedIOException: Failed to parse mapping resource: 'file [C:\Users\wang\IdeaProjects\oasys\oasys-web\target\classes\mapping\AoaScheduleListMapper.xml]'; nested exception is org.apache.ibatis.builder.BuilderException: Error parsing Mapper XML. The XML location is 'file [C:\Users\wang\IdeaProjects\oasys\oasys-web\target\classes\mapping\AoaScheduleListMapper.xml]'. Cause: org.apache.ibatis.builder.BuilderException: Error resolving class. Cause: org.apache.ibatis.type.TypeException: Could not resolve type alias 'cn.oasys.web.model.pojo.AoaScheduleListExample'.  Cause: java.lang.ClassNotFoundException: Cannot find class: cn.oasys.web.model.pojo.AoaScheduleListExample
2020-06-12 20:45:18.826 [main]  INFO  o.s.b.a.l.ConditionEvaluationReportLoggingListener - 

Error starting ApplicationContext. To display the conditions report re-run your application with 'debug' enabled.
2020-06-12 21:30:06.856 [main]  INFO  cn.oasys.web.OasysApplicationTest - No active profile set, falling back to default profiles: default
2020-06-12 21:30:07.842 [main]  INFO  o.springframework.cloud.context.scope.GenericScope - BeanFactory id=fe3125ed-86e5-3142-ad0e-9f30abe94a0b
2020-06-12 21:30:08.462 [main]  WARN  o.s.w.context.support.GenericWebApplicationContext - Exception encountered during context initialization - cancelling refresh attempt: org.springframework.beans.factory.UnsatisfiedDependencyException: Error creating bean with name 'indexController': Unsatisfied dependency expressed through field 'userService'; nested exception is org.springframework.beans.factory.UnsatisfiedDependencyException: Error creating bean with name 'userServiceImpl': Unsatisfied dependency expressed through field 'aoaUserMapper'; nested exception is org.springframework.beans.factory.UnsatisfiedDependencyException: Error creating bean with name 'aoaUserMapper' defined in file [C:\Users\wang\IdeaProjects\oasys\oasys-web\target\classes\cn\oasys\web\model\dao\user\AoaUserMapper.class]: Unsatisfied dependency expressed through bean property 'sqlSessionFactory'; nested exception is org.springframework.beans.factory.BeanCreationException: Error creating bean with name 'sqlSessionFactory' defined in class path resource [org/mybatis/spring/boot/autoconfigure/MybatisAutoConfiguration.class]: Bean instantiation via factory method failed; nested exception is org.springframework.beans.BeanInstantiationException: Failed to instantiate [org.apache.ibatis.session.SqlSessionFactory]: Factory method 'sqlSessionFactory' threw exception; nested exception is org.springframework.core.NestedIOException: Failed to parse mapping resource: 'file [C:\Users\wang\IdeaProjects\oasys\oasys-web\target\classes\mapping\AoaScheduleListMapper.xml]'; nested exception is org.apache.ibatis.builder.BuilderException: Error parsing Mapper XML. The XML location is 'file [C:\Users\wang\IdeaProjects\oasys\oasys-web\target\classes\mapping\AoaScheduleListMapper.xml]'. Cause: org.apache.ibatis.builder.BuilderException: Error resolving class. Cause: org.apache.ibatis.type.TypeException: Could not resolve type alias 'cn.oasys.web.model.pojo.AoaScheduleListExample'.  Cause: java.lang.ClassNotFoundException: Cannot find class: cn.oasys.web.model.pojo.AoaScheduleListExample
2020-06-12 21:30:08.472 [main]  INFO  o.s.b.a.l.ConditionEvaluationReportLoggingListener - 

Error starting ApplicationContext. To display the conditions report re-run your application with 'debug' enabled.
2020-06-12 22:02:13.049 [main]  INFO  cn.oasys.web.OasysApplicationTest - No active profile set, falling back to default profiles: default
2020-06-12 22:02:14.084 [main]  INFO  o.springframework.cloud.context.scope.GenericScope - BeanFactory id=7305c593-6c37-3c75-a585-1be65b0a7947
2020-06-12 22:02:15.258 [main]  WARN  com.netflix.config.sources.URLConfigurationSource - No URLs will be polled as dynamic configuration sources.
2020-06-12 22:02:15.258 [main]  INFO  com.netflix.config.sources.URLConfigurationSource - To enable URLs as dynamic configuration sources, define System property archaius.configurationSource.additionalUrls or make config.properties available on classpath.
2020-06-12 22:02:15.265 [main]  WARN  com.netflix.config.sources.URLConfigurationSource - No URLs will be polled as dynamic configuration sources.
2020-06-12 22:02:15.265 [main]  INFO  com.netflix.config.sources.URLConfigurationSource - To enable URLs as dynamic configuration sources, define System property archaius.configurationSource.additionalUrls or make config.properties available on classpath.
2020-06-12 22:02:15.568 [main]  INFO  o.s.scheduling.concurrent.ThreadPoolTaskExecutor - Initializing ExecutorService 'applicationTaskExecutor'
2020-06-12 22:02:15.884 [main]  WARN  org.thymeleaf.templatemode.TemplateMode - [THYMELEAF][main] Template Mode 'HTML5' is deprecated. Using Template Mode 'HTML' instead.
2020-06-12 22:02:16.858 [main]  INFO  cn.oasys.web.OasysApplicationTest - Started OasysApplicationTest in 5.21 seconds (JVM running for 6.319)
2020-06-12 22:02:17.625 [SpringContextShutdownHook]  INFO  o.s.scheduling.concurrent.ThreadPoolTaskExecutor - Shutting down ExecutorService 'applicationTaskExecutor'
2020-06-12 22:24:17.065 [main]  INFO  cn.oasys.web.OasysApplicationTest - No active profile set, falling back to default profiles: default
2020-06-12 22:24:17.998 [main]  INFO  o.springframework.cloud.context.scope.GenericScope - BeanFactory id=73a787a8-0f5f-3140-85ad-71c1c78498e7
2020-06-12 22:24:19.210 [main]  WARN  com.netflix.config.sources.URLConfigurationSource - No URLs will be polled as dynamic configuration sources.
2020-06-12 22:24:19.210 [main]  INFO  com.netflix.config.sources.URLConfigurationSource - To enable URLs as dynamic configuration sources, define System property archaius.configurationSource.additionalUrls or make config.properties available on classpath.
2020-06-12 22:24:19.218 [main]  WARN  com.netflix.config.sources.URLConfigurationSource - No URLs will be polled as dynamic configuration sources.
2020-06-12 22:24:19.219 [main]  INFO  com.netflix.config.sources.URLConfigurationSource - To enable URLs as dynamic configuration sources, define System property archaius.configurationSource.additionalUrls or make config.properties available on classpath.
2020-06-12 22:24:19.500 [main]  INFO  o.s.scheduling.concurrent.ThreadPoolTaskExecutor - Initializing ExecutorService 'applicationTaskExecutor'
2020-06-12 22:24:19.897 [main]  WARN  org.thymeleaf.templatemode.TemplateMode - [THYMELEAF][main] Template Mode 'HTML5' is deprecated. Using Template Mode 'HTML' instead.
2020-06-12 22:24:20.834 [main]  INFO  cn.oasys.web.OasysApplicationTest - Started OasysApplicationTest in 5.237 seconds (JVM running for 6.474)
2020-06-12 22:24:21.137 [main]  INFO  com.zaxxer.hikari.HikariDataSource - HikariPool-1 - Starting...
2020-06-12 22:24:21.375 [main]  INFO  com.zaxxer.hikari.HikariDataSource - HikariPool-1 - Start completed.
2020-06-12 22:24:21.497 [SpringContextShutdownHook]  INFO  o.s.scheduling.concurrent.ThreadPoolTaskExecutor - Shutting down ExecutorService 'applicationTaskExecutor'
2020-06-12 22:24:21.501 [SpringContextShutdownHook]  INFO  com.zaxxer.hikari.HikariDataSource - HikariPool-1 - Shutdown initiated...
2020-06-12 22:24:21.520 [SpringContextShutdownHook]  INFO  com.zaxxer.hikari.HikariDataSource - HikariPool-1 - Shutdown completed.
