2020-06-18 20:47:06.009 [restartedMain]  INFO  o.s.b.d.env.DevToolsPropertyDefaultsPostProcessor - Devtools property defaults active! Set 'spring.devtools.add-properties' to 'false' to disable
2020-06-18 20:47:06.779 [restartedMain]  INFO  cn.oasys.web.OasysWebApplication - No active profile set, falling back to default profiles: default
2020-06-18 20:47:08.093 [restartedMain]  INFO  o.springframework.cloud.context.scope.GenericScope - BeanFactory id=80cfc141-a172-394d-8af0-fa280c56247e
2020-06-18 20:47:14.037 [restartedMain]  INFO  o.s.boot.web.embedded.tomcat.TomcatWebServer - Tomcat initialized with port(s): 8080 (http)
2020-06-18 20:47:14.132 [restartedMain]  INFO  org.apache.coyote.http11.Http11NioProtocol - Initializing ProtocolHandler ["http-nio-8080"]
2020-06-18 20:47:14.132 [restartedMain]  INFO  org.apache.catalina.core.StandardService - Starting service [Tomcat]
2020-06-18 20:47:14.132 [restartedMain]  INFO  org.apache.catalina.core.StandardEngine - Starting Servlet engine: [Apache Tomcat/9.0.35]
2020-06-18 20:47:14.262 [restartedMain]  INFO  o.a.c.core.ContainerBase.[Tomcat].[localhost].[/] - Initializing Spring embedded WebApplicationContext
2020-06-18 20:47:14.262 [restartedMain]  INFO  org.springframework.web.context.ContextLoader - Root WebApplicationContext: initialization completed in 7462 ms
2020-06-18 20:47:15.139 [restartedMain]  WARN  com.netflix.config.sources.URLConfigurationSource - No URLs will be polled as dynamic configuration sources.
2020-06-18 20:47:15.140 [restartedMain]  INFO  com.netflix.config.sources.URLConfigurationSource - To enable URLs as dynamic configuration sources, define System property archaius.configurationSource.additionalUrls or make config.properties available on classpath.
2020-06-18 20:47:15.146 [restartedMain]  WARN  com.netflix.config.sources.URLConfigurationSource - No URLs will be polled as dynamic configuration sources.
2020-06-18 20:47:15.147 [restartedMain]  INFO  com.netflix.config.sources.URLConfigurationSource - To enable URLs as dynamic configuration sources, define System property archaius.configurationSource.additionalUrls or make config.properties available on classpath.
2020-06-18 20:47:15.369 [restartedMain]  INFO  o.s.scheduling.concurrent.ThreadPoolTaskExecutor - Initializing ExecutorService 'applicationTaskExecutor'
2020-06-18 20:47:15.670 [restartedMain]  WARN  org.thymeleaf.templatemode.TemplateMode - [THYMELEAF][restartedMain] Template Mode 'HTML5' is deprecated. Using Template Mode 'HTML' instead.
2020-06-18 20:47:16.571 [restartedMain]  INFO  o.s.b.d.autoconfigure.OptionalLiveReloadServer - LiveReload server is running on port 35729
2020-06-18 20:47:17.012 [restartedMain]  INFO  org.apache.coyote.http11.Http11NioProtocol - Starting ProtocolHandler ["http-nio-8080"]
2020-06-18 20:47:17.044 [restartedMain]  INFO  o.s.boot.web.embedded.tomcat.TomcatWebServer - Tomcat started on port(s): 8080 (http) with context path ''
2020-06-18 20:47:17.474 [restartedMain]  INFO  cn.oasys.web.OasysWebApplication - Started OasysWebApplication in 12.458 seconds (JVM running for 13.234)
2020-06-18 20:47:29.171 [Thread-259]  INFO  o.s.scheduling.concurrent.ThreadPoolTaskExecutor - Shutting down ExecutorService 'applicationTaskExecutor'
2020-06-18 20:47:30.194 [restartedMain]  INFO  cn.oasys.web.OasysWebApplication - No active profile set, falling back to default profiles: default
2020-06-18 20:47:30.779 [restartedMain]  INFO  o.springframework.cloud.context.scope.GenericScope - BeanFactory id=80cfc141-a172-394d-8af0-fa280c56247e
2020-06-18 20:47:30.953 [restartedMain]  INFO  o.s.boot.web.embedded.tomcat.TomcatWebServer - Tomcat initialized with port(s): 8080 (http)
2020-06-18 20:47:30.954 [restartedMain]  INFO  org.apache.coyote.http11.Http11NioProtocol - Initializing ProtocolHandler ["http-nio-8080"]
2020-06-18 20:47:30.955 [restartedMain]  INFO  org.apache.catalina.core.StandardService - Starting service [Tomcat]
2020-06-18 20:47:30.955 [restartedMain]  INFO  org.apache.catalina.core.StandardEngine - Starting Servlet engine: [Apache Tomcat/9.0.35]
2020-06-18 20:47:30.986 [restartedMain]  INFO  o.a.c.core.ContainerBase.[Tomcat].[localhost].[/] - Initializing Spring embedded WebApplicationContext
2020-06-18 20:47:30.986 [restartedMain]  INFO  org.springframework.web.context.ContextLoader - Root WebApplicationContext: initialization completed in 787 ms
2020-06-18 20:47:31.268 [restartedMain]  WARN  com.netflix.config.sources.URLConfigurationSource - No URLs will be polled as dynamic configuration sources.
2020-06-18 20:47:31.268 [restartedMain]  INFO  com.netflix.config.sources.URLConfigurationSource - To enable URLs as dynamic configuration sources, define System property archaius.configurationSource.additionalUrls or make config.properties available on classpath.
2020-06-18 20:47:31.341 [restartedMain]  INFO  o.s.scheduling.concurrent.ThreadPoolTaskExecutor - Initializing ExecutorService 'applicationTaskExecutor'
2020-06-18 20:47:31.403 [restartedMain]  WARN  org.thymeleaf.templatemode.TemplateMode - [THYMELEAF][restartedMain] Template Mode 'HTML5' is deprecated. Using Template Mode 'HTML' instead.
2020-06-18 20:47:31.923 [restartedMain]  INFO  o.s.b.d.autoconfigure.OptionalLiveReloadServer - LiveReload server is running on port 35729
2020-06-18 20:47:32.268 [restartedMain]  INFO  org.apache.coyote.http11.Http11NioProtocol - Starting ProtocolHandler ["http-nio-8080"]
2020-06-18 20:47:32.273 [restartedMain]  INFO  o.s.boot.web.embedded.tomcat.TomcatWebServer - Tomcat started on port(s): 8080 (http) with context path ''
2020-06-18 20:47:32.679 [restartedMain]  INFO  cn.oasys.web.OasysWebApplication - Started OasysWebApplication in 3.32 seconds (JVM running for 28.439)
2020-06-18 20:47:32.682 [restartedMain]  INFO  o.s.b.d.a.ConditionEvaluationDeltaLoggingListener - Condition evaluation unchanged
2020-06-18 20:47:44.701 [Thread-263]  INFO  o.s.scheduling.concurrent.ThreadPoolTaskExecutor - Shutting down ExecutorService 'applicationTaskExecutor'
2020-06-18 20:47:45.687 [restartedMain]  INFO  cn.oasys.web.OasysWebApplication - No active profile set, falling back to default profiles: default
2020-06-18 20:47:46.210 [restartedMain]  INFO  o.springframework.cloud.context.scope.GenericScope - BeanFactory id=80cfc141-a172-394d-8af0-fa280c56247e
2020-06-18 20:47:46.357 [restartedMain]  INFO  o.s.boot.web.embedded.tomcat.TomcatWebServer - Tomcat initialized with port(s): 8080 (http)
2020-06-18 20:47:46.358 [restartedMain]  INFO  org.apache.coyote.http11.Http11NioProtocol - Initializing ProtocolHandler ["http-nio-8080"]
2020-06-18 20:47:46.358 [restartedMain]  INFO  org.apache.catalina.core.StandardService - Starting service [Tomcat]
2020-06-18 20:47:46.358 [restartedMain]  INFO  org.apache.catalina.core.StandardEngine - Starting Servlet engine: [Apache Tomcat/9.0.35]
2020-06-18 20:47:46.379 [restartedMain]  INFO  o.a.c.core.ContainerBase.[Tomcat].[localhost].[/] - Initializing Spring embedded WebApplicationContext
2020-06-18 20:47:46.379 [restartedMain]  INFO  org.springframework.web.context.ContextLoader - Root WebApplicationContext: initialization completed in 688 ms
2020-06-18 20:47:46.610 [restartedMain]  WARN  com.netflix.config.sources.URLConfigurationSource - No URLs will be polled as dynamic configuration sources.
2020-06-18 20:47:46.610 [restartedMain]  INFO  com.netflix.config.sources.URLConfigurationSource - To enable URLs as dynamic configuration sources, define System property archaius.configurationSource.additionalUrls or make config.properties available on classpath.
2020-06-18 20:47:46.677 [restartedMain]  INFO  o.s.scheduling.concurrent.ThreadPoolTaskExecutor - Initializing ExecutorService 'applicationTaskExecutor'
2020-06-18 20:47:46.724 [restartedMain]  WARN  org.thymeleaf.templatemode.TemplateMode - [THYMELEAF][restartedMain] Template Mode 'HTML5' is deprecated. Using Template Mode 'HTML' instead.
2020-06-18 20:47:47.264 [restartedMain]  INFO  o.s.b.d.autoconfigure.OptionalLiveReloadServer - LiveReload server is running on port 35729
2020-06-18 20:47:47.596 [restartedMain]  INFO  org.apache.coyote.http11.Http11NioProtocol - Starting ProtocolHandler ["http-nio-8080"]
2020-06-18 20:47:47.600 [restartedMain]  INFO  o.s.boot.web.embedded.tomcat.TomcatWebServer - Tomcat started on port(s): 8080 (http) with context path ''
2020-06-18 20:47:47.971 [restartedMain]  INFO  cn.oasys.web.OasysWebApplication - Started OasysWebApplication in 3.086 seconds (JVM running for 43.731)
2020-06-18 20:47:47.973 [restartedMain]  INFO  o.s.b.d.a.ConditionEvaluationDeltaLoggingListener - Condition evaluation unchanged
2020-06-18 20:48:00.468 [http-nio-8080-exec-1]  INFO  o.a.c.core.ContainerBase.[Tomcat].[localhost].[/] - Initializing Spring DispatcherServlet 'dispatcherServlet'
2020-06-18 20:48:00.469 [http-nio-8080-exec-1]  INFO  org.springframework.web.servlet.DispatcherServlet - Initializing Servlet 'dispatcherServlet'
2020-06-18 20:48:00.480 [http-nio-8080-exec-1]  INFO  org.springframework.web.servlet.DispatcherServlet - Completed initialization in 11 ms
2020-06-18 20:48:14.335 [http-nio-8080-exec-10]  INFO  com.zaxxer.hikari.HikariDataSource - HikariPool-1 - Starting...
2020-06-18 20:48:14.848 [http-nio-8080-exec-10]  INFO  com.zaxxer.hikari.HikariDataSource - HikariPool-1 - Start completed.
2020-06-18 20:49:48.648 [Thread-522]  INFO  o.s.scheduling.concurrent.ThreadPoolTaskExecutor - Shutting down ExecutorService 'applicationTaskExecutor'
2020-06-18 20:49:48.649 [Thread-522]  INFO  com.zaxxer.hikari.HikariDataSource - HikariPool-1 - Shutdown initiated...
2020-06-18 20:49:48.676 [Thread-522]  INFO  com.zaxxer.hikari.HikariDataSource - HikariPool-1 - Shutdown completed.
2020-06-18 20:49:49.695 [restartedMain]  INFO  cn.oasys.web.OasysWebApplication - No active profile set, falling back to default profiles: default
2020-06-18 20:49:50.168 [restartedMain]  INFO  o.springframework.cloud.context.scope.GenericScope - BeanFactory id=06afb9ec-efb1-3b80-80ca-08a7309226dc
2020-06-18 20:49:50.311 [restartedMain]  INFO  o.s.boot.web.embedded.tomcat.TomcatWebServer - Tomcat initialized with port(s): 8080 (http)
2020-06-18 20:49:50.312 [restartedMain]  INFO  org.apache.coyote.http11.Http11NioProtocol - Initializing ProtocolHandler ["http-nio-8080"]
2020-06-18 20:49:50.312 [restartedMain]  INFO  org.apache.catalina.core.StandardService - Starting service [Tomcat]
2020-06-18 20:49:50.312 [restartedMain]  INFO  org.apache.catalina.core.StandardEngine - Starting Servlet engine: [Apache Tomcat/9.0.35]
2020-06-18 20:49:50.340 [restartedMain]  INFO  o.a.c.core.ContainerBase.[Tomcat].[localhost].[/] - Initializing Spring embedded WebApplicationContext
2020-06-18 20:49:50.340 [restartedMain]  INFO  org.springframework.web.context.ContextLoader - Root WebApplicationContext: initialization completed in 642 ms
2020-06-18 20:49:50.596 [restartedMain]  WARN  com.netflix.config.sources.URLConfigurationSource - No URLs will be polled as dynamic configuration sources.
2020-06-18 20:49:50.596 [restartedMain]  INFO  com.netflix.config.sources.URLConfigurationSource - To enable URLs as dynamic configuration sources, define System property archaius.configurationSource.additionalUrls or make config.properties available on classpath.
2020-06-18 20:49:50.656 [restartedMain]  INFO  o.s.scheduling.concurrent.ThreadPoolTaskExecutor - Initializing ExecutorService 'applicationTaskExecutor'
2020-06-18 20:49:50.720 [restartedMain]  WARN  org.thymeleaf.templatemode.TemplateMode - [THYMELEAF][restartedMain] Template Mode 'HTML5' is deprecated. Using Template Mode 'HTML' instead.
2020-06-18 20:49:51.213 [restartedMain]  INFO  o.s.b.d.autoconfigure.OptionalLiveReloadServer - LiveReload server is running on port 35729
2020-06-18 20:49:51.531 [restartedMain]  INFO  org.apache.coyote.http11.Http11NioProtocol - Starting ProtocolHandler ["http-nio-8080"]
2020-06-18 20:49:51.534 [restartedMain]  INFO  o.s.boot.web.embedded.tomcat.TomcatWebServer - Tomcat started on port(s): 8080 (http) with context path ''
2020-06-18 20:49:51.835 [restartedMain]  INFO  cn.oasys.web.OasysWebApplication - Started OasysWebApplication in 2.859 seconds (JVM running for 167.593)
2020-06-18 20:49:51.836 [restartedMain]  INFO  o.s.b.d.a.ConditionEvaluationDeltaLoggingListener - Condition evaluation unchanged
2020-06-18 20:49:58.083 [Thread-782]  INFO  o.s.scheduling.concurrent.ThreadPoolTaskExecutor - Shutting down ExecutorService 'applicationTaskExecutor'
2020-06-18 20:49:59.053 [restartedMain]  INFO  cn.oasys.web.OasysWebApplication - No active profile set, falling back to default profiles: default
2020-06-18 20:49:59.401 [restartedMain]  INFO  o.springframework.cloud.context.scope.GenericScope - BeanFactory id=80cfc141-a172-394d-8af0-fa280c56247e
2020-06-18 20:49:59.543 [restartedMain]  INFO  o.s.boot.web.embedded.tomcat.TomcatWebServer - Tomcat initialized with port(s): 8080 (http)
2020-06-18 20:49:59.544 [restartedMain]  INFO  org.apache.coyote.http11.Http11NioProtocol - Initializing ProtocolHandler ["http-nio-8080"]
2020-06-18 20:49:59.544 [restartedMain]  INFO  org.apache.catalina.core.StandardService - Starting service [Tomcat]
2020-06-18 20:49:59.544 [restartedMain]  INFO  org.apache.catalina.core.StandardEngine - Starting Servlet engine: [Apache Tomcat/9.0.35]
2020-06-18 20:49:59.569 [restartedMain]  INFO  o.a.c.core.ContainerBase.[Tomcat].[localhost].[/] - Initializing Spring embedded WebApplicationContext
2020-06-18 20:49:59.569 [restartedMain]  INFO  org.springframework.web.context.ContextLoader - Root WebApplicationContext: initialization completed in 513 ms
2020-06-18 20:49:59.792 [restartedMain]  WARN  com.netflix.config.sources.URLConfigurationSource - No URLs will be polled as dynamic configuration sources.
2020-06-18 20:49:59.792 [restartedMain]  INFO  com.netflix.config.sources.URLConfigurationSource - To enable URLs as dynamic configuration sources, define System property archaius.configurationSource.additionalUrls or make config.properties available on classpath.
2020-06-18 20:49:59.852 [restartedMain]  INFO  o.s.scheduling.concurrent.ThreadPoolTaskExecutor - Initializing ExecutorService 'applicationTaskExecutor'
2020-06-18 20:49:59.897 [restartedMain]  WARN  org.thymeleaf.templatemode.TemplateMode - [THYMELEAF][restartedMain] Template Mode 'HTML5' is deprecated. Using Template Mode 'HTML' instead.
2020-06-18 20:50:00.339 [restartedMain]  INFO  o.s.b.d.autoconfigure.OptionalLiveReloadServer - LiveReload server is running on port 35729
2020-06-18 20:50:00.661 [restartedMain]  INFO  org.apache.coyote.http11.Http11NioProtocol - Starting ProtocolHandler ["http-nio-8080"]
2020-06-18 20:50:00.673 [restartedMain]  INFO  o.s.boot.web.embedded.tomcat.TomcatWebServer - Tomcat started on port(s): 8080 (http) with context path ''
2020-06-18 20:50:00.971 [restartedMain]  INFO  cn.oasys.web.OasysWebApplication - Started OasysWebApplication in 2.604 seconds (JVM running for 176.728)
2020-06-18 20:50:00.972 [restartedMain]  INFO  o.s.b.d.a.ConditionEvaluationDeltaLoggingListener - Condition evaluation unchanged
2020-06-18 20:50:19.708 [Thread-1041]  INFO  o.s.scheduling.concurrent.ThreadPoolTaskExecutor - Shutting down ExecutorService 'applicationTaskExecutor'
2020-06-18 20:50:20.584 [restartedMain]  INFO  cn.oasys.web.OasysWebApplication - No active profile set, falling back to default profiles: default
2020-06-18 20:50:20.918 [restartedMain]  INFO  o.springframework.cloud.context.scope.GenericScope - BeanFactory id=80cfc141-a172-394d-8af0-fa280c56247e
2020-06-18 20:50:21.075 [restartedMain]  INFO  o.s.boot.web.embedded.tomcat.TomcatWebServer - Tomcat initialized with port(s): 8080 (http)
2020-06-18 20:50:21.076 [restartedMain]  INFO  org.apache.coyote.http11.Http11NioProtocol - Initializing ProtocolHandler ["http-nio-8080"]
2020-06-18 20:50:21.076 [restartedMain]  INFO  org.apache.catalina.core.StandardService - Starting service [Tomcat]
2020-06-18 20:50:21.076 [restartedMain]  INFO  org.apache.catalina.core.StandardEngine - Starting Servlet engine: [Apache Tomcat/9.0.35]
2020-06-18 20:50:21.102 [restartedMain]  INFO  o.a.c.core.ContainerBase.[Tomcat].[localhost].[/] - Initializing Spring embedded WebApplicationContext
2020-06-18 20:50:21.102 [restartedMain]  INFO  org.springframework.web.context.ContextLoader - Root WebApplicationContext: initialization completed in 515 ms
2020-06-18 20:50:21.329 [restartedMain]  WARN  com.netflix.config.sources.URLConfigurationSource - No URLs will be polled as dynamic configuration sources.
2020-06-18 20:50:21.329 [restartedMain]  INFO  com.netflix.config.sources.URLConfigurationSource - To enable URLs as dynamic configuration sources, define System property archaius.configurationSource.additionalUrls or make config.properties available on classpath.
2020-06-18 20:50:21.374 [restartedMain]  INFO  o.s.scheduling.concurrent.ThreadPoolTaskExecutor - Initializing ExecutorService 'applicationTaskExecutor'
2020-06-18 20:50:21.424 [restartedMain]  WARN  org.thymeleaf.templatemode.TemplateMode - [THYMELEAF][restartedMain] Template Mode 'HTML5' is deprecated. Using Template Mode 'HTML' instead.
2020-06-18 20:50:21.874 [restartedMain]  INFO  o.s.b.d.autoconfigure.OptionalLiveReloadServer - LiveReload server is running on port 35729
2020-06-18 20:50:22.193 [restartedMain]  INFO  org.apache.coyote.http11.Http11NioProtocol - Starting ProtocolHandler ["http-nio-8080"]
2020-06-18 20:50:22.196 [restartedMain]  INFO  o.s.boot.web.embedded.tomcat.TomcatWebServer - Tomcat started on port(s): 8080 (http) with context path ''
2020-06-18 20:50:22.498 [restartedMain]  INFO  cn.oasys.web.OasysWebApplication - Started OasysWebApplication in 2.587 seconds (JVM running for 198.256)
2020-06-18 20:50:22.500 [restartedMain]  INFO  o.s.b.d.a.ConditionEvaluationDeltaLoggingListener - Condition evaluation unchanged
2020-06-18 20:50:31.962 [Thread-1300]  INFO  o.s.scheduling.concurrent.ThreadPoolTaskExecutor - Shutting down ExecutorService 'applicationTaskExecutor'
2020-06-18 20:50:32.960 [restartedMain]  INFO  cn.oasys.web.OasysWebApplication - No active profile set, falling back to default profiles: default
2020-06-18 20:50:33.346 [restartedMain]  INFO  o.springframework.cloud.context.scope.GenericScope - BeanFactory id=80cfc141-a172-394d-8af0-fa280c56247e
2020-06-18 20:50:33.485 [restartedMain]  INFO  o.s.boot.web.embedded.tomcat.TomcatWebServer - Tomcat initialized with port(s): 8080 (http)
2020-06-18 20:50:33.485 [restartedMain]  INFO  org.apache.coyote.http11.Http11NioProtocol - Initializing ProtocolHandler ["http-nio-8080"]
2020-06-18 20:50:33.485 [restartedMain]  INFO  org.apache.catalina.core.StandardService - Starting service [Tomcat]
2020-06-18 20:50:33.486 [restartedMain]  INFO  org.apache.catalina.core.StandardEngine - Starting Servlet engine: [Apache Tomcat/9.0.35]
2020-06-18 20:50:33.503 [restartedMain]  INFO  o.a.c.core.ContainerBase.[Tomcat].[localhost].[/] - Initializing Spring embedded WebApplicationContext
2020-06-18 20:50:33.504 [restartedMain]  INFO  org.springframework.web.context.ContextLoader - Root WebApplicationContext: initialization completed in 541 ms
2020-06-18 20:50:33.687 [restartedMain]  WARN  com.netflix.config.sources.URLConfigurationSource - No URLs will be polled as dynamic configuration sources.
2020-06-18 20:50:33.688 [restartedMain]  INFO  com.netflix.config.sources.URLConfigurationSource - To enable URLs as dynamic configuration sources, define System property archaius.configurationSource.additionalUrls or make config.properties available on classpath.
2020-06-18 20:50:33.754 [restartedMain]  INFO  o.s.scheduling.concurrent.ThreadPoolTaskExecutor - Initializing ExecutorService 'applicationTaskExecutor'
2020-06-18 20:50:33.791 [restartedMain]  WARN  org.thymeleaf.templatemode.TemplateMode - [THYMELEAF][restartedMain] Template Mode 'HTML5' is deprecated. Using Template Mode 'HTML' instead.
2020-06-18 20:50:34.232 [restartedMain]  INFO  o.s.b.d.autoconfigure.OptionalLiveReloadServer - LiveReload server is running on port 35729
2020-06-18 20:50:34.550 [restartedMain]  INFO  org.apache.coyote.http11.Http11NioProtocol - Starting ProtocolHandler ["http-nio-8080"]
2020-06-18 20:50:34.554 [restartedMain]  INFO  o.s.boot.web.embedded.tomcat.TomcatWebServer - Tomcat started on port(s): 8080 (http) with context path ''
2020-06-18 20:50:34.844 [restartedMain]  INFO  cn.oasys.web.OasysWebApplication - Started OasysWebApplication in 2.672 seconds (JVM running for 210.602)
2020-06-18 20:50:34.845 [restartedMain]  INFO  o.s.b.d.a.ConditionEvaluationDeltaLoggingListener - Condition evaluation unchanged
2020-06-18 20:50:38.328 [Thread-1559]  INFO  o.s.scheduling.concurrent.ThreadPoolTaskExecutor - Shutting down ExecutorService 'applicationTaskExecutor'
2020-06-18 20:50:39.157 [restartedMain]  INFO  cn.oasys.web.OasysWebApplication - No active profile set, falling back to default profiles: default
2020-06-18 20:50:39.501 [restartedMain]  INFO  o.springframework.cloud.context.scope.GenericScope - BeanFactory id=80cfc141-a172-394d-8af0-fa280c56247e
2020-06-18 20:50:39.634 [restartedMain]  INFO  o.s.boot.web.embedded.tomcat.TomcatWebServer - Tomcat initialized with port(s): 8080 (http)
2020-06-18 20:50:39.634 [restartedMain]  INFO  org.apache.coyote.http11.Http11NioProtocol - Initializing ProtocolHandler ["http-nio-8080"]
2020-06-18 20:50:39.635 [restartedMain]  INFO  org.apache.catalina.core.StandardService - Starting service [Tomcat]
2020-06-18 20:50:39.635 [restartedMain]  INFO  org.apache.catalina.core.StandardEngine - Starting Servlet engine: [Apache Tomcat/9.0.35]
2020-06-18 20:50:39.657 [restartedMain]  INFO  o.a.c.core.ContainerBase.[Tomcat].[localhost].[/] - Initializing Spring embedded WebApplicationContext
2020-06-18 20:50:39.657 [restartedMain]  INFO  org.springframework.web.context.ContextLoader - Root WebApplicationContext: initialization completed in 497 ms
2020-06-18 20:50:39.829 [restartedMain]  WARN  com.netflix.config.sources.URLConfigurationSource - No URLs will be polled as dynamic configuration sources.
2020-06-18 20:50:39.829 [restartedMain]  INFO  com.netflix.config.sources.URLConfigurationSource - To enable URLs as dynamic configuration sources, define System property archaius.configurationSource.additionalUrls or make config.properties available on classpath.
2020-06-18 20:50:39.863 [restartedMain]  INFO  o.s.scheduling.concurrent.ThreadPoolTaskExecutor - Initializing ExecutorService 'applicationTaskExecutor'
2020-06-18 20:50:39.891 [restartedMain]  WARN  org.thymeleaf.templatemode.TemplateMode - [THYMELEAF][restartedMain] Template Mode 'HTML5' is deprecated. Using Template Mode 'HTML' instead.
2020-06-18 20:50:40.354 [restartedMain]  INFO  o.s.b.d.autoconfigure.OptionalLiveReloadServer - LiveReload server is running on port 35729
2020-06-18 20:50:40.659 [restartedMain]  INFO  org.apache.coyote.http11.Http11NioProtocol - Starting ProtocolHandler ["http-nio-8080"]
2020-06-18 20:50:40.661 [restartedMain]  INFO  o.s.boot.web.embedded.tomcat.TomcatWebServer - Tomcat started on port(s): 8080 (http) with context path ''
2020-06-18 20:50:40.947 [restartedMain]  INFO  cn.oasys.web.OasysWebApplication - Started OasysWebApplication in 2.451 seconds (JVM running for 216.704)
2020-06-18 20:50:40.948 [restartedMain]  INFO  o.s.b.d.a.ConditionEvaluationDeltaLoggingListener - Condition evaluation unchanged
2020-06-18 20:51:50.040 [Thread-1818]  INFO  o.s.scheduling.concurrent.ThreadPoolTaskExecutor - Shutting down ExecutorService 'applicationTaskExecutor'
2020-06-18 20:51:50.944 [restartedMain]  INFO  cn.oasys.web.OasysWebApplication - No active profile set, falling back to default profiles: default
2020-06-18 20:51:51.249 [restartedMain]  INFO  o.springframework.cloud.context.scope.GenericScope - BeanFactory id=80cfc141-a172-394d-8af0-fa280c56247e
2020-06-18 20:51:51.358 [restartedMain]  INFO  o.s.boot.web.embedded.tomcat.TomcatWebServer - Tomcat initialized with port(s): 8080 (http)
2020-06-18 20:51:51.358 [restartedMain]  INFO  org.apache.coyote.http11.Http11NioProtocol - Initializing ProtocolHandler ["http-nio-8080"]
2020-06-18 20:51:51.358 [restartedMain]  INFO  org.apache.catalina.core.StandardService - Starting service [Tomcat]
2020-06-18 20:51:51.358 [restartedMain]  INFO  org.apache.catalina.core.StandardEngine - Starting Servlet engine: [Apache Tomcat/9.0.35]
2020-06-18 20:51:51.376 [restartedMain]  INFO  o.a.c.core.ContainerBase.[Tomcat].[localhost].[/] - Initializing Spring embedded WebApplicationContext
2020-06-18 20:51:51.376 [restartedMain]  INFO  org.springframework.web.context.ContextLoader - Root WebApplicationContext: initialization completed in 430 ms
2020-06-18 20:51:51.546 [restartedMain]  WARN  com.netflix.config.sources.URLConfigurationSource - No URLs will be polled as dynamic configuration sources.
2020-06-18 20:51:51.547 [restartedMain]  INFO  com.netflix.config.sources.URLConfigurationSource - To enable URLs as dynamic configuration sources, define System property archaius.configurationSource.additionalUrls or make config.properties available on classpath.
2020-06-18 20:51:51.581 [restartedMain]  INFO  o.s.scheduling.concurrent.ThreadPoolTaskExecutor - Initializing ExecutorService 'applicationTaskExecutor'
2020-06-18 20:51:51.610 [restartedMain]  WARN  org.thymeleaf.templatemode.TemplateMode - [THYMELEAF][restartedMain] Template Mode 'HTML5' is deprecated. Using Template Mode 'HTML' instead.
2020-06-18 20:51:52.033 [restartedMain]  INFO  o.s.b.d.autoconfigure.OptionalLiveReloadServer - LiveReload server is running on port 35729
2020-06-18 20:51:52.340 [restartedMain]  INFO  org.apache.coyote.http11.Http11NioProtocol - Starting ProtocolHandler ["http-nio-8080"]
2020-06-18 20:51:52.342 [restartedMain]  INFO  o.s.boot.web.embedded.tomcat.TomcatWebServer - Tomcat started on port(s): 8080 (http) with context path ''
2020-06-18 20:51:52.635 [restartedMain]  INFO  cn.oasys.web.OasysWebApplication - Started OasysWebApplication in 2.351 seconds (JVM running for 288.391)
2020-06-18 20:51:52.636 [restartedMain]  INFO  o.s.b.d.a.ConditionEvaluationDeltaLoggingListener - Condition evaluation unchanged
2020-06-18 20:53:08.685 [Thread-2077]  INFO  o.s.scheduling.concurrent.ThreadPoolTaskExecutor - Shutting down ExecutorService 'applicationTaskExecutor'
2020-06-18 20:53:09.580 [restartedMain]  INFO  cn.oasys.web.OasysWebApplication - No active profile set, falling back to default profiles: default
2020-06-18 20:53:09.864 [restartedMain]  INFO  o.springframework.cloud.context.scope.GenericScope - BeanFactory id=80cfc141-a172-394d-8af0-fa280c56247e
2020-06-18 20:53:09.958 [restartedMain]  INFO  o.s.boot.web.embedded.tomcat.TomcatWebServer - Tomcat initialized with port(s): 8080 (http)
2020-06-18 20:53:09.959 [restartedMain]  INFO  org.apache.coyote.http11.Http11NioProtocol - Initializing ProtocolHandler ["http-nio-8080"]
2020-06-18 20:53:09.959 [restartedMain]  INFO  org.apache.catalina.core.StandardService - Starting service [Tomcat]
2020-06-18 20:53:09.959 [restartedMain]  INFO  org.apache.catalina.core.StandardEngine - Starting Servlet engine: [Apache Tomcat/9.0.35]
2020-06-18 20:53:09.975 [restartedMain]  INFO  o.a.c.core.ContainerBase.[Tomcat].[localhost].[/] - Initializing Spring embedded WebApplicationContext
2020-06-18 20:53:09.975 [restartedMain]  INFO  org.springframework.web.context.ContextLoader - Root WebApplicationContext: initialization completed in 393 ms
2020-06-18 20:53:10.130 [restartedMain]  WARN  com.netflix.config.sources.URLConfigurationSource - No URLs will be polled as dynamic configuration sources.
2020-06-18 20:53:10.131 [restartedMain]  INFO  com.netflix.config.sources.URLConfigurationSource - To enable URLs as dynamic configuration sources, define System property archaius.configurationSource.additionalUrls or make config.properties available on classpath.
2020-06-18 20:53:10.178 [restartedMain]  INFO  o.s.scheduling.concurrent.ThreadPoolTaskExecutor - Initializing ExecutorService 'applicationTaskExecutor'
2020-06-18 20:53:10.211 [restartedMain]  WARN  org.thymeleaf.templatemode.TemplateMode - [THYMELEAF][restartedMain] Template Mode 'HTML5' is deprecated. Using Template Mode 'HTML' instead.
2020-06-18 20:53:10.819 [restartedMain]  INFO  o.s.b.d.autoconfigure.OptionalLiveReloadServer - LiveReload server is running on port 35729
2020-06-18 20:53:11.174 [restartedMain]  INFO  org.apache.coyote.http11.Http11NioProtocol - Starting ProtocolHandler ["http-nio-8080"]
2020-06-18 20:53:11.177 [restartedMain]  INFO  o.s.boot.web.embedded.tomcat.TomcatWebServer - Tomcat started on port(s): 8080 (http) with context path ''
2020-06-18 20:53:11.599 [restartedMain]  INFO  cn.oasys.web.OasysWebApplication - Started OasysWebApplication in 2.686 seconds (JVM running for 367.355)
2020-06-18 20:53:11.601 [restartedMain]  INFO  o.s.b.d.a.ConditionEvaluationDeltaLoggingListener - Condition evaluation unchanged
2020-06-18 20:53:22.013 [Thread-2336]  INFO  o.s.scheduling.concurrent.ThreadPoolTaskExecutor - Shutting down ExecutorService 'applicationTaskExecutor'
2020-06-18 20:53:22.930 [restartedMain]  INFO  cn.oasys.web.OasysWebApplication - No active profile set, falling back to default profiles: default
2020-06-18 20:53:23.290 [restartedMain]  INFO  o.springframework.cloud.context.scope.GenericScope - BeanFactory id=80cfc141-a172-394d-8af0-fa280c56247e
2020-06-18 20:53:23.411 [restartedMain]  INFO  o.s.boot.web.embedded.tomcat.TomcatWebServer - Tomcat initialized with port(s): 8080 (http)
2020-06-18 20:53:23.412 [restartedMain]  INFO  org.apache.coyote.http11.Http11NioProtocol - Initializing ProtocolHandler ["http-nio-8080"]
2020-06-18 20:53:23.412 [restartedMain]  INFO  org.apache.catalina.core.StandardService - Starting service [Tomcat]
2020-06-18 20:53:23.413 [restartedMain]  INFO  org.apache.catalina.core.StandardEngine - Starting Servlet engine: [Apache Tomcat/9.0.35]
2020-06-18 20:53:23.433 [restartedMain]  INFO  o.a.c.core.ContainerBase.[Tomcat].[localhost].[/] - Initializing Spring embedded WebApplicationContext
2020-06-18 20:53:23.433 [restartedMain]  INFO  org.springframework.web.context.ContextLoader - Root WebApplicationContext: initialization completed in 500 ms
2020-06-18 20:53:23.596 [restartedMain]  WARN  com.netflix.config.sources.URLConfigurationSource - No URLs will be polled as dynamic configuration sources.
2020-06-18 20:53:23.596 [restartedMain]  INFO  com.netflix.config.sources.URLConfigurationSource - To enable URLs as dynamic configuration sources, define System property archaius.configurationSource.additionalUrls or make config.properties available on classpath.
2020-06-18 20:53:23.638 [restartedMain]  INFO  o.s.scheduling.concurrent.ThreadPoolTaskExecutor - Initializing ExecutorService 'applicationTaskExecutor'
2020-06-18 20:53:23.664 [restartedMain]  WARN  org.thymeleaf.templatemode.TemplateMode - [THYMELEAF][restartedMain] Template Mode 'HTML5' is deprecated. Using Template Mode 'HTML' instead.
2020-06-18 20:53:24.115 [restartedMain]  INFO  o.s.b.d.autoconfigure.OptionalLiveReloadServer - LiveReload server is running on port 35729
2020-06-18 20:53:24.439 [restartedMain]  INFO  org.apache.coyote.http11.Http11NioProtocol - Starting ProtocolHandler ["http-nio-8080"]
2020-06-18 20:53:24.442 [restartedMain]  INFO  o.s.boot.web.embedded.tomcat.TomcatWebServer - Tomcat started on port(s): 8080 (http) with context path ''
2020-06-18 20:53:24.755 [restartedMain]  INFO  cn.oasys.web.OasysWebApplication - Started OasysWebApplication in 2.511 seconds (JVM running for 380.51)
2020-06-18 20:53:24.756 [restartedMain]  INFO  o.s.b.d.a.ConditionEvaluationDeltaLoggingListener - Condition evaluation unchanged
2020-06-18 20:53:36.687 [Thread-2595]  INFO  o.s.scheduling.concurrent.ThreadPoolTaskExecutor - Shutting down ExecutorService 'applicationTaskExecutor'
2020-06-18 20:53:37.536 [restartedMain]  INFO  cn.oasys.web.OasysWebApplication - No active profile set, falling back to default profiles: default
2020-06-18 20:53:37.855 [restartedMain]  INFO  o.springframework.cloud.context.scope.GenericScope - BeanFactory id=80cfc141-a172-394d-8af0-fa280c56247e
2020-06-18 20:53:37.980 [restartedMain]  INFO  o.s.boot.web.embedded.tomcat.TomcatWebServer - Tomcat initialized with port(s): 8080 (http)
2020-06-18 20:53:37.980 [restartedMain]  INFO  org.apache.coyote.http11.Http11NioProtocol - Initializing ProtocolHandler ["http-nio-8080"]
2020-06-18 20:53:37.981 [restartedMain]  INFO  org.apache.catalina.core.StandardService - Starting service [Tomcat]
2020-06-18 20:53:37.981 [restartedMain]  INFO  org.apache.catalina.core.StandardEngine - Starting Servlet engine: [Apache Tomcat/9.0.35]
2020-06-18 20:53:37.998 [restartedMain]  INFO  o.a.c.core.ContainerBase.[Tomcat].[localhost].[/] - Initializing Spring embedded WebApplicationContext
2020-06-18 20:53:37.998 [restartedMain]  INFO  org.springframework.web.context.ContextLoader - Root WebApplicationContext: initialization completed in 459 ms
2020-06-18 20:53:38.173 [restartedMain]  WARN  com.netflix.config.sources.URLConfigurationSource - No URLs will be polled as dynamic configuration sources.
2020-06-18 20:53:38.173 [restartedMain]  INFO  com.netflix.config.sources.URLConfigurationSource - To enable URLs as dynamic configuration sources, define System property archaius.configurationSource.additionalUrls or make config.properties available on classpath.
2020-06-18 20:53:38.213 [restartedMain]  INFO  o.s.scheduling.concurrent.ThreadPoolTaskExecutor - Initializing ExecutorService 'applicationTaskExecutor'
2020-06-18 20:53:38.245 [restartedMain]  WARN  org.thymeleaf.templatemode.TemplateMode - [THYMELEAF][restartedMain] Template Mode 'HTML5' is deprecated. Using Template Mode 'HTML' instead.
2020-06-18 20:53:38.754 [restartedMain]  INFO  o.s.b.d.autoconfigure.OptionalLiveReloadServer - LiveReload server is running on port 35729
2020-06-18 20:53:39.075 [restartedMain]  INFO  org.apache.coyote.http11.Http11NioProtocol - Starting ProtocolHandler ["http-nio-8080"]
2020-06-18 20:53:39.078 [restartedMain]  INFO  o.s.boot.web.embedded.tomcat.TomcatWebServer - Tomcat started on port(s): 8080 (http) with context path ''
2020-06-18 20:53:39.371 [restartedMain]  INFO  cn.oasys.web.OasysWebApplication - Started OasysWebApplication in 2.498 seconds (JVM running for 395.126)
2020-06-18 20:53:39.372 [restartedMain]  INFO  o.s.b.d.a.ConditionEvaluationDeltaLoggingListener - Condition evaluation unchanged
2020-06-18 20:54:21.863 [Thread-2854]  INFO  o.s.scheduling.concurrent.ThreadPoolTaskExecutor - Shutting down ExecutorService 'applicationTaskExecutor'
2020-06-18 20:54:22.716 [restartedMain]  INFO  cn.oasys.web.OasysWebApplication - No active profile set, falling back to default profiles: default
2020-06-18 20:54:23.033 [restartedMain]  INFO  o.springframework.cloud.context.scope.GenericScope - BeanFactory id=80cfc141-a172-394d-8af0-fa280c56247e
2020-06-18 20:54:23.151 [restartedMain]  INFO  o.s.boot.web.embedded.tomcat.TomcatWebServer - Tomcat initialized with port(s): 8080 (http)
2020-06-18 20:54:23.152 [restartedMain]  INFO  org.apache.coyote.http11.Http11NioProtocol - Initializing ProtocolHandler ["http-nio-8080"]
2020-06-18 20:54:23.152 [restartedMain]  INFO  org.apache.catalina.core.StandardService - Starting service [Tomcat]
2020-06-18 20:54:23.152 [restartedMain]  INFO  org.apache.catalina.core.StandardEngine - Starting Servlet engine: [Apache Tomcat/9.0.35]
2020-06-18 20:54:23.172 [restartedMain]  INFO  o.a.c.core.ContainerBase.[Tomcat].[localhost].[/] - Initializing Spring embedded WebApplicationContext
2020-06-18 20:54:23.172 [restartedMain]  INFO  org.springframework.web.context.ContextLoader - Root WebApplicationContext: initialization completed in 454 ms
2020-06-18 20:54:23.327 [restartedMain]  WARN  com.netflix.config.sources.URLConfigurationSource - No URLs will be polled as dynamic configuration sources.
2020-06-18 20:54:23.327 [restartedMain]  INFO  com.netflix.config.sources.URLConfigurationSource - To enable URLs as dynamic configuration sources, define System property archaius.configurationSource.additionalUrls or make config.properties available on classpath.
2020-06-18 20:54:23.362 [restartedMain]  INFO  o.s.scheduling.concurrent.ThreadPoolTaskExecutor - Initializing ExecutorService 'applicationTaskExecutor'
2020-06-18 20:54:23.387 [restartedMain]  WARN  org.thymeleaf.templatemode.TemplateMode - [THYMELEAF][restartedMain] Template Mode 'HTML5' is deprecated. Using Template Mode 'HTML' instead.
2020-06-18 20:54:23.805 [restartedMain]  INFO  o.s.b.d.autoconfigure.OptionalLiveReloadServer - LiveReload server is running on port 35729
2020-06-18 20:54:24.122 [restartedMain]  INFO  org.apache.coyote.http11.Http11NioProtocol - Starting ProtocolHandler ["http-nio-8080"]
2020-06-18 20:54:24.125 [restartedMain]  INFO  o.s.boot.web.embedded.tomcat.TomcatWebServer - Tomcat started on port(s): 8080 (http) with context path ''
2020-06-18 20:54:24.421 [restartedMain]  INFO  cn.oasys.web.OasysWebApplication - Started OasysWebApplication in 2.342 seconds (JVM running for 440.175)
2020-06-18 20:54:24.422 [restartedMain]  INFO  o.s.b.d.a.ConditionEvaluationDeltaLoggingListener - Condition evaluation unchanged
2020-06-18 20:54:45.940 [Thread-3113]  INFO  o.s.scheduling.concurrent.ThreadPoolTaskExecutor - Shutting down ExecutorService 'applicationTaskExecutor'
2020-06-18 20:54:46.916 [restartedMain]  INFO  cn.oasys.web.OasysWebApplication - No active profile set, falling back to default profiles: default
2020-06-18 20:54:47.262 [restartedMain]  INFO  o.springframework.cloud.context.scope.GenericScope - BeanFactory id=80cfc141-a172-394d-8af0-fa280c56247e
2020-06-18 20:54:47.365 [restartedMain]  INFO  o.s.boot.web.embedded.tomcat.TomcatWebServer - Tomcat initialized with port(s): 8080 (http)
2020-06-18 20:54:47.365 [restartedMain]  INFO  org.apache.coyote.http11.Http11NioProtocol - Initializing ProtocolHandler ["http-nio-8080"]
2020-06-18 20:54:47.365 [restartedMain]  INFO  org.apache.catalina.core.StandardService - Starting service [Tomcat]
2020-06-18 20:54:47.365 [restartedMain]  INFO  org.apache.catalina.core.StandardEngine - Starting Servlet engine: [Apache Tomcat/9.0.35]
2020-06-18 20:54:47.382 [restartedMain]  INFO  o.a.c.core.ContainerBase.[Tomcat].[localhost].[/] - Initializing Spring embedded WebApplicationContext
2020-06-18 20:54:47.382 [restartedMain]  INFO  org.springframework.web.context.ContextLoader - Root WebApplicationContext: initialization completed in 463 ms
2020-06-18 20:54:47.528 [restartedMain]  WARN  com.netflix.config.sources.URLConfigurationSource - No URLs will be polled as dynamic configuration sources.
2020-06-18 20:54:47.528 [restartedMain]  INFO  com.netflix.config.sources.URLConfigurationSource - To enable URLs as dynamic configuration sources, define System property archaius.configurationSource.additionalUrls or make config.properties available on classpath.
2020-06-18 20:54:47.583 [restartedMain]  INFO  o.s.scheduling.concurrent.ThreadPoolTaskExecutor - Initializing ExecutorService 'applicationTaskExecutor'
2020-06-18 20:54:47.625 [restartedMain]  WARN  org.thymeleaf.templatemode.TemplateMode - [THYMELEAF][restartedMain] Template Mode 'HTML5' is deprecated. Using Template Mode 'HTML' instead.
2020-06-18 20:54:48.097 [restartedMain]  INFO  o.s.b.d.autoconfigure.OptionalLiveReloadServer - LiveReload server is running on port 35729
2020-06-18 20:54:48.405 [restartedMain]  INFO  org.apache.coyote.http11.Http11NioProtocol - Starting ProtocolHandler ["http-nio-8080"]
2020-06-18 20:54:48.430 [restartedMain]  INFO  o.s.boot.web.embedded.tomcat.TomcatWebServer - Tomcat started on port(s): 8080 (http) with context path ''
2020-06-18 20:54:48.748 [restartedMain]  INFO  cn.oasys.web.OasysWebApplication - Started OasysWebApplication in 2.543 seconds (JVM running for 464.502)
2020-06-18 20:54:48.748 [restartedMain]  INFO  o.s.b.d.a.ConditionEvaluationDeltaLoggingListener - Condition evaluation unchanged
2020-06-18 20:55:03.391 [Thread-3372]  INFO  o.s.scheduling.concurrent.ThreadPoolTaskExecutor - Shutting down ExecutorService 'applicationTaskExecutor'
2020-06-18 20:55:04.189 [restartedMain]  INFO  cn.oasys.web.OasysWebApplication - No active profile set, falling back to default profiles: default
2020-06-18 20:55:04.470 [restartedMain]  INFO  o.springframework.cloud.context.scope.GenericScope - BeanFactory id=80cfc141-a172-394d-8af0-fa280c56247e
2020-06-18 20:55:04.584 [restartedMain]  INFO  o.s.boot.web.embedded.tomcat.TomcatWebServer - Tomcat initialized with port(s): 8080 (http)
2020-06-18 20:55:04.585 [restartedMain]  INFO  org.apache.coyote.http11.Http11NioProtocol - Initializing ProtocolHandler ["http-nio-8080"]
2020-06-18 20:55:04.585 [restartedMain]  INFO  org.apache.catalina.core.StandardService - Starting service [Tomcat]
2020-06-18 20:55:04.585 [restartedMain]  INFO  org.apache.catalina.core.StandardEngine - Starting Servlet engine: [Apache Tomcat/9.0.35]
2020-06-18 20:55:04.602 [restartedMain]  INFO  o.a.c.core.ContainerBase.[Tomcat].[localhost].[/] - Initializing Spring embedded WebApplicationContext
2020-06-18 20:55:04.602 [restartedMain]  INFO  org.springframework.web.context.ContextLoader - Root WebApplicationContext: initialization completed in 411 ms
2020-06-18 20:55:04.745 [restartedMain]  WARN  com.netflix.config.sources.URLConfigurationSource - No URLs will be polled as dynamic configuration sources.
2020-06-18 20:55:04.746 [restartedMain]  INFO  com.netflix.config.sources.URLConfigurationSource - To enable URLs as dynamic configuration sources, define System property archaius.configurationSource.additionalUrls or make config.properties available on classpath.
2020-06-18 20:55:04.775 [restartedMain]  INFO  o.s.scheduling.concurrent.ThreadPoolTaskExecutor - Initializing ExecutorService 'applicationTaskExecutor'
2020-06-18 20:55:04.799 [restartedMain]  WARN  org.thymeleaf.templatemode.TemplateMode - [THYMELEAF][restartedMain] Template Mode 'HTML5' is deprecated. Using Template Mode 'HTML' instead.
2020-06-18 20:55:05.207 [restartedMain]  INFO  o.s.b.d.autoconfigure.OptionalLiveReloadServer - LiveReload server is running on port 35729
2020-06-18 20:55:05.505 [restartedMain]  INFO  org.apache.coyote.http11.Http11NioProtocol - Starting ProtocolHandler ["http-nio-8080"]
2020-06-18 20:55:05.507 [restartedMain]  INFO  o.s.boot.web.embedded.tomcat.TomcatWebServer - Tomcat started on port(s): 8080 (http) with context path ''
2020-06-18 20:55:05.792 [restartedMain]  INFO  cn.oasys.web.OasysWebApplication - Started OasysWebApplication in 2.255 seconds (JVM running for 481.545)
2020-06-18 20:55:05.792 [restartedMain]  INFO  o.s.b.d.a.ConditionEvaluationDeltaLoggingListener - Condition evaluation unchanged
2020-06-18 20:55:39.812 [Thread-3631]  INFO  o.s.scheduling.concurrent.ThreadPoolTaskExecutor - Shutting down ExecutorService 'applicationTaskExecutor'
2020-06-18 20:55:40.683 [restartedMain]  INFO  cn.oasys.web.OasysWebApplication - No active profile set, falling back to default profiles: default
2020-06-18 20:55:40.962 [restartedMain]  INFO  o.springframework.cloud.context.scope.GenericScope - BeanFactory id=80cfc141-a172-394d-8af0-fa280c56247e
2020-06-18 20:55:41.081 [restartedMain]  INFO  o.s.boot.web.embedded.tomcat.TomcatWebServer - Tomcat initialized with port(s): 8080 (http)
2020-06-18 20:55:41.081 [restartedMain]  INFO  org.apache.coyote.http11.Http11NioProtocol - Initializing ProtocolHandler ["http-nio-8080"]
2020-06-18 20:55:41.081 [restartedMain]  INFO  org.apache.catalina.core.StandardService - Starting service [Tomcat]
2020-06-18 20:55:41.081 [restartedMain]  INFO  org.apache.catalina.core.StandardEngine - Starting Servlet engine: [Apache Tomcat/9.0.35]
2020-06-18 20:55:41.099 [restartedMain]  INFO  o.a.c.core.ContainerBase.[Tomcat].[localhost].[/] - Initializing Spring embedded WebApplicationContext
2020-06-18 20:55:41.099 [restartedMain]  INFO  org.springframework.web.context.ContextLoader - Root WebApplicationContext: initialization completed in 412 ms
2020-06-18 20:55:41.243 [restartedMain]  WARN  com.netflix.config.sources.URLConfigurationSource - No URLs will be polled as dynamic configuration sources.
2020-06-18 20:55:41.243 [restartedMain]  INFO  com.netflix.config.sources.URLConfigurationSource - To enable URLs as dynamic configuration sources, define System property archaius.configurationSource.additionalUrls or make config.properties available on classpath.
2020-06-18 20:55:41.290 [restartedMain]  INFO  o.s.scheduling.concurrent.ThreadPoolTaskExecutor - Initializing ExecutorService 'applicationTaskExecutor'
2020-06-18 20:55:41.325 [restartedMain]  WARN  org.thymeleaf.templatemode.TemplateMode - [THYMELEAF][restartedMain] Template Mode 'HTML5' is deprecated. Using Template Mode 'HTML' instead.
2020-06-18 20:55:41.753 [restartedMain]  INFO  o.s.b.d.autoconfigure.OptionalLiveReloadServer - LiveReload server is running on port 35729
2020-06-18 20:55:42.056 [restartedMain]  INFO  org.apache.coyote.http11.Http11NioProtocol - Starting ProtocolHandler ["http-nio-8080"]
2020-06-18 20:55:42.059 [restartedMain]  INFO  o.s.boot.web.embedded.tomcat.TomcatWebServer - Tomcat started on port(s): 8080 (http) with context path ''
2020-06-18 20:55:42.350 [restartedMain]  INFO  cn.oasys.web.OasysWebApplication - Started OasysWebApplication in 2.31 seconds (JVM running for 518.103)
2020-06-18 20:55:42.351 [restartedMain]  INFO  o.s.b.d.a.ConditionEvaluationDeltaLoggingListener - Condition evaluation unchanged
2020-06-18 20:56:37.408 [Thread-3890]  INFO  o.s.scheduling.concurrent.ThreadPoolTaskExecutor - Shutting down ExecutorService 'applicationTaskExecutor'
2020-06-18 20:56:38.507 [restartedMain]  INFO  cn.oasys.web.OasysWebApplication - No active profile set, falling back to default profiles: default
2020-06-18 20:56:38.825 [restartedMain]  INFO  o.springframework.cloud.context.scope.GenericScope - BeanFactory id=80cfc141-a172-394d-8af0-fa280c56247e
2020-06-18 20:56:38.944 [restartedMain]  INFO  o.s.boot.web.embedded.tomcat.TomcatWebServer - Tomcat initialized with port(s): 8080 (http)
2020-06-18 20:56:38.944 [restartedMain]  INFO  org.apache.coyote.http11.Http11NioProtocol - Initializing ProtocolHandler ["http-nio-8080"]
2020-06-18 20:56:38.944 [restartedMain]  INFO  org.apache.catalina.core.StandardService - Starting service [Tomcat]
2020-06-18 20:56:38.945 [restartedMain]  INFO  org.apache.catalina.core.StandardEngine - Starting Servlet engine: [Apache Tomcat/9.0.35]
2020-06-18 20:56:38.965 [restartedMain]  INFO  o.a.c.core.ContainerBase.[Tomcat].[localhost].[/] - Initializing Spring embedded WebApplicationContext
2020-06-18 20:56:38.965 [restartedMain]  INFO  org.springframework.web.context.ContextLoader - Root WebApplicationContext: initialization completed in 456 ms
2020-06-18 20:56:39.133 [restartedMain]  WARN  com.netflix.config.sources.URLConfigurationSource - No URLs will be polled as dynamic configuration sources.
2020-06-18 20:56:39.133 [restartedMain]  INFO  com.netflix.config.sources.URLConfigurationSource - To enable URLs as dynamic configuration sources, define System property archaius.configurationSource.additionalUrls or make config.properties available on classpath.
2020-06-18 20:56:39.165 [restartedMain]  INFO  o.s.scheduling.concurrent.ThreadPoolTaskExecutor - Initializing ExecutorService 'applicationTaskExecutor'
2020-06-18 20:56:39.191 [restartedMain]  WARN  org.thymeleaf.templatemode.TemplateMode - [THYMELEAF][restartedMain] Template Mode 'HTML5' is deprecated. Using Template Mode 'HTML' instead.
2020-06-18 20:56:39.631 [restartedMain]  INFO  o.s.b.d.autoconfigure.OptionalLiveReloadServer - LiveReload server is running on port 35729
2020-06-18 20:56:39.928 [restartedMain]  INFO  org.apache.coyote.http11.Http11NioProtocol - Starting ProtocolHandler ["http-nio-8080"]
2020-06-18 20:56:39.931 [restartedMain]  INFO  o.s.boot.web.embedded.tomcat.TomcatWebServer - Tomcat started on port(s): 8080 (http) with context path ''
2020-06-18 20:56:40.219 [restartedMain]  INFO  cn.oasys.web.OasysWebApplication - Started OasysWebApplication in 2.416 seconds (JVM running for 575.972)
2020-06-18 20:56:40.220 [restartedMain]  INFO  o.s.b.d.a.ConditionEvaluationDeltaLoggingListener - Condition evaluation unchanged
2020-06-18 20:56:57.649 [Thread-4149]  INFO  o.s.scheduling.concurrent.ThreadPoolTaskExecutor - Shutting down ExecutorService 'applicationTaskExecutor'
2020-06-18 20:56:58.435 [restartedMain]  INFO  cn.oasys.web.OasysWebApplication - No active profile set, falling back to default profiles: default
2020-06-18 20:56:58.701 [restartedMain]  INFO  o.springframework.cloud.context.scope.GenericScope - BeanFactory id=80cfc141-a172-394d-8af0-fa280c56247e
2020-06-18 20:56:58.810 [restartedMain]  INFO  o.s.boot.web.embedded.tomcat.TomcatWebServer - Tomcat initialized with port(s): 8080 (http)
2020-06-18 20:56:58.811 [restartedMain]  INFO  org.apache.coyote.http11.Http11NioProtocol - Initializing ProtocolHandler ["http-nio-8080"]
2020-06-18 20:56:58.811 [restartedMain]  INFO  org.apache.catalina.core.StandardService - Starting service [Tomcat]
2020-06-18 20:56:58.811 [restartedMain]  INFO  org.apache.catalina.core.StandardEngine - Starting Servlet engine: [Apache Tomcat/9.0.35]
2020-06-18 20:56:58.830 [restartedMain]  INFO  o.a.c.core.ContainerBase.[Tomcat].[localhost].[/] - Initializing Spring embedded WebApplicationContext
2020-06-18 20:56:58.830 [restartedMain]  INFO  org.springframework.web.context.ContextLoader - Root WebApplicationContext: initialization completed in 393 ms
2020-06-18 20:56:58.956 [restartedMain]  WARN  com.netflix.config.sources.URLConfigurationSource - No URLs will be polled as dynamic configuration sources.
2020-06-18 20:56:58.956 [restartedMain]  INFO  com.netflix.config.sources.URLConfigurationSource - To enable URLs as dynamic configuration sources, define System property archaius.configurationSource.additionalUrls or make config.properties available on classpath.
2020-06-18 20:56:58.995 [restartedMain]  INFO  o.s.scheduling.concurrent.ThreadPoolTaskExecutor - Initializing ExecutorService 'applicationTaskExecutor'
2020-06-18 20:56:59.028 [restartedMain]  WARN  org.thymeleaf.templatemode.TemplateMode - [THYMELEAF][restartedMain] Template Mode 'HTML5' is deprecated. Using Template Mode 'HTML' instead.
2020-06-18 20:56:59.482 [restartedMain]  INFO  o.s.b.d.autoconfigure.OptionalLiveReloadServer - LiveReload server is running on port 35729
2020-06-18 20:56:59.803 [restartedMain]  INFO  org.apache.coyote.http11.Http11NioProtocol - Starting ProtocolHandler ["http-nio-8080"]
2020-06-18 20:56:59.806 [restartedMain]  INFO  o.s.boot.web.embedded.tomcat.TomcatWebServer - Tomcat started on port(s): 8080 (http) with context path ''
2020-06-18 20:57:00.139 [restartedMain]  INFO  cn.oasys.web.OasysWebApplication - Started OasysWebApplication in 2.344 seconds (JVM running for 595.892)
2020-06-18 20:57:00.140 [restartedMain]  INFO  o.s.b.d.a.ConditionEvaluationDeltaLoggingListener - Condition evaluation unchanged
2020-06-18 20:57:07.976 [Thread-4408]  INFO  o.s.scheduling.concurrent.ThreadPoolTaskExecutor - Shutting down ExecutorService 'applicationTaskExecutor'
2020-06-18 20:57:08.882 [restartedMain]  INFO  cn.oasys.web.OasysWebApplication - No active profile set, falling back to default profiles: default
2020-06-18 20:57:09.235 [restartedMain]  INFO  o.springframework.cloud.context.scope.GenericScope - BeanFactory id=80cfc141-a172-394d-8af0-fa280c56247e
2020-06-18 20:57:09.330 [restartedMain]  INFO  o.s.boot.web.embedded.tomcat.TomcatWebServer - Tomcat initialized with port(s): 8080 (http)
2020-06-18 20:57:09.331 [restartedMain]  INFO  org.apache.coyote.http11.Http11NioProtocol - Initializing ProtocolHandler ["http-nio-8080"]
2020-06-18 20:57:09.331 [restartedMain]  INFO  org.apache.catalina.core.StandardService - Starting service [Tomcat]
2020-06-18 20:57:09.331 [restartedMain]  INFO  org.apache.catalina.core.StandardEngine - Starting Servlet engine: [Apache Tomcat/9.0.35]
2020-06-18 20:57:09.355 [restartedMain]  INFO  o.a.c.core.ContainerBase.[Tomcat].[localhost].[/] - Initializing Spring embedded WebApplicationContext
2020-06-18 20:57:09.355 [restartedMain]  INFO  org.springframework.web.context.ContextLoader - Root WebApplicationContext: initialization completed in 470 ms
2020-06-18 20:57:09.496 [restartedMain]  WARN  com.netflix.config.sources.URLConfigurationSource - No URLs will be polled as dynamic configuration sources.
2020-06-18 20:57:09.496 [restartedMain]  INFO  com.netflix.config.sources.URLConfigurationSource - To enable URLs as dynamic configuration sources, define System property archaius.configurationSource.additionalUrls or make config.properties available on classpath.
2020-06-18 20:57:09.526 [restartedMain]  INFO  o.s.scheduling.concurrent.ThreadPoolTaskExecutor - Initializing ExecutorService 'applicationTaskExecutor'
2020-06-18 20:57:09.553 [restartedMain]  WARN  org.thymeleaf.templatemode.TemplateMode - [THYMELEAF][restartedMain] Template Mode 'HTML5' is deprecated. Using Template Mode 'HTML' instead.
2020-06-18 20:57:09.985 [restartedMain]  INFO  o.s.b.d.autoconfigure.OptionalLiveReloadServer - LiveReload server is running on port 35729
2020-06-18 20:57:10.296 [restartedMain]  INFO  org.apache.coyote.http11.Http11NioProtocol - Starting ProtocolHandler ["http-nio-8080"]
2020-06-18 20:57:10.298 [restartedMain]  INFO  o.s.boot.web.embedded.tomcat.TomcatWebServer - Tomcat started on port(s): 8080 (http) with context path ''
2020-06-18 20:57:10.589 [restartedMain]  INFO  cn.oasys.web.OasysWebApplication - Started OasysWebApplication in 2.412 seconds (JVM running for 606.341)
2020-06-18 20:57:10.590 [restartedMain]  INFO  o.s.b.d.a.ConditionEvaluationDeltaLoggingListener - Condition evaluation unchanged
2020-06-18 20:57:14.617 [http-nio-8080-exec-1]  INFO  o.a.c.core.ContainerBase.[Tomcat].[localhost].[/] - Initializing Spring DispatcherServlet 'dispatcherServlet'
2020-06-18 20:57:14.618 [http-nio-8080-exec-1]  INFO  org.springframework.web.servlet.DispatcherServlet - Initializing Servlet 'dispatcherServlet'
2020-06-18 20:57:14.619 [http-nio-8080-exec-1]  INFO  org.springframework.web.servlet.DispatcherServlet - Completed initialization in 1 ms
2020-06-18 20:58:59.183 [Thread-4667]  INFO  o.s.scheduling.concurrent.ThreadPoolTaskExecutor - Shutting down ExecutorService 'applicationTaskExecutor'
2020-06-18 20:59:00.146 [restartedMain]  INFO  cn.oasys.web.OasysWebApplication - No active profile set, falling back to default profiles: default
2020-06-18 20:59:00.651 [restartedMain]  INFO  o.springframework.cloud.context.scope.GenericScope - BeanFactory id=80cfc141-a172-394d-8af0-fa280c56247e
2020-06-18 20:59:00.740 [restartedMain]  INFO  o.s.boot.web.embedded.tomcat.TomcatWebServer - Tomcat initialized with port(s): 8080 (http)
2020-06-18 20:59:00.741 [restartedMain]  INFO  org.apache.coyote.http11.Http11NioProtocol - Initializing ProtocolHandler ["http-nio-8080"]
2020-06-18 20:59:00.741 [restartedMain]  INFO  org.apache.catalina.core.StandardService - Starting service [Tomcat]
2020-06-18 20:59:00.741 [restartedMain]  INFO  org.apache.catalina.core.StandardEngine - Starting Servlet engine: [Apache Tomcat/9.0.35]
2020-06-18 20:59:00.758 [restartedMain]  INFO  o.a.c.core.ContainerBase.[Tomcat].[localhost].[/] - Initializing Spring embedded WebApplicationContext
2020-06-18 20:59:00.758 [restartedMain]  INFO  org.springframework.web.context.ContextLoader - Root WebApplicationContext: initialization completed in 609 ms
2020-06-18 20:59:00.869 [restartedMain]  WARN  com.netflix.config.sources.URLConfigurationSource - No URLs will be polled as dynamic configuration sources.
2020-06-18 20:59:00.869 [restartedMain]  INFO  com.netflix.config.sources.URLConfigurationSource - To enable URLs as dynamic configuration sources, define System property archaius.configurationSource.additionalUrls or make config.properties available on classpath.
2020-06-18 20:59:00.902 [restartedMain]  INFO  o.s.scheduling.concurrent.ThreadPoolTaskExecutor - Initializing ExecutorService 'applicationTaskExecutor'
2020-06-18 20:59:00.937 [restartedMain]  WARN  org.thymeleaf.templatemode.TemplateMode - [THYMELEAF][restartedMain] Template Mode 'HTML5' is deprecated. Using Template Mode 'HTML' instead.
2020-06-18 20:59:01.376 [restartedMain]  INFO  o.s.b.d.autoconfigure.OptionalLiveReloadServer - LiveReload server is running on port 35729
2020-06-18 20:59:01.700 [restartedMain]  INFO  org.apache.coyote.http11.Http11NioProtocol - Starting ProtocolHandler ["http-nio-8080"]
2020-06-18 20:59:01.702 [restartedMain]  INFO  o.s.boot.web.embedded.tomcat.TomcatWebServer - Tomcat started on port(s): 8080 (http) with context path ''
2020-06-18 20:59:01.725 [http-nio-8080-exec-1]  INFO  o.a.c.core.ContainerBase.[Tomcat].[localhost].[/] - Initializing Spring DispatcherServlet 'dispatcherServlet'
2020-06-18 20:59:01.726 [http-nio-8080-exec-1]  INFO  org.springframework.web.servlet.DispatcherServlet - Initializing Servlet 'dispatcherServlet'
2020-06-18 20:59:01.728 [http-nio-8080-exec-1]  INFO  org.springframework.web.servlet.DispatcherServlet - Completed initialization in 2 ms
2020-06-18 20:59:02.255 [restartedMain]  INFO  cn.oasys.web.OasysWebApplication - Started OasysWebApplication in 2.76 seconds (JVM running for 718.006)
2020-06-18 20:59:02.256 [restartedMain]  INFO  o.s.b.d.a.ConditionEvaluationDeltaLoggingListener - Condition evaluation unchanged
