2020-07-12 00:00:50.330 [http-nio-8080-exec-1]  INFO  o.a.c.core.ContainerBase.[Tomcat].[localhost].[/] - Initializing Spring DispatcherServlet 'dispatcherServlet'
2020-07-12 00:00:50.332 [http-nio-8080-exec-1]  INFO  org.springframework.web.servlet.DispatcherServlet - Initializing Servlet 'dispatcherServlet'
2020-07-12 00:00:50.333 [http-nio-8080-exec-1]  INFO  org.springframework.web.servlet.DispatcherServlet - Completed initialization in 1 ms
2020-07-12 00:00:50.334 [http-nio-8080-exec-1]  INFO  com.zaxxer.hikari.HikariDataSource - HikariPool-13 - Starting...
2020-07-12 00:00:50.338 [http-nio-8080-exec-1]  INFO  com.zaxxer.hikari.HikariDataSource - HikariPool-13 - Start completed.
2020-07-12 00:02:17.296 [Thread-5185]  INFO  o.s.scheduling.concurrent.ThreadPoolTaskExecutor - Shutting down ExecutorService 'applicationTaskExecutor'
2020-07-12 00:02:17.297 [Thread-5185]  INFO  com.zaxxer.hikari.HikariDataSource - HikariPool-13 - Shutdown initiated...
2020-07-12 00:02:17.300 [Thread-5185]  INFO  com.zaxxer.hikari.HikariDataSource - HikariPool-13 - Shutdown completed.
2020-07-12 00:02:18.462 [restartedMain]  INFO  cn.oasys.web.OasysWebApplication - No active profile set, falling back to default profiles: default
2020-07-12 00:02:18.800 [restartedMain]  INFO  o.springframework.cloud.context.scope.GenericScope - BeanFactory id=b0afd7e1-4376-3f60-a25b-185a687e67ab
2020-07-12 00:02:18.919 [restartedMain]  INFO  o.s.boot.web.embedded.tomcat.TomcatWebServer - Tomcat initialized with port(s): 8080 (http)
2020-07-12 00:02:18.919 [restartedMain]  INFO  org.apache.coyote.http11.Http11NioProtocol - Initializing ProtocolHandler ["http-nio-8080"]
2020-07-12 00:02:18.920 [restartedMain]  INFO  org.apache.catalina.core.StandardService - Starting service [Tomcat]
2020-07-12 00:02:18.920 [restartedMain]  INFO  org.apache.catalina.core.StandardEngine - Starting Servlet engine: [Apache Tomcat/9.0.35]
2020-07-12 00:02:18.938 [restartedMain]  INFO  o.a.c.core.ContainerBase.[Tomcat].[localhost].[/] - Initializing Spring embedded WebApplicationContext
2020-07-12 00:02:18.938 [restartedMain]  INFO  org.springframework.web.context.ContextLoader - Root WebApplicationContext: initialization completed in 473 ms
2020-07-12 00:02:19.147 [restartedMain]  WARN  com.netflix.config.sources.URLConfigurationSource - No URLs will be polled as dynamic configuration sources.
2020-07-12 00:02:19.147 [restartedMain]  INFO  com.netflix.config.sources.URLConfigurationSource - To enable URLs as dynamic configuration sources, define System property archaius.configurationSource.additionalUrls or make config.properties available on classpath.
2020-07-12 00:02:19.174 [restartedMain]  INFO  o.s.scheduling.concurrent.ThreadPoolTaskExecutor - Initializing ExecutorService 'applicationTaskExecutor'
2020-07-12 00:02:19.194 [restartedMain]  WARN  org.thymeleaf.templatemode.TemplateMode - [THYMELEAF][restartedMain] Template Mode 'HTML5' is deprecated. Using Template Mode 'HTML' instead.
2020-07-12 00:02:19.680 [restartedMain]  INFO  o.s.b.d.autoconfigure.OptionalLiveReloadServer - LiveReload server is running on port 35729
2020-07-12 00:02:20.033 [restartedMain]  INFO  org.apache.coyote.http11.Http11NioProtocol - Starting ProtocolHandler ["http-nio-8080"]
2020-07-12 00:02:20.038 [restartedMain]  INFO  o.s.boot.web.embedded.tomcat.TomcatWebServer - Tomcat started on port(s): 8080 (http) with context path ''
2020-07-12 00:02:20.379 [restartedMain]  INFO  cn.oasys.web.OasysWebApplication - Started OasysWebApplication in 2.655 seconds (JVM running for 1661.126)
2020-07-12 00:02:20.380 [restartedMain]  INFO  o.s.b.d.a.ConditionEvaluationDeltaLoggingListener - Condition evaluation unchanged
2020-07-12 00:02:43.027 [Thread-5444]  INFO  o.s.scheduling.concurrent.ThreadPoolTaskExecutor - Shutting down ExecutorService 'applicationTaskExecutor'
2020-07-12 00:02:44.253 [restartedMain]  INFO  cn.oasys.web.OasysWebApplication - No active profile set, falling back to default profiles: default
2020-07-12 00:02:44.574 [restartedMain]  INFO  o.springframework.cloud.context.scope.GenericScope - BeanFactory id=b0afd7e1-4376-3f60-a25b-185a687e67ab
2020-07-12 00:02:44.682 [restartedMain]  INFO  o.s.boot.web.embedded.tomcat.TomcatWebServer - Tomcat initialized with port(s): 8080 (http)
2020-07-12 00:02:44.682 [restartedMain]  INFO  org.apache.coyote.http11.Http11NioProtocol - Initializing ProtocolHandler ["http-nio-8080"]
2020-07-12 00:02:44.682 [restartedMain]  INFO  org.apache.catalina.core.StandardService - Starting service [Tomcat]
2020-07-12 00:02:44.682 [restartedMain]  INFO  org.apache.catalina.core.StandardEngine - Starting Servlet engine: [Apache Tomcat/9.0.35]
2020-07-12 00:02:44.700 [restartedMain]  INFO  o.a.c.core.ContainerBase.[Tomcat].[localhost].[/] - Initializing Spring embedded WebApplicationContext
2020-07-12 00:02:44.700 [restartedMain]  INFO  org.springframework.web.context.ContextLoader - Root WebApplicationContext: initialization completed in 444 ms
2020-07-12 00:02:44.905 [restartedMain]  WARN  com.netflix.config.sources.URLConfigurationSource - No URLs will be polled as dynamic configuration sources.
2020-07-12 00:02:44.905 [restartedMain]  INFO  com.netflix.config.sources.URLConfigurationSource - To enable URLs as dynamic configuration sources, define System property archaius.configurationSource.additionalUrls or make config.properties available on classpath.
2020-07-12 00:02:44.941 [restartedMain]  INFO  o.s.scheduling.concurrent.ThreadPoolTaskExecutor - Initializing ExecutorService 'applicationTaskExecutor'
2020-07-12 00:02:44.970 [restartedMain]  WARN  org.thymeleaf.templatemode.TemplateMode - [THYMELEAF][restartedMain] Template Mode 'HTML5' is deprecated. Using Template Mode 'HTML' instead.
2020-07-12 00:02:45.495 [restartedMain]  INFO  o.s.b.d.autoconfigure.OptionalLiveReloadServer - LiveReload server is running on port 35729
2020-07-12 00:02:45.848 [restartedMain]  INFO  org.apache.coyote.http11.Http11NioProtocol - Starting ProtocolHandler ["http-nio-8080"]
2020-07-12 00:02:45.852 [restartedMain]  INFO  o.s.boot.web.embedded.tomcat.TomcatWebServer - Tomcat started on port(s): 8080 (http) with context path ''
2020-07-12 00:02:46.183 [restartedMain]  INFO  cn.oasys.web.OasysWebApplication - Started OasysWebApplication in 2.688 seconds (JVM running for 1686.929)
2020-07-12 00:02:46.183 [restartedMain]  INFO  o.s.b.d.a.ConditionEvaluationDeltaLoggingListener - Condition evaluation unchanged
2020-07-12 00:03:45.584 [Thread-5703]  INFO  o.s.scheduling.concurrent.ThreadPoolTaskExecutor - Shutting down ExecutorService 'applicationTaskExecutor'
2020-07-12 00:03:46.865 [restartedMain]  INFO  cn.oasys.web.OasysWebApplication - No active profile set, falling back to default profiles: default
2020-07-12 00:03:47.201 [restartedMain]  INFO  o.springframework.cloud.context.scope.GenericScope - BeanFactory id=b0afd7e1-4376-3f60-a25b-185a687e67ab
2020-07-12 00:03:47.307 [restartedMain]  INFO  o.s.boot.web.embedded.tomcat.TomcatWebServer - Tomcat initialized with port(s): 8080 (http)
2020-07-12 00:03:47.308 [restartedMain]  INFO  org.apache.coyote.http11.Http11NioProtocol - Initializing ProtocolHandler ["http-nio-8080"]
2020-07-12 00:03:47.308 [restartedMain]  INFO  org.apache.catalina.core.StandardService - Starting service [Tomcat]
2020-07-12 00:03:47.308 [restartedMain]  INFO  org.apache.catalina.core.StandardEngine - Starting Servlet engine: [Apache Tomcat/9.0.35]
2020-07-12 00:03:47.338 [restartedMain]  INFO  o.a.c.core.ContainerBase.[Tomcat].[localhost].[/] - Initializing Spring embedded WebApplicationContext
2020-07-12 00:03:47.338 [restartedMain]  INFO  org.springframework.web.context.ContextLoader - Root WebApplicationContext: initialization completed in 471 ms
2020-07-12 00:03:47.517 [restartedMain]  WARN  com.netflix.config.sources.URLConfigurationSource - No URLs will be polled as dynamic configuration sources.
2020-07-12 00:03:47.518 [restartedMain]  INFO  com.netflix.config.sources.URLConfigurationSource - To enable URLs as dynamic configuration sources, define System property archaius.configurationSource.additionalUrls or make config.properties available on classpath.
2020-07-12 00:03:47.548 [restartedMain]  INFO  o.s.scheduling.concurrent.ThreadPoolTaskExecutor - Initializing ExecutorService 'applicationTaskExecutor'
2020-07-12 00:03:47.571 [restartedMain]  WARN  org.thymeleaf.templatemode.TemplateMode - [THYMELEAF][restartedMain] Template Mode 'HTML5' is deprecated. Using Template Mode 'HTML' instead.
2020-07-12 00:03:48.053 [restartedMain]  INFO  o.s.b.d.autoconfigure.OptionalLiveReloadServer - LiveReload server is running on port 35729
2020-07-12 00:03:48.435 [restartedMain]  INFO  org.apache.coyote.http11.Http11NioProtocol - Starting ProtocolHandler ["http-nio-8080"]
2020-07-12 00:03:48.440 [restartedMain]  INFO  o.s.boot.web.embedded.tomcat.TomcatWebServer - Tomcat started on port(s): 8080 (http) with context path ''
2020-07-12 00:03:48.793 [restartedMain]  INFO  cn.oasys.web.OasysWebApplication - Started OasysWebApplication in 2.687 seconds (JVM running for 1749.538)
2020-07-12 00:03:48.794 [restartedMain]  INFO  o.s.b.d.a.ConditionEvaluationDeltaLoggingListener - Condition evaluation unchanged
2020-07-12 00:04:02.787 [Thread-5962]  INFO  o.s.scheduling.concurrent.ThreadPoolTaskExecutor - Shutting down ExecutorService 'applicationTaskExecutor'
2020-07-12 00:04:04.004 [restartedMain]  INFO  cn.oasys.web.OasysWebApplication - No active profile set, falling back to default profiles: default
2020-07-12 00:04:04.382 [restartedMain]  INFO  o.springframework.cloud.context.scope.GenericScope - BeanFactory id=b0afd7e1-4376-3f60-a25b-185a687e67ab
2020-07-12 00:04:04.499 [restartedMain]  INFO  o.s.boot.web.embedded.tomcat.TomcatWebServer - Tomcat initialized with port(s): 8080 (http)
2020-07-12 00:04:04.500 [restartedMain]  INFO  org.apache.coyote.http11.Http11NioProtocol - Initializing ProtocolHandler ["http-nio-8080"]
2020-07-12 00:04:04.500 [restartedMain]  INFO  org.apache.catalina.core.StandardService - Starting service [Tomcat]
2020-07-12 00:04:04.500 [restartedMain]  INFO  org.apache.catalina.core.StandardEngine - Starting Servlet engine: [Apache Tomcat/9.0.35]
2020-07-12 00:04:04.529 [restartedMain]  INFO  o.a.c.core.ContainerBase.[Tomcat].[localhost].[/] - Initializing Spring embedded WebApplicationContext
2020-07-12 00:04:04.529 [restartedMain]  INFO  org.springframework.web.context.ContextLoader - Root WebApplicationContext: initialization completed in 521 ms
2020-07-12 00:04:04.731 [restartedMain]  WARN  com.netflix.config.sources.URLConfigurationSource - No URLs will be polled as dynamic configuration sources.
2020-07-12 00:04:04.732 [restartedMain]  INFO  com.netflix.config.sources.URLConfigurationSource - To enable URLs as dynamic configuration sources, define System property archaius.configurationSource.additionalUrls or make config.properties available on classpath.
2020-07-12 00:04:04.773 [restartedMain]  INFO  o.s.scheduling.concurrent.ThreadPoolTaskExecutor - Initializing ExecutorService 'applicationTaskExecutor'
2020-07-12 00:04:04.800 [restartedMain]  WARN  org.thymeleaf.templatemode.TemplateMode - [THYMELEAF][restartedMain] Template Mode 'HTML5' is deprecated. Using Template Mode 'HTML' instead.
2020-07-12 00:04:05.305 [restartedMain]  INFO  o.s.b.d.autoconfigure.OptionalLiveReloadServer - LiveReload server is running on port 35729
2020-07-12 00:04:05.671 [restartedMain]  INFO  org.apache.coyote.http11.Http11NioProtocol - Starting ProtocolHandler ["http-nio-8080"]
2020-07-12 00:04:05.675 [restartedMain]  INFO  o.s.boot.web.embedded.tomcat.TomcatWebServer - Tomcat started on port(s): 8080 (http) with context path ''
2020-07-12 00:04:06.027 [restartedMain]  INFO  cn.oasys.web.OasysWebApplication - Started OasysWebApplication in 2.801 seconds (JVM running for 1766.772)
2020-07-12 00:04:06.028 [restartedMain]  INFO  o.s.b.d.a.ConditionEvaluationDeltaLoggingListener - Condition evaluation unchanged
2020-07-12 00:04:56.611 [Thread-6221]  INFO  o.s.scheduling.concurrent.ThreadPoolTaskExecutor - Shutting down ExecutorService 'applicationTaskExecutor'
2020-07-12 00:04:57.644 [restartedMain]  INFO  cn.oasys.web.OasysWebApplication - No active profile set, falling back to default profiles: default
2020-07-12 00:04:57.978 [restartedMain]  INFO  o.springframework.cloud.context.scope.GenericScope - BeanFactory id=b0afd7e1-4376-3f60-a25b-185a687e67ab
2020-07-12 00:04:58.088 [restartedMain]  INFO  o.s.boot.web.embedded.tomcat.TomcatWebServer - Tomcat initialized with port(s): 8080 (http)
2020-07-12 00:04:58.089 [restartedMain]  INFO  org.apache.coyote.http11.Http11NioProtocol - Initializing ProtocolHandler ["http-nio-8080"]
2020-07-12 00:04:58.089 [restartedMain]  INFO  org.apache.catalina.core.StandardService - Starting service [Tomcat]
2020-07-12 00:04:58.089 [restartedMain]  INFO  org.apache.catalina.core.StandardEngine - Starting Servlet engine: [Apache Tomcat/9.0.35]
2020-07-12 00:04:58.109 [restartedMain]  INFO  o.a.c.core.ContainerBase.[Tomcat].[localhost].[/] - Initializing Spring embedded WebApplicationContext
2020-07-12 00:04:58.110 [restartedMain]  INFO  org.springframework.web.context.ContextLoader - Root WebApplicationContext: initialization completed in 464 ms
2020-07-12 00:04:58.309 [restartedMain]  WARN  com.netflix.config.sources.URLConfigurationSource - No URLs will be polled as dynamic configuration sources.
2020-07-12 00:04:58.310 [restartedMain]  INFO  com.netflix.config.sources.URLConfigurationSource - To enable URLs as dynamic configuration sources, define System property archaius.configurationSource.additionalUrls or make config.properties available on classpath.
2020-07-12 00:04:58.341 [restartedMain]  INFO  o.s.scheduling.concurrent.ThreadPoolTaskExecutor - Initializing ExecutorService 'applicationTaskExecutor'
2020-07-12 00:04:58.365 [restartedMain]  WARN  org.thymeleaf.templatemode.TemplateMode - [THYMELEAF][restartedMain] Template Mode 'HTML5' is deprecated. Using Template Mode 'HTML' instead.
2020-07-12 00:04:58.885 [restartedMain]  INFO  o.s.b.d.autoconfigure.OptionalLiveReloadServer - LiveReload server is running on port 35729
2020-07-12 00:04:59.229 [restartedMain]  INFO  org.apache.coyote.http11.Http11NioProtocol - Starting ProtocolHandler ["http-nio-8080"]
2020-07-12 00:04:59.233 [restartedMain]  INFO  o.s.boot.web.embedded.tomcat.TomcatWebServer - Tomcat started on port(s): 8080 (http) with context path ''
2020-07-12 00:04:59.584 [restartedMain]  INFO  cn.oasys.web.OasysWebApplication - Started OasysWebApplication in 2.699 seconds (JVM running for 1820.328)
2020-07-12 00:04:59.585 [restartedMain]  INFO  o.s.b.d.a.ConditionEvaluationDeltaLoggingListener - Condition evaluation unchanged
2020-07-12 00:05:18.533 [Thread-6480]  INFO  o.s.scheduling.concurrent.ThreadPoolTaskExecutor - Shutting down ExecutorService 'applicationTaskExecutor'
2020-07-12 00:05:19.810 [restartedMain]  INFO  cn.oasys.web.OasysWebApplication - No active profile set, falling back to default profiles: default
2020-07-12 00:05:20.170 [restartedMain]  INFO  o.springframework.cloud.context.scope.GenericScope - BeanFactory id=b0afd7e1-4376-3f60-a25b-185a687e67ab
2020-07-12 00:05:20.279 [restartedMain]  INFO  o.s.boot.web.embedded.tomcat.TomcatWebServer - Tomcat initialized with port(s): 8080 (http)
2020-07-12 00:05:20.279 [restartedMain]  INFO  org.apache.coyote.http11.Http11NioProtocol - Initializing ProtocolHandler ["http-nio-8080"]
2020-07-12 00:05:20.280 [restartedMain]  INFO  org.apache.catalina.core.StandardService - Starting service [Tomcat]
2020-07-12 00:05:20.280 [restartedMain]  INFO  org.apache.catalina.core.StandardEngine - Starting Servlet engine: [Apache Tomcat/9.0.35]
2020-07-12 00:05:20.308 [restartedMain]  INFO  o.a.c.core.ContainerBase.[Tomcat].[localhost].[/] - Initializing Spring embedded WebApplicationContext
2020-07-12 00:05:20.308 [restartedMain]  INFO  org.springframework.web.context.ContextLoader - Root WebApplicationContext: initialization completed in 496 ms
2020-07-12 00:05:20.490 [restartedMain]  WARN  com.netflix.config.sources.URLConfigurationSource - No URLs will be polled as dynamic configuration sources.
2020-07-12 00:05:20.490 [restartedMain]  INFO  com.netflix.config.sources.URLConfigurationSource - To enable URLs as dynamic configuration sources, define System property archaius.configurationSource.additionalUrls or make config.properties available on classpath.
2020-07-12 00:05:20.523 [restartedMain]  INFO  o.s.scheduling.concurrent.ThreadPoolTaskExecutor - Initializing ExecutorService 'applicationTaskExecutor'
2020-07-12 00:05:20.546 [restartedMain]  WARN  org.thymeleaf.templatemode.TemplateMode - [THYMELEAF][restartedMain] Template Mode 'HTML5' is deprecated. Using Template Mode 'HTML' instead.
2020-07-12 00:05:21.080 [restartedMain]  INFO  o.s.b.d.autoconfigure.OptionalLiveReloadServer - LiveReload server is running on port 35729
2020-07-12 00:05:21.426 [restartedMain]  INFO  org.apache.coyote.http11.Http11NioProtocol - Starting ProtocolHandler ["http-nio-8080"]
2020-07-12 00:05:21.430 [restartedMain]  INFO  o.s.boot.web.embedded.tomcat.TomcatWebServer - Tomcat started on port(s): 8080 (http) with context path ''
2020-07-12 00:05:21.775 [restartedMain]  INFO  cn.oasys.web.OasysWebApplication - Started OasysWebApplication in 2.733 seconds (JVM running for 1842.519)
2020-07-12 00:05:21.776 [restartedMain]  INFO  o.s.b.d.a.ConditionEvaluationDeltaLoggingListener - Condition evaluation unchanged
2020-07-12 00:05:22.097 [http-nio-8080-exec-2]  INFO  o.a.c.core.ContainerBase.[Tomcat].[localhost].[/] - Initializing Spring DispatcherServlet 'dispatcherServlet'
2020-07-12 00:05:22.098 [http-nio-8080-exec-2]  INFO  org.springframework.web.servlet.DispatcherServlet - Initializing Servlet 'dispatcherServlet'
2020-07-12 00:05:22.099 [http-nio-8080-exec-2]  INFO  org.springframework.web.servlet.DispatcherServlet - Completed initialization in 1 ms
2020-07-12 00:05:22.100 [http-nio-8080-exec-2]  INFO  com.zaxxer.hikari.HikariDataSource - HikariPool-14 - Starting...
2020-07-12 00:05:22.105 [http-nio-8080-exec-2]  INFO  com.zaxxer.hikari.HikariDataSource - HikariPool-14 - Start completed.
2020-07-12 00:05:59.907 [Thread-6739]  INFO  o.s.scheduling.concurrent.ThreadPoolTaskExecutor - Shutting down ExecutorService 'applicationTaskExecutor'
2020-07-12 00:05:59.907 [Thread-6739]  INFO  com.zaxxer.hikari.HikariDataSource - HikariPool-14 - Shutdown initiated...
2020-07-12 00:05:59.910 [Thread-6739]  INFO  com.zaxxer.hikari.HikariDataSource - HikariPool-14 - Shutdown completed.
2020-07-12 00:06:01.151 [restartedMain]  INFO  cn.oasys.web.OasysWebApplication - No active profile set, falling back to default profiles: default
2020-07-12 00:06:01.519 [restartedMain]  INFO  o.springframework.cloud.context.scope.GenericScope - BeanFactory id=b0afd7e1-4376-3f60-a25b-185a687e67ab
2020-07-12 00:06:01.624 [restartedMain]  INFO  o.s.boot.web.embedded.tomcat.TomcatWebServer - Tomcat initialized with port(s): 8080 (http)
2020-07-12 00:06:01.625 [restartedMain]  INFO  org.apache.coyote.http11.Http11NioProtocol - Initializing ProtocolHandler ["http-nio-8080"]
2020-07-12 00:06:01.625 [restartedMain]  INFO  org.apache.catalina.core.StandardService - Starting service [Tomcat]
2020-07-12 00:06:01.625 [restartedMain]  INFO  org.apache.catalina.core.StandardEngine - Starting Servlet engine: [Apache Tomcat/9.0.35]
2020-07-12 00:06:01.678 [restartedMain]  INFO  o.a.c.core.ContainerBase.[Tomcat].[localhost].[/] - Initializing Spring embedded WebApplicationContext
2020-07-12 00:06:01.678 [restartedMain]  INFO  org.springframework.web.context.ContextLoader - Root WebApplicationContext: initialization completed in 524 ms
2020-07-12 00:06:01.864 [restartedMain]  WARN  com.netflix.config.sources.URLConfigurationSource - No URLs will be polled as dynamic configuration sources.
2020-07-12 00:06:01.864 [restartedMain]  INFO  com.netflix.config.sources.URLConfigurationSource - To enable URLs as dynamic configuration sources, define System property archaius.configurationSource.additionalUrls or make config.properties available on classpath.
2020-07-12 00:06:01.893 [restartedMain]  INFO  o.s.scheduling.concurrent.ThreadPoolTaskExecutor - Initializing ExecutorService 'applicationTaskExecutor'
2020-07-12 00:06:01.918 [restartedMain]  WARN  org.thymeleaf.templatemode.TemplateMode - [THYMELEAF][restartedMain] Template Mode 'HTML5' is deprecated. Using Template Mode 'HTML' instead.
2020-07-12 00:06:02.453 [restartedMain]  INFO  o.s.b.d.autoconfigure.OptionalLiveReloadServer - LiveReload server is running on port 35729
2020-07-12 00:06:02.799 [restartedMain]  INFO  org.apache.coyote.http11.Http11NioProtocol - Starting ProtocolHandler ["http-nio-8080"]
2020-07-12 00:06:02.803 [restartedMain]  INFO  o.s.boot.web.embedded.tomcat.TomcatWebServer - Tomcat started on port(s): 8080 (http) with context path ''
2020-07-12 00:06:03.151 [restartedMain]  INFO  cn.oasys.web.OasysWebApplication - Started OasysWebApplication in 2.724 seconds (JVM running for 1883.894)
2020-07-12 00:06:03.151 [restartedMain]  INFO  o.s.b.d.a.ConditionEvaluationDeltaLoggingListener - Condition evaluation unchanged
2020-07-12 00:06:16.018 [Thread-6998]  INFO  o.s.scheduling.concurrent.ThreadPoolTaskExecutor - Shutting down ExecutorService 'applicationTaskExecutor'
2020-07-12 00:06:17.875 [restartedMain]  INFO  cn.oasys.web.OasysWebApplication - No active profile set, falling back to default profiles: default
2020-07-12 00:06:18.212 [restartedMain]  INFO  o.springframework.cloud.context.scope.GenericScope - BeanFactory id=b0afd7e1-4376-3f60-a25b-185a687e67ab
2020-07-12 00:06:18.392 [restartedMain]  INFO  o.s.boot.web.embedded.tomcat.TomcatWebServer - Tomcat initialized with port(s): 8080 (http)
2020-07-12 00:06:18.394 [restartedMain]  INFO  org.apache.coyote.http11.Http11NioProtocol - Initializing ProtocolHandler ["http-nio-8080"]
2020-07-12 00:06:18.395 [restartedMain]  INFO  org.apache.catalina.core.StandardService - Starting service [Tomcat]
2020-07-12 00:06:18.395 [restartedMain]  INFO  org.apache.catalina.core.StandardEngine - Starting Servlet engine: [Apache Tomcat/9.0.35]
2020-07-12 00:06:18.450 [restartedMain]  INFO  o.a.c.core.ContainerBase.[Tomcat].[localhost].[/] - Initializing Spring embedded WebApplicationContext
2020-07-12 00:06:18.451 [restartedMain]  INFO  org.springframework.web.context.ContextLoader - Root WebApplicationContext: initialization completed in 574 ms
2020-07-12 00:06:18.686 [restartedMain]  WARN  com.netflix.config.sources.URLConfigurationSource - No URLs will be polled as dynamic configuration sources.
2020-07-12 00:06:18.686 [restartedMain]  INFO  com.netflix.config.sources.URLConfigurationSource - To enable URLs as dynamic configuration sources, define System property archaius.configurationSource.additionalUrls or make config.properties available on classpath.
2020-07-12 00:06:18.722 [restartedMain]  INFO  o.s.scheduling.concurrent.ThreadPoolTaskExecutor - Initializing ExecutorService 'applicationTaskExecutor'
2020-07-12 00:06:18.750 [restartedMain]  WARN  org.thymeleaf.templatemode.TemplateMode - [THYMELEAF][restartedMain] Template Mode 'HTML5' is deprecated. Using Template Mode 'HTML' instead.
2020-07-12 00:06:19.385 [restartedMain]  INFO  o.s.b.d.autoconfigure.OptionalLiveReloadServer - LiveReload server is running on port 35729
2020-07-12 00:06:19.842 [restartedMain]  INFO  org.apache.coyote.http11.Http11NioProtocol - Starting ProtocolHandler ["http-nio-8080"]
2020-07-12 00:06:19.856 [restartedMain]  INFO  o.s.boot.web.embedded.tomcat.TomcatWebServer - Tomcat started on port(s): 8080 (http) with context path ''
2020-07-12 00:06:20.256 [restartedMain]  INFO  cn.oasys.web.OasysWebApplication - Started OasysWebApplication in 3.166 seconds (JVM running for 1900.999)
2020-07-12 00:06:20.257 [restartedMain]  INFO  o.s.b.d.a.ConditionEvaluationDeltaLoggingListener - Condition evaluation unchanged
2020-07-12 00:06:20.760 [http-nio-8080-exec-1]  INFO  o.a.c.core.ContainerBase.[Tomcat].[localhost].[/] - Initializing Spring DispatcherServlet 'dispatcherServlet'
2020-07-12 00:06:20.761 [http-nio-8080-exec-1]  INFO  org.springframework.web.servlet.DispatcherServlet - Initializing Servlet 'dispatcherServlet'
2020-07-12 00:06:20.763 [http-nio-8080-exec-1]  INFO  org.springframework.web.servlet.DispatcherServlet - Completed initialization in 2 ms
2020-07-12 00:06:20.765 [http-nio-8080-exec-1]  INFO  com.zaxxer.hikari.HikariDataSource - HikariPool-15 - Starting...
2020-07-12 00:06:20.771 [http-nio-8080-exec-1]  INFO  com.zaxxer.hikari.HikariDataSource - HikariPool-15 - Start completed.
2020-07-12 00:07:08.449 [Thread-7257]  INFO  o.s.scheduling.concurrent.ThreadPoolTaskExecutor - Shutting down ExecutorService 'applicationTaskExecutor'
2020-07-12 00:07:08.450 [Thread-7257]  INFO  com.zaxxer.hikari.HikariDataSource - HikariPool-15 - Shutdown initiated...
2020-07-12 00:07:08.453 [Thread-7257]  INFO  com.zaxxer.hikari.HikariDataSource - HikariPool-15 - Shutdown completed.
2020-07-12 00:07:10.004 [restartedMain]  INFO  cn.oasys.web.OasysWebApplication - No active profile set, falling back to default profiles: default
2020-07-12 00:07:10.344 [restartedMain]  INFO  o.springframework.cloud.context.scope.GenericScope - BeanFactory id=b0afd7e1-4376-3f60-a25b-185a687e67ab
2020-07-12 00:07:10.458 [restartedMain]  INFO  o.s.boot.web.embedded.tomcat.TomcatWebServer - Tomcat initialized with port(s): 8080 (http)
2020-07-12 00:07:10.458 [restartedMain]  INFO  org.apache.coyote.http11.Http11NioProtocol - Initializing ProtocolHandler ["http-nio-8080"]
2020-07-12 00:07:10.459 [restartedMain]  INFO  org.apache.catalina.core.StandardService - Starting service [Tomcat]
2020-07-12 00:07:10.459 [restartedMain]  INFO  org.apache.catalina.core.StandardEngine - Starting Servlet engine: [Apache Tomcat/9.0.35]
2020-07-12 00:07:10.499 [restartedMain]  INFO  o.a.c.core.ContainerBase.[Tomcat].[localhost].[/] - Initializing Spring embedded WebApplicationContext
2020-07-12 00:07:10.499 [restartedMain]  INFO  org.springframework.web.context.ContextLoader - Root WebApplicationContext: initialization completed in 493 ms
2020-07-12 00:07:10.702 [restartedMain]  WARN  com.netflix.config.sources.URLConfigurationSource - No URLs will be polled as dynamic configuration sources.
2020-07-12 00:07:10.703 [restartedMain]  INFO  com.netflix.config.sources.URLConfigurationSource - To enable URLs as dynamic configuration sources, define System property archaius.configurationSource.additionalUrls or make config.properties available on classpath.
2020-07-12 00:07:10.736 [restartedMain]  INFO  o.s.scheduling.concurrent.ThreadPoolTaskExecutor - Initializing ExecutorService 'applicationTaskExecutor'
2020-07-12 00:07:10.770 [restartedMain]  WARN  org.thymeleaf.templatemode.TemplateMode - [THYMELEAF][restartedMain] Template Mode 'HTML5' is deprecated. Using Template Mode 'HTML' instead.
2020-07-12 00:07:11.435 [restartedMain]  INFO  o.s.b.d.autoconfigure.OptionalLiveReloadServer - LiveReload server is running on port 35729
2020-07-12 00:07:11.793 [restartedMain]  INFO  org.apache.coyote.http11.Http11NioProtocol - Starting ProtocolHandler ["http-nio-8080"]
2020-07-12 00:07:11.798 [restartedMain]  INFO  o.s.boot.web.embedded.tomcat.TomcatWebServer - Tomcat started on port(s): 8080 (http) with context path ''
2020-07-12 00:07:12.285 [restartedMain]  INFO  cn.oasys.web.OasysWebApplication - Started OasysWebApplication in 3.032 seconds (JVM running for 1953.027)
2020-07-12 00:07:12.286 [restartedMain]  INFO  o.s.b.d.a.ConditionEvaluationDeltaLoggingListener - Condition evaluation unchanged
2020-07-12 00:07:12.481 [http-nio-8080-exec-1]  INFO  o.a.c.core.ContainerBase.[Tomcat].[localhost].[/] - Initializing Spring DispatcherServlet 'dispatcherServlet'
2020-07-12 00:07:12.482 [http-nio-8080-exec-1]  INFO  org.springframework.web.servlet.DispatcherServlet - Initializing Servlet 'dispatcherServlet'
2020-07-12 00:07:12.484 [http-nio-8080-exec-1]  INFO  org.springframework.web.servlet.DispatcherServlet - Completed initialization in 2 ms
2020-07-12 00:07:12.486 [http-nio-8080-exec-1]  INFO  com.zaxxer.hikari.HikariDataSource - HikariPool-16 - Starting...
2020-07-12 00:07:12.491 [http-nio-8080-exec-1]  INFO  com.zaxxer.hikari.HikariDataSource - HikariPool-16 - Start completed.
2020-07-12 00:07:43.101 [Thread-7516]  INFO  o.s.scheduling.concurrent.ThreadPoolTaskExecutor - Shutting down ExecutorService 'applicationTaskExecutor'
2020-07-12 00:07:43.102 [Thread-7516]  INFO  com.zaxxer.hikari.HikariDataSource - HikariPool-16 - Shutdown initiated...
2020-07-12 00:07:43.106 [Thread-7516]  INFO  com.zaxxer.hikari.HikariDataSource - HikariPool-16 - Shutdown completed.
2020-07-12 00:07:44.364 [restartedMain]  INFO  cn.oasys.web.OasysWebApplication - No active profile set, falling back to default profiles: default
2020-07-12 00:07:44.696 [restartedMain]  INFO  o.springframework.cloud.context.scope.GenericScope - BeanFactory id=b0afd7e1-4376-3f60-a25b-185a687e67ab
2020-07-12 00:07:44.796 [restartedMain]  INFO  o.s.boot.web.embedded.tomcat.TomcatWebServer - Tomcat initialized with port(s): 8080 (http)
2020-07-12 00:07:44.797 [restartedMain]  INFO  org.apache.coyote.http11.Http11NioProtocol - Initializing ProtocolHandler ["http-nio-8080"]
2020-07-12 00:07:44.797 [restartedMain]  INFO  org.apache.catalina.core.StandardService - Starting service [Tomcat]
2020-07-12 00:07:44.797 [restartedMain]  INFO  org.apache.catalina.core.StandardEngine - Starting Servlet engine: [Apache Tomcat/9.0.35]
2020-07-12 00:07:44.851 [restartedMain]  INFO  o.a.c.core.ContainerBase.[Tomcat].[localhost].[/] - Initializing Spring embedded WebApplicationContext
2020-07-12 00:07:44.851 [restartedMain]  INFO  org.springframework.web.context.ContextLoader - Root WebApplicationContext: initialization completed in 484 ms
2020-07-12 00:07:45.072 [restartedMain]  WARN  com.netflix.config.sources.URLConfigurationSource - No URLs will be polled as dynamic configuration sources.
2020-07-12 00:07:45.072 [restartedMain]  INFO  com.netflix.config.sources.URLConfigurationSource - To enable URLs as dynamic configuration sources, define System property archaius.configurationSource.additionalUrls or make config.properties available on classpath.
2020-07-12 00:07:45.105 [restartedMain]  INFO  o.s.scheduling.concurrent.ThreadPoolTaskExecutor - Initializing ExecutorService 'applicationTaskExecutor'
2020-07-12 00:07:45.130 [restartedMain]  WARN  org.thymeleaf.templatemode.TemplateMode - [THYMELEAF][restartedMain] Template Mode 'HTML5' is deprecated. Using Template Mode 'HTML' instead.
2020-07-12 00:07:45.624 [restartedMain]  INFO  o.s.b.d.autoconfigure.OptionalLiveReloadServer - LiveReload server is running on port 35729
2020-07-12 00:07:45.976 [restartedMain]  INFO  org.apache.coyote.http11.Http11NioProtocol - Starting ProtocolHandler ["http-nio-8080"]
2020-07-12 00:07:45.981 [restartedMain]  INFO  o.s.boot.web.embedded.tomcat.TomcatWebServer - Tomcat started on port(s): 8080 (http) with context path ''
2020-07-12 00:07:46.332 [restartedMain]  INFO  cn.oasys.web.OasysWebApplication - Started OasysWebApplication in 2.724 seconds (JVM running for 1987.074)
2020-07-12 00:07:46.333 [restartedMain]  INFO  o.s.b.d.a.ConditionEvaluationDeltaLoggingListener - Condition evaluation unchanged
2020-07-12 00:09:47.114 [http-nio-8080-exec-1]  INFO  o.a.c.core.ContainerBase.[Tomcat].[localhost].[/] - Initializing Spring DispatcherServlet 'dispatcherServlet'
2020-07-12 00:09:47.115 [http-nio-8080-exec-1]  INFO  org.springframework.web.servlet.DispatcherServlet - Initializing Servlet 'dispatcherServlet'
2020-07-12 00:09:47.116 [http-nio-8080-exec-1]  INFO  org.springframework.web.servlet.DispatcherServlet - Completed initialization in 1 ms
2020-07-12 00:09:47.117 [http-nio-8080-exec-1]  INFO  com.zaxxer.hikari.HikariDataSource - HikariPool-17 - Starting...
2020-07-12 00:09:47.121 [http-nio-8080-exec-1]  INFO  com.zaxxer.hikari.HikariDataSource - HikariPool-17 - Start completed.
2020-07-12 00:10:29.430 [Thread-7775]  INFO  o.s.scheduling.concurrent.ThreadPoolTaskExecutor - Shutting down ExecutorService 'applicationTaskExecutor'
2020-07-12 00:10:29.430 [Thread-7775]  INFO  com.zaxxer.hikari.HikariDataSource - HikariPool-17 - Shutdown initiated...
2020-07-12 00:10:29.435 [Thread-7775]  INFO  com.zaxxer.hikari.HikariDataSource - HikariPool-17 - Shutdown completed.
2020-07-12 00:10:30.590 [restartedMain]  INFO  cn.oasys.web.OasysWebApplication - No active profile set, falling back to default profiles: default
2020-07-12 00:10:30.927 [restartedMain]  INFO  o.springframework.cloud.context.scope.GenericScope - BeanFactory id=b0afd7e1-4376-3f60-a25b-185a687e67ab
2020-07-12 00:10:31.031 [restartedMain]  INFO  o.s.boot.web.embedded.tomcat.TomcatWebServer - Tomcat initialized with port(s): 8080 (http)
2020-07-12 00:10:31.032 [restartedMain]  INFO  org.apache.coyote.http11.Http11NioProtocol - Initializing ProtocolHandler ["http-nio-8080"]
2020-07-12 00:10:31.032 [restartedMain]  INFO  org.apache.catalina.core.StandardService - Starting service [Tomcat]
2020-07-12 00:10:31.032 [restartedMain]  INFO  org.apache.catalina.core.StandardEngine - Starting Servlet engine: [Apache Tomcat/9.0.35]
2020-07-12 00:10:31.062 [restartedMain]  INFO  o.a.c.core.ContainerBase.[Tomcat].[localhost].[/] - Initializing Spring embedded WebApplicationContext
2020-07-12 00:10:31.063 [restartedMain]  INFO  org.springframework.web.context.ContextLoader - Root WebApplicationContext: initialization completed in 471 ms
2020-07-12 00:10:31.250 [restartedMain]  WARN  com.netflix.config.sources.URLConfigurationSource - No URLs will be polled as dynamic configuration sources.
2020-07-12 00:10:31.250 [restartedMain]  INFO  com.netflix.config.sources.URLConfigurationSource - To enable URLs as dynamic configuration sources, define System property archaius.configurationSource.additionalUrls or make config.properties available on classpath.
2020-07-12 00:10:31.281 [restartedMain]  INFO  o.s.scheduling.concurrent.ThreadPoolTaskExecutor - Initializing ExecutorService 'applicationTaskExecutor'
2020-07-12 00:10:31.306 [restartedMain]  WARN  org.thymeleaf.templatemode.TemplateMode - [THYMELEAF][restartedMain] Template Mode 'HTML5' is deprecated. Using Template Mode 'HTML' instead.
2020-07-12 00:10:31.807 [restartedMain]  INFO  o.s.b.d.autoconfigure.OptionalLiveReloadServer - LiveReload server is running on port 35729
2020-07-12 00:10:32.169 [restartedMain]  INFO  org.apache.coyote.http11.Http11NioProtocol - Starting ProtocolHandler ["http-nio-8080"]
2020-07-12 00:10:32.173 [restartedMain]  INFO  o.s.boot.web.embedded.tomcat.TomcatWebServer - Tomcat started on port(s): 8080 (http) with context path ''
2020-07-12 00:10:32.231 [http-nio-8080-exec-1]  INFO  o.a.c.core.ContainerBase.[Tomcat].[localhost].[/] - Initializing Spring DispatcherServlet 'dispatcherServlet'
2020-07-12 00:10:32.232 [http-nio-8080-exec-1]  INFO  org.springframework.web.servlet.DispatcherServlet - Initializing Servlet 'dispatcherServlet'
2020-07-12 00:10:32.233 [http-nio-8080-exec-1]  INFO  org.springframework.web.servlet.DispatcherServlet - Completed initialization in 1 ms
2020-07-12 00:10:32.236 [http-nio-8080-exec-1]  INFO  com.zaxxer.hikari.HikariDataSource - HikariPool-18 - Starting...
2020-07-12 00:10:32.240 [http-nio-8080-exec-1]  INFO  com.zaxxer.hikari.HikariDataSource - HikariPool-18 - Start completed.
2020-07-12 00:10:32.564 [restartedMain]  INFO  cn.oasys.web.OasysWebApplication - Started OasysWebApplication in 2.71 seconds (JVM running for 2153.302)
2020-07-12 00:10:32.565 [restartedMain]  INFO  o.s.b.d.a.ConditionEvaluationDeltaLoggingListener - Condition evaluation unchanged
2020-07-12 00:10:44.255 [Thread-8034]  INFO  o.s.scheduling.concurrent.ThreadPoolTaskExecutor - Shutting down ExecutorService 'applicationTaskExecutor'
2020-07-12 00:10:44.255 [Thread-8034]  INFO  com.zaxxer.hikari.HikariDataSource - HikariPool-18 - Shutdown initiated...
2020-07-12 00:10:44.258 [Thread-8034]  INFO  com.zaxxer.hikari.HikariDataSource - HikariPool-18 - Shutdown completed.
2020-07-12 00:10:45.537 [restartedMain]  INFO  cn.oasys.web.OasysWebApplication - No active profile set, falling back to default profiles: default
2020-07-12 00:10:45.882 [restartedMain]  INFO  o.springframework.cloud.context.scope.GenericScope - BeanFactory id=b0afd7e1-4376-3f60-a25b-185a687e67ab
2020-07-12 00:10:46.067 [restartedMain]  INFO  o.s.boot.web.embedded.tomcat.TomcatWebServer - Tomcat initialized with port(s): 8080 (http)
2020-07-12 00:10:46.068 [restartedMain]  INFO  org.apache.coyote.http11.Http11NioProtocol - Initializing ProtocolHandler ["http-nio-8080"]
2020-07-12 00:10:46.068 [restartedMain]  INFO  org.apache.catalina.core.StandardService - Starting service [Tomcat]
2020-07-12 00:10:46.068 [restartedMain]  INFO  org.apache.catalina.core.StandardEngine - Starting Servlet engine: [Apache Tomcat/9.0.35]
2020-07-12 00:10:46.086 [restartedMain]  INFO  o.a.c.core.ContainerBase.[Tomcat].[localhost].[/] - Initializing Spring embedded WebApplicationContext
2020-07-12 00:10:46.086 [restartedMain]  INFO  org.springframework.web.context.ContextLoader - Root WebApplicationContext: initialization completed in 547 ms
2020-07-12 00:10:46.273 [restartedMain]  WARN  com.netflix.config.sources.URLConfigurationSource - No URLs will be polled as dynamic configuration sources.
2020-07-12 00:10:46.273 [restartedMain]  INFO  com.netflix.config.sources.URLConfigurationSource - To enable URLs as dynamic configuration sources, define System property archaius.configurationSource.additionalUrls or make config.properties available on classpath.
2020-07-12 00:10:46.306 [restartedMain]  INFO  o.s.scheduling.concurrent.ThreadPoolTaskExecutor - Initializing ExecutorService 'applicationTaskExecutor'
2020-07-12 00:10:46.332 [restartedMain]  WARN  org.thymeleaf.templatemode.TemplateMode - [THYMELEAF][restartedMain] Template Mode 'HTML5' is deprecated. Using Template Mode 'HTML' instead.
2020-07-12 00:10:46.893 [restartedMain]  INFO  o.s.b.d.autoconfigure.OptionalLiveReloadServer - LiveReload server is running on port 35729
2020-07-12 00:10:47.255 [restartedMain]  INFO  org.apache.coyote.http11.Http11NioProtocol - Starting ProtocolHandler ["http-nio-8080"]
2020-07-12 00:10:47.259 [restartedMain]  INFO  o.s.boot.web.embedded.tomcat.TomcatWebServer - Tomcat started on port(s): 8080 (http) with context path ''
2020-07-12 00:10:47.359 [http-nio-8080-exec-1]  INFO  o.a.c.core.ContainerBase.[Tomcat].[localhost].[/] - Initializing Spring DispatcherServlet 'dispatcherServlet'
2020-07-12 00:10:47.360 [http-nio-8080-exec-1]  INFO  org.springframework.web.servlet.DispatcherServlet - Initializing Servlet 'dispatcherServlet'
2020-07-12 00:10:47.362 [http-nio-8080-exec-1]  INFO  org.springframework.web.servlet.DispatcherServlet - Completed initialization in 2 ms
2020-07-12 00:10:47.364 [http-nio-8080-exec-1]  INFO  com.zaxxer.hikari.HikariDataSource - HikariPool-19 - Starting...
2020-07-12 00:10:47.367 [http-nio-8080-exec-1]  INFO  com.zaxxer.hikari.HikariDataSource - HikariPool-19 - Start completed.
2020-07-12 00:10:47.987 [restartedMain]  INFO  cn.oasys.web.OasysWebApplication - Started OasysWebApplication in 3.18 seconds (JVM running for 2168.725)
2020-07-12 00:10:47.988 [restartedMain]  INFO  o.s.b.d.a.ConditionEvaluationDeltaLoggingListener - Condition evaluation unchanged
2020-07-12 00:12:10.497 [Thread-8293]  INFO  o.s.scheduling.concurrent.ThreadPoolTaskExecutor - Shutting down ExecutorService 'applicationTaskExecutor'
2020-07-12 00:12:10.498 [Thread-8293]  INFO  com.zaxxer.hikari.HikariDataSource - HikariPool-19 - Shutdown initiated...
2020-07-12 00:12:10.504 [Thread-8293]  INFO  com.zaxxer.hikari.HikariDataSource - HikariPool-19 - Shutdown completed.
2020-07-12 00:12:11.915 [restartedMain]  INFO  cn.oasys.web.OasysWebApplication - No active profile set, falling back to default profiles: default
2020-07-12 00:12:12.404 [restartedMain]  INFO  o.springframework.cloud.context.scope.GenericScope - BeanFactory id=b0afd7e1-4376-3f60-a25b-185a687e67ab
2020-07-12 00:12:12.513 [restartedMain]  INFO  o.s.boot.web.embedded.tomcat.TomcatWebServer - Tomcat initialized with port(s): 8080 (http)
2020-07-12 00:12:12.514 [restartedMain]  INFO  org.apache.coyote.http11.Http11NioProtocol - Initializing ProtocolHandler ["http-nio-8080"]
2020-07-12 00:12:12.514 [restartedMain]  INFO  org.apache.catalina.core.StandardService - Starting service [Tomcat]
2020-07-12 00:12:12.514 [restartedMain]  INFO  org.apache.catalina.core.StandardEngine - Starting Servlet engine: [Apache Tomcat/9.0.35]
2020-07-12 00:12:12.548 [restartedMain]  INFO  o.a.c.core.ContainerBase.[Tomcat].[localhost].[/] - Initializing Spring embedded WebApplicationContext
2020-07-12 00:12:12.548 [restartedMain]  INFO  org.springframework.web.context.ContextLoader - Root WebApplicationContext: initialization completed in 630 ms
2020-07-12 00:12:12.787 [restartedMain]  WARN  com.netflix.config.sources.URLConfigurationSource - No URLs will be polled as dynamic configuration sources.
2020-07-12 00:12:12.787 [restartedMain]  INFO  com.netflix.config.sources.URLConfigurationSource - To enable URLs as dynamic configuration sources, define System property archaius.configurationSource.additionalUrls or make config.properties available on classpath.
2020-07-12 00:12:12.823 [restartedMain]  INFO  o.s.scheduling.concurrent.ThreadPoolTaskExecutor - Initializing ExecutorService 'applicationTaskExecutor'
2020-07-12 00:12:12.847 [restartedMain]  WARN  org.thymeleaf.templatemode.TemplateMode - [THYMELEAF][restartedMain] Template Mode 'HTML5' is deprecated. Using Template Mode 'HTML' instead.
2020-07-12 00:12:13.361 [restartedMain]  INFO  o.s.b.d.autoconfigure.OptionalLiveReloadServer - LiveReload server is running on port 35729
2020-07-12 00:12:13.724 [restartedMain]  INFO  org.apache.coyote.http11.Http11NioProtocol - Starting ProtocolHandler ["http-nio-8080"]
2020-07-12 00:12:13.728 [restartedMain]  INFO  o.s.boot.web.embedded.tomcat.TomcatWebServer - Tomcat started on port(s): 8080 (http) with context path ''
2020-07-12 00:12:14.131 [restartedMain]  INFO  cn.oasys.web.OasysWebApplication - Started OasysWebApplication in 3.131 seconds (JVM running for 2254.866)
2020-07-12 00:12:14.132 [restartedMain]  INFO  o.s.b.d.a.ConditionEvaluationDeltaLoggingListener - Condition evaluation unchanged
2020-07-12 00:12:23.828 [Thread-8552]  INFO  o.s.scheduling.concurrent.ThreadPoolTaskExecutor - Shutting down ExecutorService 'applicationTaskExecutor'
2020-07-12 00:12:25.088 [restartedMain]  INFO  cn.oasys.web.OasysWebApplication - No active profile set, falling back to default profiles: default
2020-07-12 00:12:25.419 [restartedMain]  INFO  o.springframework.cloud.context.scope.GenericScope - BeanFactory id=b0afd7e1-4376-3f60-a25b-185a687e67ab
2020-07-12 00:12:25.567 [restartedMain]  INFO  o.s.boot.web.embedded.tomcat.TomcatWebServer - Tomcat initialized with port(s): 8080 (http)
2020-07-12 00:12:25.567 [restartedMain]  INFO  org.apache.coyote.http11.Http11NioProtocol - Initializing ProtocolHandler ["http-nio-8080"]
2020-07-12 00:12:25.567 [restartedMain]  INFO  org.apache.catalina.core.StandardService - Starting service [Tomcat]
2020-07-12 00:12:25.567 [restartedMain]  INFO  org.apache.catalina.core.StandardEngine - Starting Servlet engine: [Apache Tomcat/9.0.35]
2020-07-12 00:12:25.585 [restartedMain]  INFO  o.a.c.core.ContainerBase.[Tomcat].[localhost].[/] - Initializing Spring embedded WebApplicationContext
2020-07-12 00:12:25.586 [restartedMain]  INFO  org.springframework.web.context.ContextLoader - Root WebApplicationContext: initialization completed in 495 ms
2020-07-12 00:12:25.771 [restartedMain]  WARN  com.netflix.config.sources.URLConfigurationSource - No URLs will be polled as dynamic configuration sources.
2020-07-12 00:12:25.771 [restartedMain]  INFO  com.netflix.config.sources.URLConfigurationSource - To enable URLs as dynamic configuration sources, define System property archaius.configurationSource.additionalUrls or make config.properties available on classpath.
2020-07-12 00:12:25.808 [restartedMain]  INFO  o.s.scheduling.concurrent.ThreadPoolTaskExecutor - Initializing ExecutorService 'applicationTaskExecutor'
2020-07-12 00:12:25.832 [restartedMain]  WARN  org.thymeleaf.templatemode.TemplateMode - [THYMELEAF][restartedMain] Template Mode 'HTML5' is deprecated. Using Template Mode 'HTML' instead.
2020-07-12 00:12:26.333 [restartedMain]  INFO  o.s.b.d.autoconfigure.OptionalLiveReloadServer - LiveReload server is running on port 35729
2020-07-12 00:12:26.672 [restartedMain]  INFO  org.apache.coyote.http11.Http11NioProtocol - Starting ProtocolHandler ["http-nio-8080"]
2020-07-12 00:12:26.676 [restartedMain]  INFO  o.s.boot.web.embedded.tomcat.TomcatWebServer - Tomcat started on port(s): 8080 (http) with context path ''
2020-07-12 00:12:27.016 [restartedMain]  INFO  cn.oasys.web.OasysWebApplication - Started OasysWebApplication in 2.666 seconds (JVM running for 2267.752)
2020-07-12 00:12:27.016 [restartedMain]  INFO  o.s.b.d.a.ConditionEvaluationDeltaLoggingListener - Condition evaluation unchanged
2020-07-12 00:12:44.453 [Thread-8811]  INFO  o.s.scheduling.concurrent.ThreadPoolTaskExecutor - Shutting down ExecutorService 'applicationTaskExecutor'
2020-07-12 00:12:45.834 [restartedMain]  INFO  cn.oasys.web.OasysWebApplication - No active profile set, falling back to default profiles: default
2020-07-12 00:12:46.208 [restartedMain]  INFO  o.springframework.cloud.context.scope.GenericScope - BeanFactory id=b0afd7e1-4376-3f60-a25b-185a687e67ab
2020-07-12 00:12:46.330 [restartedMain]  INFO  o.s.boot.web.embedded.tomcat.TomcatWebServer - Tomcat initialized with port(s): 8080 (http)
2020-07-12 00:12:46.330 [restartedMain]  INFO  org.apache.coyote.http11.Http11NioProtocol - Initializing ProtocolHandler ["http-nio-8080"]
2020-07-12 00:12:46.331 [restartedMain]  INFO  org.apache.catalina.core.StandardService - Starting service [Tomcat]
2020-07-12 00:12:46.331 [restartedMain]  INFO  org.apache.catalina.core.StandardEngine - Starting Servlet engine: [Apache Tomcat/9.0.35]
2020-07-12 00:12:46.388 [restartedMain]  INFO  o.a.c.core.ContainerBase.[Tomcat].[localhost].[/] - Initializing Spring embedded WebApplicationContext
2020-07-12 00:12:46.389 [restartedMain]  INFO  org.springframework.web.context.ContextLoader - Root WebApplicationContext: initialization completed in 552 ms
2020-07-12 00:12:46.587 [restartedMain]  WARN  com.netflix.config.sources.URLConfigurationSource - No URLs will be polled as dynamic configuration sources.
2020-07-12 00:12:46.588 [restartedMain]  INFO  com.netflix.config.sources.URLConfigurationSource - To enable URLs as dynamic configuration sources, define System property archaius.configurationSource.additionalUrls or make config.properties available on classpath.
2020-07-12 00:12:46.624 [restartedMain]  INFO  o.s.scheduling.concurrent.ThreadPoolTaskExecutor - Initializing ExecutorService 'applicationTaskExecutor'
2020-07-12 00:12:46.646 [restartedMain]  WARN  org.thymeleaf.templatemode.TemplateMode - [THYMELEAF][restartedMain] Template Mode 'HTML5' is deprecated. Using Template Mode 'HTML' instead.
2020-07-12 00:12:47.141 [restartedMain]  INFO  o.s.b.d.autoconfigure.OptionalLiveReloadServer - LiveReload server is running on port 35729
2020-07-12 00:12:47.502 [restartedMain]  INFO  org.apache.coyote.http11.Http11NioProtocol - Starting ProtocolHandler ["http-nio-8080"]
2020-07-12 00:12:47.508 [restartedMain]  INFO  o.s.boot.web.embedded.tomcat.TomcatWebServer - Tomcat started on port(s): 8080 (http) with context path ''
2020-07-12 00:12:47.856 [restartedMain]  INFO  cn.oasys.web.OasysWebApplication - Started OasysWebApplication in 2.88 seconds (JVM running for 2288.592)
2020-07-12 00:12:47.857 [restartedMain]  INFO  o.s.b.d.a.ConditionEvaluationDeltaLoggingListener - Condition evaluation unchanged
2020-07-12 00:12:51.573 [Thread-9070]  INFO  o.s.scheduling.concurrent.ThreadPoolTaskExecutor - Shutting down ExecutorService 'applicationTaskExecutor'
2020-07-12 00:12:52.919 [restartedMain]  INFO  cn.oasys.web.OasysWebApplication - No active profile set, falling back to default profiles: default
2020-07-12 00:12:53.264 [restartedMain]  INFO  o.springframework.cloud.context.scope.GenericScope - BeanFactory id=b0afd7e1-4376-3f60-a25b-185a687e67ab
2020-07-12 00:12:53.387 [restartedMain]  INFO  o.s.boot.web.embedded.tomcat.TomcatWebServer - Tomcat initialized with port(s): 8080 (http)
2020-07-12 00:12:53.388 [restartedMain]  INFO  org.apache.coyote.http11.Http11NioProtocol - Initializing ProtocolHandler ["http-nio-8080"]
2020-07-12 00:12:53.388 [restartedMain]  INFO  org.apache.catalina.core.StandardService - Starting service [Tomcat]
2020-07-12 00:12:53.388 [restartedMain]  INFO  org.apache.catalina.core.StandardEngine - Starting Servlet engine: [Apache Tomcat/9.0.35]
2020-07-12 00:12:53.406 [restartedMain]  INFO  o.a.c.core.ContainerBase.[Tomcat].[localhost].[/] - Initializing Spring embedded WebApplicationContext
2020-07-12 00:12:53.406 [restartedMain]  INFO  org.springframework.web.context.ContextLoader - Root WebApplicationContext: initialization completed in 484 ms
2020-07-12 00:12:53.588 [restartedMain]  WARN  com.netflix.config.sources.URLConfigurationSource - No URLs will be polled as dynamic configuration sources.
2020-07-12 00:12:53.588 [restartedMain]  INFO  com.netflix.config.sources.URLConfigurationSource - To enable URLs as dynamic configuration sources, define System property archaius.configurationSource.additionalUrls or make config.properties available on classpath.
2020-07-12 00:12:53.626 [restartedMain]  INFO  o.s.scheduling.concurrent.ThreadPoolTaskExecutor - Initializing ExecutorService 'applicationTaskExecutor'
2020-07-12 00:12:53.653 [restartedMain]  WARN  org.thymeleaf.templatemode.TemplateMode - [THYMELEAF][restartedMain] Template Mode 'HTML5' is deprecated. Using Template Mode 'HTML' instead.
2020-07-12 00:12:54.146 [restartedMain]  INFO  o.s.b.d.autoconfigure.OptionalLiveReloadServer - LiveReload server is running on port 35729
2020-07-12 00:12:54.493 [restartedMain]  INFO  org.apache.coyote.http11.Http11NioProtocol - Starting ProtocolHandler ["http-nio-8080"]
2020-07-12 00:12:54.497 [restartedMain]  INFO  o.s.boot.web.embedded.tomcat.TomcatWebServer - Tomcat started on port(s): 8080 (http) with context path ''
2020-07-12 00:12:54.586 [http-nio-8080-exec-1]  INFO  o.a.c.core.ContainerBase.[Tomcat].[localhost].[/] - Initializing Spring DispatcherServlet 'dispatcherServlet'
2020-07-12 00:12:54.586 [http-nio-8080-exec-1]  INFO  org.springframework.web.servlet.DispatcherServlet - Initializing Servlet 'dispatcherServlet'
2020-07-12 00:12:54.588 [http-nio-8080-exec-1]  INFO  org.springframework.web.servlet.DispatcherServlet - Completed initialization in 2 ms
2020-07-12 00:12:54.590 [http-nio-8080-exec-1]  INFO  com.zaxxer.hikari.HikariDataSource - HikariPool-20 - Starting...
2020-07-12 00:12:54.594 [http-nio-8080-exec-1]  INFO  com.zaxxer.hikari.HikariDataSource - HikariPool-20 - Start completed.
2020-07-12 00:12:54.988 [restartedMain]  INFO  cn.oasys.web.OasysWebApplication - Started OasysWebApplication in 2.876 seconds (JVM running for 2295.723)
2020-07-12 00:12:54.989 [restartedMain]  INFO  o.s.b.d.a.ConditionEvaluationDeltaLoggingListener - Condition evaluation unchanged
2020-07-12 00:13:59.868 [Thread-9329]  INFO  o.s.scheduling.concurrent.ThreadPoolTaskExecutor - Shutting down ExecutorService 'applicationTaskExecutor'
2020-07-12 00:13:59.869 [Thread-9329]  INFO  com.zaxxer.hikari.HikariDataSource - HikariPool-20 - Shutdown initiated...
2020-07-12 00:13:59.873 [Thread-9329]  INFO  com.zaxxer.hikari.HikariDataSource - HikariPool-20 - Shutdown completed.
2020-07-12 00:14:01.347 [restartedMain]  INFO  cn.oasys.web.OasysWebApplication - No active profile set, falling back to default profiles: default
2020-07-12 00:14:01.686 [restartedMain]  INFO  o.springframework.cloud.context.scope.GenericScope - BeanFactory id=b0afd7e1-4376-3f60-a25b-185a687e67ab
2020-07-12 00:14:01.796 [restartedMain]  INFO  o.s.boot.web.embedded.tomcat.TomcatWebServer - Tomcat initialized with port(s): 8080 (http)
2020-07-12 00:14:01.796 [restartedMain]  INFO  org.apache.coyote.http11.Http11NioProtocol - Initializing ProtocolHandler ["http-nio-8080"]
2020-07-12 00:14:01.796 [restartedMain]  INFO  org.apache.catalina.core.StandardService - Starting service [Tomcat]
2020-07-12 00:14:01.796 [restartedMain]  INFO  org.apache.catalina.core.StandardEngine - Starting Servlet engine: [Apache Tomcat/9.0.35]
2020-07-12 00:14:01.844 [restartedMain]  INFO  o.a.c.core.ContainerBase.[Tomcat].[localhost].[/] - Initializing Spring embedded WebApplicationContext
2020-07-12 00:14:01.844 [restartedMain]  INFO  org.springframework.web.context.ContextLoader - Root WebApplicationContext: initialization completed in 494 ms
2020-07-12 00:14:02.032 [restartedMain]  WARN  com.netflix.config.sources.URLConfigurationSource - No URLs will be polled as dynamic configuration sources.
2020-07-12 00:14:02.032 [restartedMain]  INFO  com.netflix.config.sources.URLConfigurationSource - To enable URLs as dynamic configuration sources, define System property archaius.configurationSource.additionalUrls or make config.properties available on classpath.
2020-07-12 00:14:02.065 [restartedMain]  INFO  o.s.scheduling.concurrent.ThreadPoolTaskExecutor - Initializing ExecutorService 'applicationTaskExecutor'
2020-07-12 00:14:02.089 [restartedMain]  WARN  org.thymeleaf.templatemode.TemplateMode - [THYMELEAF][restartedMain] Template Mode 'HTML5' is deprecated. Using Template Mode 'HTML' instead.
2020-07-12 00:14:02.626 [restartedMain]  INFO  o.s.b.d.autoconfigure.OptionalLiveReloadServer - LiveReload server is running on port 35729
2020-07-12 00:14:02.983 [restartedMain]  INFO  org.apache.coyote.http11.Http11NioProtocol - Starting ProtocolHandler ["http-nio-8080"]
2020-07-12 00:14:02.987 [restartedMain]  INFO  o.s.boot.web.embedded.tomcat.TomcatWebServer - Tomcat started on port(s): 8080 (http) with context path ''
2020-07-12 00:14:02.989 [http-nio-8080-exec-1]  INFO  o.a.c.core.ContainerBase.[Tomcat].[localhost].[/] - Initializing Spring DispatcherServlet 'dispatcherServlet'
2020-07-12 00:14:02.990 [http-nio-8080-exec-1]  INFO  org.springframework.web.servlet.DispatcherServlet - Initializing Servlet 'dispatcherServlet'
2020-07-12 00:14:02.991 [http-nio-8080-exec-1]  INFO  org.springframework.web.servlet.DispatcherServlet - Completed initialization in 1 ms
2020-07-12 00:14:02.991 [http-nio-8080-exec-1]  INFO  com.zaxxer.hikari.HikariDataSource - HikariPool-21 - Starting...
2020-07-12 00:14:02.995 [http-nio-8080-exec-1]  INFO  com.zaxxer.hikari.HikariDataSource - HikariPool-21 - Start completed.
2020-07-12 00:14:03.465 [restartedMain]  INFO  cn.oasys.web.OasysWebApplication - Started OasysWebApplication in 2.961 seconds (JVM running for 2364.199)
2020-07-12 00:14:03.466 [restartedMain]  INFO  o.s.b.d.a.ConditionEvaluationDeltaLoggingListener - Condition evaluation unchanged
2020-07-12 00:16:52.575 [Thread-9588]  INFO  o.s.scheduling.concurrent.ThreadPoolTaskExecutor - Shutting down ExecutorService 'applicationTaskExecutor'
2020-07-12 00:16:52.575 [Thread-9588]  INFO  com.zaxxer.hikari.HikariDataSource - HikariPool-21 - Shutdown initiated...
2020-07-12 00:16:52.579 [Thread-9588]  INFO  com.zaxxer.hikari.HikariDataSource - HikariPool-21 - Shutdown completed.
2020-07-12 00:16:54.290 [restartedMain]  INFO  cn.oasys.web.OasysWebApplication - No active profile set, falling back to default profiles: default
2020-07-12 00:16:54.623 [restartedMain]  INFO  o.springframework.cloud.context.scope.GenericScope - BeanFactory id=b0afd7e1-4376-3f60-a25b-185a687e67ab
2020-07-12 00:16:54.729 [restartedMain]  INFO  o.s.boot.web.embedded.tomcat.TomcatWebServer - Tomcat initialized with port(s): 8080 (http)
2020-07-12 00:16:54.729 [restartedMain]  INFO  org.apache.coyote.http11.Http11NioProtocol - Initializing ProtocolHandler ["http-nio-8080"]
2020-07-12 00:16:54.729 [restartedMain]  INFO  org.apache.catalina.core.StandardService - Starting service [Tomcat]
2020-07-12 00:16:54.730 [restartedMain]  INFO  org.apache.catalina.core.StandardEngine - Starting Servlet engine: [Apache Tomcat/9.0.35]
2020-07-12 00:16:54.792 [restartedMain]  INFO  o.a.c.core.ContainerBase.[Tomcat].[localhost].[/] - Initializing Spring embedded WebApplicationContext
2020-07-12 00:16:54.792 [restartedMain]  INFO  org.springframework.web.context.ContextLoader - Root WebApplicationContext: initialization completed in 499 ms
2020-07-12 00:16:54.975 [restartedMain]  WARN  com.netflix.config.sources.URLConfigurationSource - No URLs will be polled as dynamic configuration sources.
2020-07-12 00:16:54.975 [restartedMain]  INFO  com.netflix.config.sources.URLConfigurationSource - To enable URLs as dynamic configuration sources, define System property archaius.configurationSource.additionalUrls or make config.properties available on classpath.
2020-07-12 00:16:55.010 [restartedMain]  INFO  o.s.scheduling.concurrent.ThreadPoolTaskExecutor - Initializing ExecutorService 'applicationTaskExecutor'
2020-07-12 00:16:55.037 [restartedMain]  WARN  org.thymeleaf.templatemode.TemplateMode - [THYMELEAF][restartedMain] Template Mode 'HTML5' is deprecated. Using Template Mode 'HTML' instead.
2020-07-12 00:16:55.555 [restartedMain]  INFO  o.s.b.d.autoconfigure.OptionalLiveReloadServer - LiveReload server is running on port 35729
2020-07-12 00:16:55.922 [restartedMain]  INFO  org.apache.coyote.http11.Http11NioProtocol - Starting ProtocolHandler ["http-nio-8080"]
2020-07-12 00:16:55.935 [restartedMain]  INFO  o.s.boot.web.embedded.tomcat.TomcatWebServer - Tomcat started on port(s): 8080 (http) with context path ''
2020-07-12 00:16:55.962 [http-nio-8080-exec-1]  INFO  o.a.c.core.ContainerBase.[Tomcat].[localhost].[/] - Initializing Spring DispatcherServlet 'dispatcherServlet'
2020-07-12 00:16:55.963 [http-nio-8080-exec-1]  INFO  org.springframework.web.servlet.DispatcherServlet - Initializing Servlet 'dispatcherServlet'
2020-07-12 00:16:55.964 [http-nio-8080-exec-1]  INFO  org.springframework.web.servlet.DispatcherServlet - Completed initialization in 1 ms
2020-07-12 00:16:55.965 [http-nio-8080-exec-1]  INFO  com.zaxxer.hikari.HikariDataSource - HikariPool-22 - Starting...
2020-07-12 00:16:55.970 [http-nio-8080-exec-1]  INFO  com.zaxxer.hikari.HikariDataSource - HikariPool-22 - Start completed.
2020-07-12 00:16:56.448 [restartedMain]  INFO  cn.oasys.web.OasysWebApplication - Started OasysWebApplication in 2.954 seconds (JVM running for 2537.179)
2020-07-12 00:16:56.449 [restartedMain]  INFO  o.s.b.d.a.ConditionEvaluationDeltaLoggingListener - Condition evaluation unchanged
2020-07-12 00:18:54.801 [Thread-9847]  INFO  o.s.scheduling.concurrent.ThreadPoolTaskExecutor - Shutting down ExecutorService 'applicationTaskExecutor'
2020-07-12 00:18:54.801 [Thread-9847]  INFO  com.zaxxer.hikari.HikariDataSource - HikariPool-22 - Shutdown initiated...
2020-07-12 00:18:54.806 [Thread-9847]  INFO  com.zaxxer.hikari.HikariDataSource - HikariPool-22 - Shutdown completed.
2020-07-12 00:18:56.085 [restartedMain]  INFO  cn.oasys.web.OasysWebApplication - No active profile set, falling back to default profiles: default
2020-07-12 00:18:56.407 [restartedMain]  INFO  o.springframework.cloud.context.scope.GenericScope - BeanFactory id=b0afd7e1-4376-3f60-a25b-185a687e67ab
2020-07-12 00:18:56.519 [restartedMain]  INFO  o.s.boot.web.embedded.tomcat.TomcatWebServer - Tomcat initialized with port(s): 8080 (http)
2020-07-12 00:18:56.519 [restartedMain]  INFO  org.apache.coyote.http11.Http11NioProtocol - Initializing ProtocolHandler ["http-nio-8080"]
2020-07-12 00:18:56.519 [restartedMain]  INFO  org.apache.catalina.core.StandardService - Starting service [Tomcat]
2020-07-12 00:18:56.519 [restartedMain]  INFO  org.apache.catalina.core.StandardEngine - Starting Servlet engine: [Apache Tomcat/9.0.35]
2020-07-12 00:18:56.632 [restartedMain]  INFO  o.a.c.core.ContainerBase.[Tomcat].[localhost].[/] - Initializing Spring embedded WebApplicationContext
2020-07-12 00:18:56.632 [restartedMain]  INFO  org.springframework.web.context.ContextLoader - Root WebApplicationContext: initialization completed in 545 ms
2020-07-12 00:18:56.822 [restartedMain]  WARN  com.netflix.config.sources.URLConfigurationSource - No URLs will be polled as dynamic configuration sources.
2020-07-12 00:18:56.822 [restartedMain]  INFO  com.netflix.config.sources.URLConfigurationSource - To enable URLs as dynamic configuration sources, define System property archaius.configurationSource.additionalUrls or make config.properties available on classpath.
2020-07-12 00:18:56.859 [restartedMain]  INFO  o.s.scheduling.concurrent.ThreadPoolTaskExecutor - Initializing ExecutorService 'applicationTaskExecutor'
2020-07-12 00:18:56.882 [restartedMain]  WARN  org.thymeleaf.templatemode.TemplateMode - [THYMELEAF][restartedMain] Template Mode 'HTML5' is deprecated. Using Template Mode 'HTML' instead.
2020-07-12 00:18:57.376 [restartedMain]  INFO  o.s.b.d.autoconfigure.OptionalLiveReloadServer - LiveReload server is running on port 35729
2020-07-12 00:18:57.744 [restartedMain]  INFO  org.apache.coyote.http11.Http11NioProtocol - Starting ProtocolHandler ["http-nio-8080"]
2020-07-12 00:18:57.748 [restartedMain]  INFO  o.s.boot.web.embedded.tomcat.TomcatWebServer - Tomcat started on port(s): 8080 (http) with context path ''
2020-07-12 00:18:58.108 [restartedMain]  INFO  cn.oasys.web.OasysWebApplication - Started OasysWebApplication in 2.806 seconds (JVM running for 2658.836)
2020-07-12 00:18:58.109 [restartedMain]  INFO  o.s.b.d.a.ConditionEvaluationDeltaLoggingListener - Condition evaluation unchanged
2020-07-12 00:19:59.612 [Thread-10106]  INFO  o.s.scheduling.concurrent.ThreadPoolTaskExecutor - Shutting down ExecutorService 'applicationTaskExecutor'
2020-07-12 00:20:00.671 [restartedMain]  INFO  cn.oasys.web.OasysWebApplication - No active profile set, falling back to default profiles: default
2020-07-12 00:20:00.973 [restartedMain]  INFO  o.springframework.cloud.context.scope.GenericScope - BeanFactory id=b0afd7e1-4376-3f60-a25b-185a687e67ab
2020-07-12 00:20:01.089 [restartedMain]  INFO  o.s.boot.web.embedded.tomcat.TomcatWebServer - Tomcat initialized with port(s): 8080 (http)
2020-07-12 00:20:01.089 [restartedMain]  INFO  org.apache.coyote.http11.Http11NioProtocol - Initializing ProtocolHandler ["http-nio-8080"]
2020-07-12 00:20:01.090 [restartedMain]  INFO  org.apache.catalina.core.StandardService - Starting service [Tomcat]
2020-07-12 00:20:01.090 [restartedMain]  INFO  org.apache.catalina.core.StandardEngine - Starting Servlet engine: [Apache Tomcat/9.0.35]
2020-07-12 00:20:01.143 [restartedMain]  INFO  o.a.c.core.ContainerBase.[Tomcat].[localhost].[/] - Initializing Spring embedded WebApplicationContext
2020-07-12 00:20:01.143 [restartedMain]  INFO  org.springframework.web.context.ContextLoader - Root WebApplicationContext: initialization completed in 470 ms
2020-07-12 00:20:01.326 [restartedMain]  WARN  com.netflix.config.sources.URLConfigurationSource - No URLs will be polled as dynamic configuration sources.
2020-07-12 00:20:01.326 [restartedMain]  INFO  com.netflix.config.sources.URLConfigurationSource - To enable URLs as dynamic configuration sources, define System property archaius.configurationSource.additionalUrls or make config.properties available on classpath.
2020-07-12 00:20:01.356 [restartedMain]  INFO  o.s.scheduling.concurrent.ThreadPoolTaskExecutor - Initializing ExecutorService 'applicationTaskExecutor'
2020-07-12 00:20:01.376 [restartedMain]  WARN  org.thymeleaf.templatemode.TemplateMode - [THYMELEAF][restartedMain] Template Mode 'HTML5' is deprecated. Using Template Mode 'HTML' instead.
2020-07-12 00:20:01.867 [restartedMain]  INFO  o.s.b.d.autoconfigure.OptionalLiveReloadServer - LiveReload server is running on port 35729
2020-07-12 00:20:02.208 [restartedMain]  INFO  org.apache.coyote.http11.Http11NioProtocol - Starting ProtocolHandler ["http-nio-8080"]
2020-07-12 00:20:02.211 [restartedMain]  INFO  o.s.boot.web.embedded.tomcat.TomcatWebServer - Tomcat started on port(s): 8080 (http) with context path ''
2020-07-12 00:20:02.561 [restartedMain]  INFO  cn.oasys.web.OasysWebApplication - Started OasysWebApplication in 2.637 seconds (JVM running for 2723.289)
2020-07-12 00:20:02.562 [restartedMain]  INFO  o.s.b.d.a.ConditionEvaluationDeltaLoggingListener - Condition evaluation unchanged
2020-07-12 00:22:41.760 [http-nio-8080-exec-1]  INFO  o.a.c.core.ContainerBase.[Tomcat].[localhost].[/] - Initializing Spring DispatcherServlet 'dispatcherServlet'
2020-07-12 00:22:41.761 [http-nio-8080-exec-1]  INFO  org.springframework.web.servlet.DispatcherServlet - Initializing Servlet 'dispatcherServlet'
2020-07-12 00:22:41.763 [http-nio-8080-exec-1]  INFO  org.springframework.web.servlet.DispatcherServlet - Completed initialization in 2 ms
2020-07-12 00:22:41.766 [http-nio-8080-exec-1]  INFO  com.zaxxer.hikari.HikariDataSource - HikariPool-23 - Starting...
2020-07-12 00:22:41.770 [http-nio-8080-exec-1]  INFO  com.zaxxer.hikari.HikariDataSource - HikariPool-23 - Start completed.
2020-07-12 00:27:30.528 [Thread-10365]  INFO  o.s.scheduling.concurrent.ThreadPoolTaskExecutor - Shutting down ExecutorService 'applicationTaskExecutor'
2020-07-12 00:27:30.528 [Thread-10365]  INFO  com.zaxxer.hikari.HikariDataSource - HikariPool-23 - Shutdown initiated...
2020-07-12 00:27:30.531 [Thread-10365]  INFO  com.zaxxer.hikari.HikariDataSource - HikariPool-23 - Shutdown completed.
2020-07-12 00:27:31.915 [restartedMain]  INFO  cn.oasys.web.OasysWebApplication - No active profile set, falling back to default profiles: default
2020-07-12 00:27:32.234 [restartedMain]  INFO  o.springframework.cloud.context.scope.GenericScope - BeanFactory id=b0afd7e1-4376-3f60-a25b-185a687e67ab
2020-07-12 00:27:32.344 [restartedMain]  INFO  o.s.boot.web.embedded.tomcat.TomcatWebServer - Tomcat initialized with port(s): 8080 (http)
2020-07-12 00:27:32.345 [restartedMain]  INFO  org.apache.coyote.http11.Http11NioProtocol - Initializing ProtocolHandler ["http-nio-8080"]
2020-07-12 00:27:32.345 [restartedMain]  INFO  org.apache.catalina.core.StandardService - Starting service [Tomcat]
2020-07-12 00:27:32.345 [restartedMain]  INFO  org.apache.catalina.core.StandardEngine - Starting Servlet engine: [Apache Tomcat/9.0.35]
2020-07-12 00:27:32.368 [restartedMain]  INFO  o.a.c.core.ContainerBase.[Tomcat].[localhost].[/] - Initializing Spring embedded WebApplicationContext
2020-07-12 00:27:32.368 [restartedMain]  INFO  org.springframework.web.context.ContextLoader - Root WebApplicationContext: initialization completed in 451 ms
2020-07-12 00:27:32.544 [restartedMain]  WARN  com.netflix.config.sources.URLConfigurationSource - No URLs will be polled as dynamic configuration sources.
2020-07-12 00:27:32.544 [restartedMain]  INFO  com.netflix.config.sources.URLConfigurationSource - To enable URLs as dynamic configuration sources, define System property archaius.configurationSource.additionalUrls or make config.properties available on classpath.
2020-07-12 00:27:32.575 [restartedMain]  INFO  o.s.scheduling.concurrent.ThreadPoolTaskExecutor - Initializing ExecutorService 'applicationTaskExecutor'
2020-07-12 00:27:32.603 [restartedMain]  WARN  org.thymeleaf.templatemode.TemplateMode - [THYMELEAF][restartedMain] Template Mode 'HTML5' is deprecated. Using Template Mode 'HTML' instead.
2020-07-12 00:27:33.130 [restartedMain]  INFO  o.s.b.d.autoconfigure.OptionalLiveReloadServer - LiveReload server is running on port 35729
2020-07-12 00:27:33.535 [restartedMain]  INFO  org.apache.coyote.http11.Http11NioProtocol - Starting ProtocolHandler ["http-nio-8080"]
2020-07-12 00:27:33.539 [restartedMain]  INFO  o.s.boot.web.embedded.tomcat.TomcatWebServer - Tomcat started on port(s): 8080 (http) with context path ''
2020-07-12 00:27:33.911 [restartedMain]  INFO  cn.oasys.web.OasysWebApplication - Started OasysWebApplication in 2.733 seconds (JVM running for 3174.631)
2020-07-12 00:27:33.912 [restartedMain]  INFO  o.s.b.d.a.ConditionEvaluationDeltaLoggingListener - Condition evaluation unchanged
2020-07-12 00:27:39.137 [http-nio-8080-exec-1]  INFO  o.a.c.core.ContainerBase.[Tomcat].[localhost].[/] - Initializing Spring DispatcherServlet 'dispatcherServlet'
2020-07-12 00:27:39.138 [http-nio-8080-exec-1]  INFO  org.springframework.web.servlet.DispatcherServlet - Initializing Servlet 'dispatcherServlet'
2020-07-12 00:27:39.140 [http-nio-8080-exec-1]  INFO  org.springframework.web.servlet.DispatcherServlet - Completed initialization in 2 ms
2020-07-12 00:27:39.141 [http-nio-8080-exec-1]  INFO  com.zaxxer.hikari.HikariDataSource - HikariPool-24 - Starting...
2020-07-12 00:27:39.145 [http-nio-8080-exec-1]  INFO  com.zaxxer.hikari.HikariDataSource - HikariPool-24 - Start completed.
2020-07-12 00:29:39.719 [Thread-10624]  INFO  o.s.scheduling.concurrent.ThreadPoolTaskExecutor - Shutting down ExecutorService 'applicationTaskExecutor'
2020-07-12 00:29:39.719 [Thread-10624]  INFO  com.zaxxer.hikari.HikariDataSource - HikariPool-24 - Shutdown initiated...
2020-07-12 00:29:39.723 [Thread-10624]  INFO  com.zaxxer.hikari.HikariDataSource - HikariPool-24 - Shutdown completed.
2020-07-12 00:29:41.002 [restartedMain]  INFO  cn.oasys.web.OasysWebApplication - No active profile set, falling back to default profiles: default
2020-07-12 00:29:41.337 [restartedMain]  INFO  o.springframework.cloud.context.scope.GenericScope - BeanFactory id=b0afd7e1-4376-3f60-a25b-185a687e67ab
2020-07-12 00:29:41.456 [restartedMain]  INFO  o.s.boot.web.embedded.tomcat.TomcatWebServer - Tomcat initialized with port(s): 8080 (http)
2020-07-12 00:29:41.456 [restartedMain]  INFO  org.apache.coyote.http11.Http11NioProtocol - Initializing ProtocolHandler ["http-nio-8080"]
2020-07-12 00:29:41.456 [restartedMain]  INFO  org.apache.catalina.core.StandardService - Starting service [Tomcat]
2020-07-12 00:29:41.457 [restartedMain]  INFO  org.apache.catalina.core.StandardEngine - Starting Servlet engine: [Apache Tomcat/9.0.35]
2020-07-12 00:29:41.507 [restartedMain]  INFO  o.a.c.core.ContainerBase.[Tomcat].[localhost].[/] - Initializing Spring embedded WebApplicationContext
2020-07-12 00:29:41.507 [restartedMain]  INFO  org.springframework.web.context.ContextLoader - Root WebApplicationContext: initialization completed in 502 ms
2020-07-12 00:29:41.694 [restartedMain]  WARN  com.netflix.config.sources.URLConfigurationSource - No URLs will be polled as dynamic configuration sources.
2020-07-12 00:29:41.694 [restartedMain]  INFO  com.netflix.config.sources.URLConfigurationSource - To enable URLs as dynamic configuration sources, define System property archaius.configurationSource.additionalUrls or make config.properties available on classpath.
2020-07-12 00:29:41.731 [restartedMain]  INFO  o.s.scheduling.concurrent.ThreadPoolTaskExecutor - Initializing ExecutorService 'applicationTaskExecutor'
2020-07-12 00:29:41.760 [restartedMain]  WARN  org.thymeleaf.templatemode.TemplateMode - [THYMELEAF][restartedMain] Template Mode 'HTML5' is deprecated. Using Template Mode 'HTML' instead.
2020-07-12 00:29:42.334 [restartedMain]  INFO  o.s.b.d.autoconfigure.OptionalLiveReloadServer - LiveReload server is running on port 35729
2020-07-12 00:29:42.691 [restartedMain]  INFO  org.apache.coyote.http11.Http11NioProtocol - Starting ProtocolHandler ["http-nio-8080"]
2020-07-12 00:29:42.695 [restartedMain]  INFO  o.s.boot.web.embedded.tomcat.TomcatWebServer - Tomcat started on port(s): 8080 (http) with context path ''
2020-07-12 00:29:43.042 [restartedMain]  INFO  cn.oasys.web.OasysWebApplication - Started OasysWebApplication in 2.791 seconds (JVM running for 3303.759)
2020-07-12 00:29:43.043 [restartedMain]  INFO  o.s.b.d.a.ConditionEvaluationDeltaLoggingListener - Condition evaluation unchanged
2020-07-12 00:30:36.882 [http-nio-8080-exec-1]  INFO  o.a.c.core.ContainerBase.[Tomcat].[localhost].[/] - Initializing Spring DispatcherServlet 'dispatcherServlet'
2020-07-12 00:30:36.883 [http-nio-8080-exec-1]  INFO  org.springframework.web.servlet.DispatcherServlet - Initializing Servlet 'dispatcherServlet'
2020-07-12 00:30:36.884 [http-nio-8080-exec-1]  INFO  org.springframework.web.servlet.DispatcherServlet - Completed initialization in 1 ms
2020-07-12 00:30:36.886 [http-nio-8080-exec-1]  INFO  com.zaxxer.hikari.HikariDataSource - HikariPool-25 - Starting...
2020-07-12 00:30:36.891 [http-nio-8080-exec-1]  INFO  com.zaxxer.hikari.HikariDataSource - HikariPool-25 - Start completed.
