2020-08-05 00:14:22.078 [restartedMain]  INFO  o.s.b.d.env.DevToolsPropertyDefaultsPostProcessor - Devtools property defaults active! Set 'spring.devtools.add-properties' to 'false' to disable
2020-08-05 00:14:22.859 [restartedMain]  INFO  cn.oasys.web.OasysWebApplication - No active profile set, falling back to default profiles: default
2020-08-05 00:14:24.162 [restartedMain]  INFO  o.springframework.cloud.context.scope.GenericScope - BeanFactory id=8b954691-c2de-3838-af66-a70f2f5c903d
2020-08-05 00:14:30.123 [restartedMain]  INFO  o.s.boot.web.embedded.tomcat.TomcatWebServer - Tomcat initialized with port(s): 8080 (http)
2020-08-05 00:14:30.139 [restartedMain]  INFO  org.apache.coyote.http11.Http11NioProtocol - Initializing ProtocolHandler ["http-nio-8080"]
2020-08-05 00:14:30.139 [restartedMain]  INFO  org.apache.catalina.core.StandardService - Starting service [Tomcat]
2020-08-05 00:14:30.140 [restartedMain]  INFO  org.apache.catalina.core.StandardEngine - Starting Servlet engine: [Apache Tomcat/9.0.35]
2020-08-05 00:14:30.278 [restartedMain]  INFO  o.a.c.core.ContainerBase.[Tomcat].[localhost].[/] - Initializing Spring embedded WebApplicationContext
2020-08-05 00:14:30.278 [restartedMain]  INFO  org.springframework.web.context.ContextLoader - Root WebApplicationContext: initialization completed in 7397 ms
2020-08-05 00:14:31.466 [restartedMain]  WARN  com.netflix.config.sources.URLConfigurationSource - No URLs will be polled as dynamic configuration sources.
2020-08-05 00:14:31.466 [restartedMain]  INFO  com.netflix.config.sources.URLConfigurationSource - To enable URLs as dynamic configuration sources, define System property archaius.configurationSource.additionalUrls or make config.properties available on classpath.
2020-08-05 00:14:31.473 [restartedMain]  WARN  com.netflix.config.sources.URLConfigurationSource - No URLs will be polled as dynamic configuration sources.
2020-08-05 00:14:31.473 [restartedMain]  INFO  com.netflix.config.sources.URLConfigurationSource - To enable URLs as dynamic configuration sources, define System property archaius.configurationSource.additionalUrls or make config.properties available on classpath.
2020-08-05 00:14:31.759 [restartedMain]  INFO  o.s.scheduling.concurrent.ThreadPoolTaskExecutor - Initializing ExecutorService 'applicationTaskExecutor'
2020-08-05 00:14:32.100 [restartedMain]  WARN  org.thymeleaf.templatemode.TemplateMode - [THYMELEAF][restartedMain] Template Mode 'HTML5' is deprecated. Using Template Mode 'HTML' instead.
2020-08-05 00:14:33.247 [restartedMain]  INFO  o.s.b.d.autoconfigure.OptionalLiveReloadServer - LiveReload server is running on port 35729
2020-08-05 00:14:33.749 [restartedMain]  INFO  org.apache.coyote.http11.Http11NioProtocol - Starting ProtocolHandler ["http-nio-8080"]
2020-08-05 00:14:33.818 [restartedMain]  INFO  o.s.boot.web.embedded.tomcat.TomcatWebServer - Tomcat started on port(s): 8080 (http) with context path ''
2020-08-05 00:14:34.369 [restartedMain]  INFO  cn.oasys.web.OasysWebApplication - Started OasysWebApplication in 13.249 seconds (JVM running for 13.971)
2020-08-05 00:14:57.420 [http-nio-8080-exec-1]  INFO  o.a.c.core.ContainerBase.[Tomcat].[localhost].[/] - Initializing Spring DispatcherServlet 'dispatcherServlet'
2020-08-05 00:14:57.420 [http-nio-8080-exec-1]  INFO  org.springframework.web.servlet.DispatcherServlet - Initializing Servlet 'dispatcherServlet'
2020-08-05 00:14:57.429 [http-nio-8080-exec-1]  INFO  org.springframework.web.servlet.DispatcherServlet - Completed initialization in 9 ms
2020-08-05 00:15:07.415 [http-nio-8080-exec-3]  INFO  com.zaxxer.hikari.HikariDataSource - HikariPool-1 - Starting...
2020-08-05 00:15:07.752 [http-nio-8080-exec-3]  INFO  com.zaxxer.hikari.HikariDataSource - HikariPool-1 - Start completed.
2020-08-05 00:17:08.776 [Thread-259]  INFO  o.s.scheduling.concurrent.ThreadPoolTaskExecutor - Shutting down ExecutorService 'applicationTaskExecutor'
2020-08-05 00:17:08.782 [Thread-259]  INFO  com.zaxxer.hikari.HikariDataSource - HikariPool-1 - Shutdown initiated...
2020-08-05 00:17:08.804 [Thread-259]  INFO  com.zaxxer.hikari.HikariDataSource - HikariPool-1 - Shutdown completed.
2020-08-05 00:17:10.051 [restartedMain]  INFO  cn.oasys.web.OasysWebApplication - No active profile set, falling back to default profiles: default
2020-08-05 00:17:10.708 [restartedMain]  INFO  o.springframework.cloud.context.scope.GenericScope - BeanFactory id=8b954691-c2de-3838-af66-a70f2f5c903d
2020-08-05 00:17:10.953 [restartedMain]  INFO  o.s.boot.web.embedded.tomcat.TomcatWebServer - Tomcat initialized with port(s): 8080 (http)
2020-08-05 00:17:10.954 [restartedMain]  INFO  org.apache.coyote.http11.Http11NioProtocol - Initializing ProtocolHandler ["http-nio-8080"]
2020-08-05 00:17:10.954 [restartedMain]  INFO  org.apache.catalina.core.StandardService - Starting service [Tomcat]
2020-08-05 00:17:10.954 [restartedMain]  INFO  org.apache.catalina.core.StandardEngine - Starting Servlet engine: [Apache Tomcat/9.0.35]
2020-08-05 00:17:10.983 [restartedMain]  INFO  o.a.c.core.ContainerBase.[Tomcat].[localhost].[/] - Initializing Spring embedded WebApplicationContext
2020-08-05 00:17:10.983 [restartedMain]  INFO  org.springframework.web.context.ContextLoader - Root WebApplicationContext: initialization completed in 926 ms
2020-08-05 00:17:11.568 [restartedMain]  WARN  com.netflix.config.sources.URLConfigurationSource - No URLs will be polled as dynamic configuration sources.
2020-08-05 00:17:11.568 [restartedMain]  INFO  com.netflix.config.sources.URLConfigurationSource - To enable URLs as dynamic configuration sources, define System property archaius.configurationSource.additionalUrls or make config.properties available on classpath.
2020-08-05 00:17:11.624 [restartedMain]  INFO  o.s.scheduling.concurrent.ThreadPoolTaskExecutor - Initializing ExecutorService 'applicationTaskExecutor'
2020-08-05 00:17:11.686 [restartedMain]  WARN  org.thymeleaf.templatemode.TemplateMode - [THYMELEAF][restartedMain] Template Mode 'HTML5' is deprecated. Using Template Mode 'HTML' instead.
2020-08-05 00:17:12.303 [restartedMain]  INFO  o.s.b.d.autoconfigure.OptionalLiveReloadServer - LiveReload server is running on port 35729
2020-08-05 00:17:12.737 [restartedMain]  INFO  org.apache.coyote.http11.Http11NioProtocol - Starting ProtocolHandler ["http-nio-8080"]
2020-08-05 00:17:12.742 [restartedMain]  INFO  o.s.boot.web.embedded.tomcat.TomcatWebServer - Tomcat started on port(s): 8080 (http) with context path ''
2020-08-05 00:17:12.892 [http-nio-8080-exec-1]  INFO  o.a.c.core.ContainerBase.[Tomcat].[localhost].[/] - Initializing Spring DispatcherServlet 'dispatcherServlet'
2020-08-05 00:17:12.894 [http-nio-8080-exec-1]  INFO  org.springframework.web.servlet.DispatcherServlet - Initializing Servlet 'dispatcherServlet'
2020-08-05 00:17:12.906 [http-nio-8080-exec-1]  INFO  org.springframework.web.servlet.DispatcherServlet - Completed initialization in 12 ms
2020-08-05 00:17:12.909 [http-nio-8080-exec-1]  INFO  com.zaxxer.hikari.HikariDataSource - HikariPool-2 - Starting...
2020-08-05 00:17:12.924 [http-nio-8080-exec-1]  INFO  com.zaxxer.hikari.HikariDataSource - HikariPool-2 - Start completed.
2020-08-05 00:17:13.633 [restartedMain]  INFO  cn.oasys.web.OasysWebApplication - Started OasysWebApplication in 4.617 seconds (JVM running for 173.234)
2020-08-05 00:17:13.638 [restartedMain]  INFO  o.s.b.d.a.ConditionEvaluationDeltaLoggingListener - Condition evaluation unchanged
