2020-07-29 17:44:29.909 [restartedMain]  INFO  o.s.b.d.env.DevToolsPropertyDefaultsPostProcessor - Devtools property defaults active! Set 'spring.devtools.add-properties' to 'false' to disable
2020-07-29 17:44:30.883 [restartedMain]  INFO  cn.oasys.web.OasysWebApplication - No active profile set, falling back to default profiles: default
2020-07-29 17:44:34.107 [restartedMain]  INFO  o.springframework.cloud.context.scope.GenericScope - BeanFactory id=8b954691-c2de-3838-af66-a70f2f5c903d
2020-07-29 17:44:40.485 [restartedMain]  INFO  o.s.boot.web.embedded.tomcat.TomcatWebServer - Tomcat initialized with port(s): 8080 (http)
2020-07-29 17:44:40.532 [restartedMain]  INFO  org.apache.coyote.http11.Http11NioProtocol - Initializing ProtocolHandler ["http-nio-8080"]
2020-07-29 17:44:40.532 [restartedMain]  INFO  org.apache.catalina.core.StandardService - Starting service [Tomcat]
2020-07-29 17:44:40.533 [restartedMain]  INFO  org.apache.catalina.core.StandardEngine - Starting Servlet engine: [Apache Tomcat/9.0.35]
2020-07-29 17:44:40.683 [restartedMain]  INFO  o.a.c.core.ContainerBase.[Tomcat].[localhost].[/] - Initializing Spring embedded WebApplicationContext
2020-07-29 17:44:40.683 [restartedMain]  INFO  org.springframework.web.context.ContextLoader - Root WebApplicationContext: initialization completed in 9768 ms
2020-07-29 17:44:42.555 [restartedMain]  WARN  com.netflix.config.sources.URLConfigurationSource - No URLs will be polled as dynamic configuration sources.
2020-07-29 17:44:42.555 [restartedMain]  INFO  com.netflix.config.sources.URLConfigurationSource - To enable URLs as dynamic configuration sources, define System property archaius.configurationSource.additionalUrls or make config.properties available on classpath.
2020-07-29 17:44:42.583 [restartedMain]  WARN  com.netflix.config.sources.URLConfigurationSource - No URLs will be polled as dynamic configuration sources.
2020-07-29 17:44:42.583 [restartedMain]  INFO  com.netflix.config.sources.URLConfigurationSource - To enable URLs as dynamic configuration sources, define System property archaius.configurationSource.additionalUrls or make config.properties available on classpath.
2020-07-29 17:44:42.802 [restartedMain]  INFO  o.s.scheduling.concurrent.ThreadPoolTaskExecutor - Initializing ExecutorService 'applicationTaskExecutor'
2020-07-29 17:44:43.044 [restartedMain]  WARN  org.thymeleaf.templatemode.TemplateMode - [THYMELEAF][restartedMain] Template Mode 'HTML5' is deprecated. Using Template Mode 'HTML' instead.
2020-07-29 17:44:44.461 [restartedMain]  INFO  o.s.b.d.autoconfigure.OptionalLiveReloadServer - LiveReload server is running on port 35729
2020-07-29 17:44:44.949 [restartedMain]  INFO  org.apache.coyote.http11.Http11NioProtocol - Starting ProtocolHandler ["http-nio-8080"]
2020-07-29 17:44:44.984 [restartedMain]  INFO  o.s.boot.web.embedded.tomcat.TomcatWebServer - Tomcat started on port(s): 8080 (http) with context path ''
2020-07-29 17:44:45.335 [restartedMain]  INFO  cn.oasys.web.OasysWebApplication - Started OasysWebApplication in 17.162 seconds (JVM running for 18.719)
2020-07-29 17:46:37.463 [http-nio-8080-exec-1]  INFO  o.a.c.core.ContainerBase.[Tomcat].[localhost].[/] - Initializing Spring DispatcherServlet 'dispatcherServlet'
2020-07-29 17:46:37.463 [http-nio-8080-exec-1]  INFO  org.springframework.web.servlet.DispatcherServlet - Initializing Servlet 'dispatcherServlet'
2020-07-29 17:46:37.525 [http-nio-8080-exec-1]  INFO  org.springframework.web.servlet.DispatcherServlet - Completed initialization in 61 ms
2020-07-29 18:37:10.001 [restartedMain]  INFO  o.s.b.d.env.DevToolsPropertyDefaultsPostProcessor - Devtools property defaults active! Set 'spring.devtools.add-properties' to 'false' to disable
2020-07-29 18:37:10.805 [restartedMain]  INFO  cn.oasys.web.OasysWebApplication - No active profile set, falling back to default profiles: default
2020-07-29 18:37:12.013 [restartedMain]  INFO  o.springframework.cloud.context.scope.GenericScope - BeanFactory id=8b954691-c2de-3838-af66-a70f2f5c903d
2020-07-29 18:37:17.966 [restartedMain]  INFO  o.s.boot.web.embedded.tomcat.TomcatWebServer - Tomcat initialized with port(s): 8080 (http)
2020-07-29 18:37:17.985 [restartedMain]  INFO  org.apache.coyote.http11.Http11NioProtocol - Initializing ProtocolHandler ["http-nio-8080"]
2020-07-29 18:37:17.986 [restartedMain]  INFO  org.apache.catalina.core.StandardService - Starting service [Tomcat]
2020-07-29 18:37:17.986 [restartedMain]  INFO  org.apache.catalina.core.StandardEngine - Starting Servlet engine: [Apache Tomcat/9.0.35]
2020-07-29 18:37:18.117 [restartedMain]  INFO  o.a.c.core.ContainerBase.[Tomcat].[localhost].[/] - Initializing Spring embedded WebApplicationContext
2020-07-29 18:37:18.117 [restartedMain]  INFO  org.springframework.web.context.ContextLoader - Root WebApplicationContext: initialization completed in 7293 ms
2020-07-29 18:37:19.329 [restartedMain]  WARN  com.netflix.config.sources.URLConfigurationSource - No URLs will be polled as dynamic configuration sources.
2020-07-29 18:37:19.339 [restartedMain]  INFO  com.netflix.config.sources.URLConfigurationSource - To enable URLs as dynamic configuration sources, define System property archaius.configurationSource.additionalUrls or make config.properties available on classpath.
2020-07-29 18:37:19.339 [restartedMain]  WARN  com.netflix.config.sources.URLConfigurationSource - No URLs will be polled as dynamic configuration sources.
2020-07-29 18:37:19.339 [restartedMain]  INFO  com.netflix.config.sources.URLConfigurationSource - To enable URLs as dynamic configuration sources, define System property archaius.configurationSource.additionalUrls or make config.properties available on classpath.
2020-07-29 18:37:19.595 [restartedMain]  INFO  o.s.scheduling.concurrent.ThreadPoolTaskExecutor - Initializing ExecutorService 'applicationTaskExecutor'
2020-07-29 18:37:19.885 [restartedMain]  WARN  org.thymeleaf.templatemode.TemplateMode - [THYMELEAF][restartedMain] Template Mode 'HTML5' is deprecated. Using Template Mode 'HTML' instead.
2020-07-29 18:37:20.919 [restartedMain]  INFO  o.s.b.d.autoconfigure.OptionalLiveReloadServer - LiveReload server is running on port 35729
2020-07-29 18:37:21.446 [restartedMain]  INFO  org.apache.coyote.http11.Http11NioProtocol - Starting ProtocolHandler ["http-nio-8080"]
2020-07-29 18:37:21.486 [restartedMain]  INFO  o.s.boot.web.embedded.tomcat.TomcatWebServer - Tomcat started on port(s): 8080 (http) with context path ''
2020-07-29 18:37:21.721 [http-nio-8080-exec-1]  INFO  o.a.c.core.ContainerBase.[Tomcat].[localhost].[/] - Initializing Spring DispatcherServlet 'dispatcherServlet'
2020-07-29 18:37:21.722 [http-nio-8080-exec-1]  INFO  org.springframework.web.servlet.DispatcherServlet - Initializing Servlet 'dispatcherServlet'
2020-07-29 18:37:21.756 [http-nio-8080-exec-1]  INFO  org.springframework.web.servlet.DispatcherServlet - Completed initialization in 34 ms
2020-07-29 18:37:22.259 [restartedMain]  INFO  cn.oasys.web.OasysWebApplication - Started OasysWebApplication in 13.24 seconds (JVM running for 14.001)
2020-07-29 18:37:33.342 [http-nio-8080-exec-8]  INFO  com.zaxxer.hikari.HikariDataSource - HikariPool-1 - Starting...
2020-07-29 18:37:34.177 [http-nio-8080-exec-8]  INFO  com.zaxxer.hikari.HikariDataSource - HikariPool-1 - Start completed.
2020-07-29 20:54:02.839 [restartedMain]  INFO  o.s.b.d.env.DevToolsPropertyDefaultsPostProcessor - Devtools property defaults active! Set 'spring.devtools.add-properties' to 'false' to disable
2020-07-29 20:54:03.879 [restartedMain]  INFO  cn.oasys.web.OasysWebApplication - No active profile set, falling back to default profiles: default
2020-07-29 20:54:13.722 [restartedMain]  INFO  o.springframework.cloud.context.scope.GenericScope - BeanFactory id=8b954691-c2de-3838-af66-a70f2f5c903d
2020-07-29 20:54:24.581 [restartedMain]  INFO  o.s.boot.web.embedded.tomcat.TomcatWebServer - Tomcat initialized with port(s): 8080 (http)
2020-07-29 20:54:24.721 [restartedMain]  INFO  org.apache.coyote.http11.Http11NioProtocol - Initializing ProtocolHandler ["http-nio-8080"]
2020-07-29 20:54:24.721 [restartedMain]  INFO  org.apache.catalina.core.StandardService - Starting service [Tomcat]
2020-07-29 20:54:24.731 [restartedMain]  INFO  org.apache.catalina.core.StandardEngine - Starting Servlet engine: [Apache Tomcat/9.0.35]
2020-07-29 20:54:25.164 [restartedMain]  INFO  o.a.c.core.ContainerBase.[Tomcat].[localhost].[/] - Initializing Spring embedded WebApplicationContext
2020-07-29 20:54:25.164 [restartedMain]  INFO  org.springframework.web.context.ContextLoader - Root WebApplicationContext: initialization completed in 21265 ms
2020-07-29 20:54:28.996 [restartedMain]  WARN  com.netflix.config.sources.URLConfigurationSource - No URLs will be polled as dynamic configuration sources.
2020-07-29 20:54:28.996 [restartedMain]  INFO  com.netflix.config.sources.URLConfigurationSource - To enable URLs as dynamic configuration sources, define System property archaius.configurationSource.additionalUrls or make config.properties available on classpath.
2020-07-29 20:54:29.019 [restartedMain]  WARN  com.netflix.config.sources.URLConfigurationSource - No URLs will be polled as dynamic configuration sources.
2020-07-29 20:54:29.019 [restartedMain]  INFO  com.netflix.config.sources.URLConfigurationSource - To enable URLs as dynamic configuration sources, define System property archaius.configurationSource.additionalUrls or make config.properties available on classpath.
2020-07-29 20:54:29.309 [restartedMain]  INFO  o.s.scheduling.concurrent.ThreadPoolTaskExecutor - Initializing ExecutorService 'applicationTaskExecutor'
2020-07-29 20:54:29.638 [restartedMain]  WARN  org.thymeleaf.templatemode.TemplateMode - [THYMELEAF][restartedMain] Template Mode 'HTML5' is deprecated. Using Template Mode 'HTML' instead.
2020-07-29 20:54:30.752 [restartedMain]  INFO  o.s.b.d.autoconfigure.OptionalLiveReloadServer - LiveReload server is running on port 35729
2020-07-29 20:54:31.383 [restartedMain]  INFO  org.apache.coyote.http11.Http11NioProtocol - Starting ProtocolHandler ["http-nio-8080"]
2020-07-29 20:54:31.461 [restartedMain]  INFO  o.s.boot.web.embedded.tomcat.TomcatWebServer - Tomcat started on port(s): 8080 (http) with context path ''
2020-07-29 20:54:31.728 [http-nio-8080-exec-1]  INFO  o.a.c.core.ContainerBase.[Tomcat].[localhost].[/] - Initializing Spring DispatcherServlet 'dispatcherServlet'
2020-07-29 20:54:31.729 [http-nio-8080-exec-1]  INFO  org.springframework.web.servlet.DispatcherServlet - Initializing Servlet 'dispatcherServlet'
2020-07-29 20:54:31.746 [http-nio-8080-exec-1]  INFO  org.springframework.web.servlet.DispatcherServlet - Completed initialization in 16 ms
2020-07-29 20:54:32.071 [restartedMain]  INFO  cn.oasys.web.OasysWebApplication - Started OasysWebApplication in 31.346 seconds (JVM running for 32.775)
